[0.034s] Invoking command in '/workspaces/TransferStation/1_Projects/Current/Alliance-radar-dev/Radar_alliance_1.0/radar_remap_cpp/build/radar_remap_cpp': CMAKE_PREFIX_PATH=/opt/ros/humble /usr/bin/cmake /workspaces/TransferStation/1_Projects/Current/Alliance-radar-dev/Radar_alliance_1.0/radar_remap_cpp -DCMAKE_INSTALL_PREFIX=/workspaces/TransferStation/1_Projects/Current/Alliance-radar-dev/Radar_alliance_1.0/radar_remap_cpp/install/radar_remap_cpp
[0.102s] -- The C compiler identification is GNU 11.4.0
[0.163s] -- The CXX compiler identification is GNU 11.4.0
[0.171s] -- Detecting C compiler ABI info
[0.223s] -- Detecting C compiler ABI info - done
[0.229s] -- Check for working C compiler: /usr/bin/cc - skipped
[0.230s] -- Detecting C compile features
[0.230s] -- Detecting C compile features - done
[0.233s] -- Detecting CXX compiler ABI info
[0.292s] -- Detecting CXX compiler ABI info - done
[0.298s] -- Check for working CXX compiler: /usr/bin/c++ - skipped
[0.299s] -- Detecting CXX compile features
[0.299s] -- Detecting CXX compile features - done
[0.301s] -- Found ament_cmake: 1.3.6 (/opt/ros/humble/share/ament_cmake/cmake)
[0.561s] -- Found Python3: /usr/bin/python3.10 (found version "3.10.12") found components: Interpreter 
[0.633s] -- Found rclcpp: 16.0.7 (/opt/ros/humble/share/rclcpp/cmake)
[0.670s] -- Found rosidl_generator_c: 3.1.5 (/opt/ros/humble/share/rosidl_generator_c/cmake)
[0.674s] -- Found rosidl_adapter: 3.1.5 (/opt/ros/humble/share/rosidl_adapter/cmake)
[0.682s] -- Found rosidl_generator_cpp: 3.1.5 (/opt/ros/humble/share/rosidl_generator_cpp/cmake)
[0.695s] -- Using all available rosidl_typesupport_c: rosidl_typesupport_fastrtps_c;rosidl_typesupport_introspection_c
[0.713s] -- Using all available rosidl_typesupport_cpp: rosidl_typesupport_fastrtps_cpp;rosidl_typesupport_introspection_cpp
[0.777s] -- Found rmw_implementation_cmake: 6.1.1 (/opt/ros/humble/share/rmw_implementation_cmake/cmake)
[0.779s] -- Found rmw_fastrtps_cpp: 6.2.5 (/opt/ros/humble/share/rmw_fastrtps_cpp/cmake)
[0.854s] -- Found OpenSSL: /usr/lib/x86_64-linux-gnu/libcrypto.so (found version "3.0.2")  
[0.870s] -- Found FastRTPS: /opt/ros/humble/include  
[0.902s] -- Using RMW implementation 'rmw_fastrtps_cpp' as default
[0.911s] -- Looking for pthread.h
[0.966s] -- Looking for pthread.h - found
[0.966s] -- Performing Test CMAKE_HAVE_LIBC_PTHREAD
[1.019s] -- Performing Test CMAKE_HAVE_LIBC_PTHREAD - Success
[1.020s] -- Found Threads: TRUE  
[1.176s] -- Found OpenCV: /usr (found version "4.5.4") 
[1.177s] -- Found ament_lint_auto: 0.12.9 (/opt/ros/humble/share/ament_lint_auto/cmake)
[1.282s] -- Added test 'cppcheck' to perform static code analysis on C / C++ code
[1.283s] -- Configured cppcheck include dirs: 
[1.283s] -- Configured cppcheck exclude dirs and/or files: 
[1.288s] -- Added test 'flake8' to check Python code syntax and style conventions
[1.299s] -- Added test 'lint_cmake' to check CMake code style
[1.304s] -- Added test 'pep257' to check Python code against some of the docstring style conventions in PEP 257
[1.347s] -- Added test 'uncrustify' to check C / C++ code style
[1.347s] -- Configured uncrustify additional arguments: 
[1.352s] -- Added test 'xmllint' to check XML markup files
[1.355s] -- Configuring done
[1.365s] -- Generating done
[1.366s] -- Build files have been written to: /workspaces/TransferStation/1_Projects/Current/Alliance-radar-dev/Radar_alliance_1.0/radar_remap_cpp/build/radar_remap_cpp
[1.372s] Invoked command in '/workspaces/TransferStation/1_Projects/Current/Alliance-radar-dev/Radar_alliance_1.0/radar_remap_cpp/build/radar_remap_cpp' returned '0': CMAKE_PREFIX_PATH=/opt/ros/humble /usr/bin/cmake /workspaces/TransferStation/1_Projects/Current/Alliance-radar-dev/Radar_alliance_1.0/radar_remap_cpp -DCMAKE_INSTALL_PREFIX=/workspaces/TransferStation/1_Projects/Current/Alliance-radar-dev/Radar_alliance_1.0/radar_remap_cpp/install/radar_remap_cpp
[1.374s] Invoking command in '/workspaces/TransferStation/1_Projects/Current/Alliance-radar-dev/Radar_alliance_1.0/radar_remap_cpp/build/radar_remap_cpp': CMAKE_PREFIX_PATH=/opt/ros/humble /usr/bin/cmake --build /workspaces/TransferStation/1_Projects/Current/Alliance-radar-dev/Radar_alliance_1.0/radar_remap_cpp/build/radar_remap_cpp -- -j12 -l12
[1.406s] [ 50%] [32mBuilding CXX object CMakeFiles/points_subscriber.dir/src/points_subscriber.cpp.o[0m
[2.003s] gmake[2]: *** [CMakeFiles/points_subscriber.dir/build.make:76: CMakeFiles/points_subscriber.dir/src/points_subscriber.cpp.o] Interrupt
[2.003s] gmake[1]: *** [CMakeFiles/Makefile2:137: CMakeFiles/points_subscriber.dir/all] Interrupt
[2.003s] gmake: *** [Makefile:146: all] Interrupt
[2.007s] Invoked command in '/workspaces/TransferStation/1_Projects/Current/Alliance-radar-dev/Radar_alliance_1.0/radar_remap_cpp/build/radar_remap_cpp' returned '-2': CMAKE_PREFIX_PATH=/opt/ros/humble /usr/bin/cmake --build /workspaces/TransferStation/1_Projects/Current/Alliance-radar-dev/Radar_alliance_1.0/radar_remap_cpp/build/radar_remap_cpp -- -j12 -l12
