-- Found ament_cmake: 1.3.6 (/opt/ros/humble/share/ament_cmake/cmake)
-- Found rclcpp: 16.0.7 (/opt/ros/humble/share/rclcpp/cmake)
-- Found rosidl_generator_c: 3.1.5 (/opt/ros/humble/share/rosidl_generator_c/cmake)
-- Found rosidl_adapter: 3.1.5 (/opt/ros/humble/share/rosidl_adapter/cmake)
-- Found rosidl_generator_cpp: 3.1.5 (/opt/ros/humble/share/rosidl_generator_cpp/cmake)
-- Using all available rosidl_typesupport_c: rosidl_typesupport_fastrtps_c;rosidl_typesupport_introspection_c
-- Using all available rosidl_typesupport_cpp: rosidl_typesupport_fastrtps_cpp;rosidl_typesupport_introspection_cpp
-- Found rmw_implementation_cmake: 6.1.1 (/opt/ros/humble/share/rmw_implementation_cmake/cmake)
-- Found rmw_fastrtps_cpp: 6.2.5 (/opt/ros/humble/share/rmw_fastrtps_cpp/cmake)
-- Using RMW implementation 'rmw_fastrtps_cpp' as default
-- Found ament_lint_auto: 0.12.9 (/opt/ros/humble/share/ament_lint_auto/cmake)
-- Added test 'cppcheck' to perform static code analysis on C / C++ code
-- Configured cppcheck include dirs: 
-- Configured cppcheck exclude dirs and/or files: 
-- Added test 'flake8' to check Python code syntax and style conventions
-- Added test 'lint_cmake' to check CMake code style
-- Added test 'pep257' to check Python code against some of the docstring style conventions in PEP 257
-- Added test 'uncrustify' to check C / C++ code style
-- Configured uncrustify additional arguments: 
-- Added test 'xmllint' to check XML markup files
-- Configuring done
-- Generating done
-- Build files have been written to: /workspaces/DockerExample/Radar_alliance V1.0/radar_remap_cpp/build/radar_remap_cpp
[35m[1mConsolidate compiler generated dependencies of target points_subscriber[0m
[ 50%] [32mBuilding CXX object CMakeFiles/points_subscriber.dir/src/points_subscriber.cpp.o[0m
[01m[K/workspaces/DockerExample/Radar_alliance V1.0/radar_remap_cpp/src/points_subscriber.cpp:8:11:[m[K [01;31m[Kerror: [m[Kmissing terminating > character
    8 | #include <
      |           [01;31m[K^[m[K
[01m[K/workspaces/DockerExample/Radar_alliance V1.0/radar_remap_cpp/src/points_subscriber.cpp:8:10:[m[K [01;31m[Kerror: [m[Kempty filename in #include
    8 | #include [01;31m[K<[m[K
      |          [01;31m[K^[m[K
[01m[K/workspaces/DockerExample/Radar_alliance V1.0/radar_remap_cpp/src/points_subscriber.cpp:122:2:[m[K [01;31m[Kerror: [m[Kexpected â€˜[01m[K;[m[Kâ€™ after class definition
  122 | }
      |  [01;31m[K^[m[K
      |  [32m[K;[m[K
[01m[K/workspaces/DockerExample/Radar_alliance V1.0/radar_remap_cpp/src/points_subscriber.cpp:[m[K In member function â€˜[01m[Kvoid Points_subscriber::command_callback(std_msgs::msg::Float32MultiArray_<std::allocator<void> >::SharedPtr)[m[Kâ€™:
[01m[K/workspaces/DockerExample/Radar_alliance V1.0/radar_remap_cpp/src/points_subscriber.cpp:148:35:[m[K [01;35m[Kwarning: [m[Kcomparison of integer expressions of different signedness: â€˜[01m[Kint[m[Kâ€™ and â€˜[01m[Kstd::vector<float>::size_type[m[Kâ€™ {aka â€˜[01m[Klong unsigned int[m[Kâ€™} [[01;35m[K]8;;https://gcc.gnu.org/onlinedocs/gcc/Warning-Options.html#index-Wsign-compare-Wsign-compare]8;;[m[K]
  148 |                 for (int i = 0; [01;35m[Ki < msg->data.size() - 2[m[K; i += 3) {
      |                                 [01;35m[K~~^~~~~~~~~~~~~~~~~~~~~~[m[K
[01m[K/workspaces/DockerExample/Radar_alliance V1.0/radar_remap_cpp/src/points_subscriber.cpp:158:35:[m[K [01;35m[Kwarning: [m[Kcomparison of integer expressions of different signedness: â€˜[01m[Kint[m[Kâ€™ and â€˜[01m[Kstd::map<int, cv::Point_<float> >::size_type[m[Kâ€™ {aka â€˜[01m[Klong unsigned int[m[Kâ€™} [[01;35m[K]8;;https://gcc.gnu.org/onlinedocs/gcc/Warning-Options.html#index-Wsign-compare-Wsign-compare]8;;[m[K]
  158 |                 for (int i = 0; [01;35m[Ki < cars_position.size()[m[K; i++) {
      |                                 [01;35m[K~~^~~~~~~~~~~~~~~~~~~~~~[m[K
gmake[2]: *** [CMakeFiles/points_subscriber.dir/build.make:76: CMakeFiles/points_subscriber.dir/src/points_subscriber.cpp.o] Error 1
gmake[1]: *** [CMakeFiles/Makefile2:137: CMakeFiles/points_subscriber.dir/all] Error 2
gmake: *** [Makefile:146: all] Error 2
