[0.057s] Invoking command in '/workspaces/DockerExample/Radar_alliance V1.0/radar_remap_cpp/build/radar_remap_cpp': CMAKE_PREFIX_PATH=${CMAKE_PREFIX_PATH}:/workspaces/DockerExample/Radar_alliance V1.0/radar_yolov5_py/install/radar_yolov5_py:/opt/ros/humble /usr/bin/cmake --build /workspaces/DockerExample/Radar_alliance V1.0/radar_remap_cpp/build/radar_remap_cpp -- -j12 -l12
[0.079s] -- Found ament_cmake: 1.3.6 (/opt/ros/humble/share/ament_cmake/cmake)
[0.190s] -- Found rclcpp: 16.0.7 (/opt/ros/humble/share/rclcpp/cmake)
[0.213s] -- Found rosidl_generator_c: 3.1.5 (/opt/ros/humble/share/rosidl_generator_c/cmake)
[0.215s] -- Found rosidl_adapter: 3.1.5 (/opt/ros/humble/share/rosidl_adapter/cmake)
[0.221s] -- Found rosidl_generator_cpp: 3.1.5 (/opt/ros/humble/share/rosidl_generator_cpp/cmake)
[0.230s] -- Using all available rosidl_typesupport_c: rosidl_typesupport_fastrtps_c;rosidl_typesupport_introspection_c
[0.244s] -- Using all available rosidl_typesupport_cpp: rosidl_typesupport_fastrtps_cpp;rosidl_typesupport_introspection_cpp
[0.296s] -- Found rmw_implementation_cmake: 6.1.1 (/opt/ros/humble/share/rmw_implementation_cmake/cmake)
[0.297s] -- Found rmw_fastrtps_cpp: 6.2.5 (/opt/ros/humble/share/rmw_fastrtps_cpp/cmake)
[0.385s] -- Using RMW implementation 'rmw_fastrtps_cpp' as default
[0.538s] -- Found ament_lint_auto: 0.12.9 (/opt/ros/humble/share/ament_lint_auto/cmake)
[0.622s] -- Added test 'cppcheck' to perform static code analysis on C / C++ code
[0.622s] -- Configured cppcheck include dirs: 
[0.622s] -- Configured cppcheck exclude dirs and/or files: 
[0.626s] -- Added test 'flake8' to check Python code syntax and style conventions
[0.634s] -- Added test 'lint_cmake' to check CMake code style
[0.639s] -- Added test 'pep257' to check Python code against some of the docstring style conventions in PEP 257
[0.667s] -- Added test 'uncrustify' to check C / C++ code style
[0.667s] -- Configured uncrustify additional arguments: 
[0.670s] -- Added test 'xmllint' to check XML markup files
[0.673s] -- Configuring done
[0.683s] -- Generating done
[0.684s] -- Build files have been written to: /workspaces/DockerExample/Radar_alliance V1.0/radar_remap_cpp/build/radar_remap_cpp
[0.703s] [35m[1mConsolidate compiler generated dependencies of target points_subscriber[0m
[0.727s] [ 50%] [32mBuilding CXX object CMakeFiles/points_subscriber.dir/src/points_subscriber.cpp.o[0m
[1.002s] [01m[K/workspaces/DockerExample/Radar_alliance V1.0/radar_remap_cpp/src/points_subscriber.cpp:8:11:[m[K [01;31m[Kerror: [m[Kmissing terminating > character
[1.002s]     8 | #include <
[1.002s]       |           [01;31m[K^[m[K
[1.002s] [01m[K/workspaces/DockerExample/Radar_alliance V1.0/radar_remap_cpp/src/points_subscriber.cpp:8:10:[m[K [01;31m[Kerror: [m[Kempty filename in #include
[1.002s]     8 | #include [01;31m[K<[m[K
[1.002s]       |          [01;31m[K^[m[K
[3.116s] [01m[K/workspaces/DockerExample/Radar_alliance V1.0/radar_remap_cpp/src/points_subscriber.cpp:122:2:[m[K [01;31m[Kerror: [m[Kexpected â€˜[01m[K;[m[Kâ€™ after class definition
[3.116s]   122 | }
[3.116s]       |  [01;31m[K^[m[K
[3.117s]       |  [32m[K;[m[K
[3.161s] [01m[K/workspaces/DockerExample/Radar_alliance V1.0/radar_remap_cpp/src/points_subscriber.cpp:[m[K In member function â€˜[01m[Kvoid Points_subscriber::command_callback(std_msgs::msg::Float32MultiArray_<std::allocator<void> >::SharedPtr)[m[Kâ€™:
[3.162s] [01m[K/workspaces/DockerExample/Radar_alliance V1.0/radar_remap_cpp/src/points_subscriber.cpp:148:35:[m[K [01;35m[Kwarning: [m[Kcomparison of integer expressions of different signedness: â€˜[01m[Kint[m[Kâ€™ and â€˜[01m[Kstd::vector<float>::size_type[m[Kâ€™ {aka â€˜[01m[Klong unsigned int[m[Kâ€™} [[01;35m[K]8;;https://gcc.gnu.org/onlinedocs/gcc/Warning-Options.html#index-Wsign-compare-Wsign-compare]8;;[m[K]
[3.162s]   148 |                 for (int i = 0; [01;35m[Ki < msg->data.size() - 2[m[K; i += 3) {
[3.162s]       |                                 [01;35m[K~~^~~~~~~~~~~~~~~~~~~~~~[m[K
[3.162s] [01m[K/workspaces/DockerExample/Radar_alliance V1.0/radar_remap_cpp/src/points_subscriber.cpp:158:35:[m[K [01;35m[Kwarning: [m[Kcomparison of integer expressions of different signedness: â€˜[01m[Kint[m[Kâ€™ and â€˜[01m[Kstd::map<int, cv::Point_<float> >::size_type[m[Kâ€™ {aka â€˜[01m[Klong unsigned int[m[Kâ€™} [[01;35m[K]8;;https://gcc.gnu.org/onlinedocs/gcc/Warning-Options.html#index-Wsign-compare-Wsign-compare]8;;[m[K]
[3.162s]   158 |                 for (int i = 0; [01;35m[Ki < cars_position.size()[m[K; i++) {
[3.162s]       |                                 [01;35m[K~~^~~~~~~~~~~~~~~~~~~~~~[m[K
[5.377s] gmake[2]: *** [CMakeFiles/points_subscriber.dir/build.make:76: CMakeFiles/points_subscriber.dir/src/points_subscriber.cpp.o] Error 1
[5.377s] gmake[1]: *** [CMakeFiles/Makefile2:137: CMakeFiles/points_subscriber.dir/all] Error 2
[5.377s] gmake: *** [Makefile:146: all] Error 2
[5.378s] Invoked command in '/workspaces/DockerExample/Radar_alliance V1.0/radar_remap_cpp/build/radar_remap_cpp' returned '2': CMAKE_PREFIX_PATH=${CMAKE_PREFIX_PATH}:/workspaces/DockerExample/Radar_alliance V1.0/radar_yolov5_py/install/radar_yolov5_py:/opt/ros/humble /usr/bin/cmake --build /workspaces/DockerExample/Radar_alliance V1.0/radar_remap_cpp/build/radar_remap_cpp -- -j12 -l12
