[01m[K/workspaces/DockerExample/Radar_alliance V1.0/radar_remap_cpp/src/points_subscriber.cpp:[m[K In destructor â€˜[01m[KLogger::~Logger()[m[Kâ€™:
[01m[K/workspaces/DockerExample/Radar_alliance V1.0/radar_remap_cpp/src/points_subscriber.cpp:106:22:[m[K [01;31m[Kerror: [m[Kâ€˜[01m[KstrContent[m[Kâ€™ was not declared in this scope
  106 |         m_outfile << [01;31m[KstrContent[m[K;
      |                      [01;31m[K^~~~~~~~~~[m[K
[01m[K/workspaces/DockerExample/Radar_alliance V1.0/radar_remap_cpp/src/points_subscriber.cpp:[m[K In member function â€˜[01m[Kvoid Points_subscriber::command_callback(std_msgs::msg::Float32MultiArray_<std::allocator<void> >::SharedPtr)[m[Kâ€™:
[01m[K/workspaces/DockerExample/Radar_alliance V1.0/radar_remap_cpp/src/points_subscriber.cpp:241:13:[m[K [01;31m[Kerror: [m[Kâ€˜[01m[Klogger[m[Kâ€™ was not declared in this scope; did you mean â€˜[01m[KLogger[m[Kâ€™?
  241 |             [01;31m[Klogger[m[K(Logger::file,Logger::debug,"/workspaces/DockerExample/cpp.log");
      |             [01;31m[K^~~~~~[m[K
      |             [32m[KLogger[m[K
[01m[K/workspaces/DockerExample/Radar_alliance V1.0/radar_remap_cpp/src/points_subscriber.cpp:247:35:[m[K [01;35m[Kwarning: [m[Kcomparison of integer expressions of different signedness: â€˜[01m[Kint[m[Kâ€™ and â€˜[01m[Kstd::vector<float>::size_type[m[Kâ€™ {aka â€˜[01m[Klong unsigned int[m[Kâ€™} [[01;35m[K]8;;https://gcc.gnu.org/onlinedocs/gcc/Warning-Options.html#index-Wsign-compare-Wsign-compare]8;;[m[K]
  247 |                 for (int i = 0; [01;35m[Ki < msg->data.size() - 2[m[K; i += 3) {
      |                                 [01;35m[K~~^~~~~~~~~~~~~~~~~~~~~~[m[K
[01m[K/workspaces/DockerExample/Radar_alliance V1.0/radar_remap_cpp/src/points_subscriber.cpp:280:13:[m[K [01;31m[Kerror: [m[Kâ€˜[01m[Klogger[m[Kâ€™ was not declared in this scope; did you mean â€˜[01m[KLogger[m[Kâ€™?
  280 |             [01;31m[Klogger[m[K.ERRORS(errors);
      |             [01;31m[K^~~~~~[m[K
      |             [32m[KLogger[m[K
gmake[2]: *** [CMakeFiles/points_subscriber.dir/build.make:76: CMakeFiles/points_subscriber.dir/src/points_subscriber.cpp.o] Error 1
gmake[1]: *** [CMakeFiles/Makefile2:137: CMakeFiles/points_subscriber.dir/all] Error 2
gmake: *** [Makefile:146: all] Error 2
