[0.020s] Invoking command in '/workspaces/DockerExample/Radar_alliance V1.0/radar_remap_cpp/build/radar_remap_cpp': /usr/bin/cmake --build /workspaces/DockerExample/Radar_alliance V1.0/radar_remap_cpp/build/radar_remap_cpp -- -j12 -l12
[0.052s] [35m[1mConsolidate compiler generated dependencies of target points_subscriber[0m
[0.069s] [ 50%] [32mBuilding CXX object CMakeFiles/points_subscriber.dir/src/points_subscriber.cpp.o[0m
[2.509s] [01m[K/workspaces/DockerExample/Radar_alliance V1.0/radar_remap_cpp/src/points_subscriber.cpp:[m[K In destructor â€˜[01m[KLogger::~Logger()[m[Kâ€™:
[2.509s] [01m[K/workspaces/DockerExample/Radar_alliance V1.0/radar_remap_cpp/src/points_subscriber.cpp:106:22:[m[K [01;31m[Kerror: [m[Kâ€˜[01m[KstrContent[m[Kâ€™ was not declared in this scope
[2.509s]   106 |         m_outfile << [01;31m[KstrContent[m[K;
[2.509s]       |                      [01;31m[K^~~~~~~~~~[m[K
[2.565s] [01m[K/workspaces/DockerExample/Radar_alliance V1.0/radar_remap_cpp/src/points_subscriber.cpp:[m[K In member function â€˜[01m[Kvoid Points_subscriber::command_callback(std_msgs::msg::Float32MultiArray_<std::allocator<void> >::SharedPtr)[m[Kâ€™:
[2.565s] [01m[K/workspaces/DockerExample/Radar_alliance V1.0/radar_remap_cpp/src/points_subscriber.cpp:241:13:[m[K [01;31m[Kerror: [m[Kâ€˜[01m[Klogger[m[Kâ€™ was not declared in this scope; did you mean â€˜[01m[KLogger[m[Kâ€™?
[2.565s]   241 |             [01;31m[Klogger[m[K(Logger::file,Logger::debug,"/workspaces/DockerExample/cpp.log");
[2.565s]       |             [01;31m[K^~~~~~[m[K
[2.565s]       |             [32m[KLogger[m[K
[2.565s] [01m[K/workspaces/DockerExample/Radar_alliance V1.0/radar_remap_cpp/src/points_subscriber.cpp:247:35:[m[K [01;35m[Kwarning: [m[Kcomparison of integer expressions of different signedness: â€˜[01m[Kint[m[Kâ€™ and â€˜[01m[Kstd::vector<float>::size_type[m[Kâ€™ {aka â€˜[01m[Klong unsigned int[m[Kâ€™} [[01;35m[K]8;;https://gcc.gnu.org/onlinedocs/gcc/Warning-Options.html#index-Wsign-compare-Wsign-compare]8;;[m[K]
[2.566s]   247 |                 for (int i = 0; [01;35m[Ki < msg->data.size() - 2[m[K; i += 3) {
[2.566s]       |                                 [01;35m[K~~^~~~~~~~~~~~~~~~~~~~~~[m[K
[2.571s] [01m[K/workspaces/DockerExample/Radar_alliance V1.0/radar_remap_cpp/src/points_subscriber.cpp:280:13:[m[K [01;31m[Kerror: [m[Kâ€˜[01m[Klogger[m[Kâ€™ was not declared in this scope; did you mean â€˜[01m[KLogger[m[Kâ€™?
[2.571s]   280 |             [01;31m[Klogger[m[K.ERRORS(errors);
[2.571s]       |             [01;31m[K^~~~~~[m[K
[2.571s]       |             [32m[KLogger[m[K
[4.858s] gmake[2]: *** [CMakeFiles/points_subscriber.dir/build.make:76: CMakeFiles/points_subscriber.dir/src/points_subscriber.cpp.o] Error 1
[4.858s] gmake[1]: *** [CMakeFiles/Makefile2:137: CMakeFiles/points_subscriber.dir/all] Error 2
[4.859s] gmake: *** [Makefile:146: all] Error 2
[4.860s] Invoked command in '/workspaces/DockerExample/Radar_alliance V1.0/radar_remap_cpp/build/radar_remap_cpp' returned '2': /usr/bin/cmake --build /workspaces/DockerExample/Radar_alliance V1.0/radar_remap_cpp/build/radar_remap_cpp -- -j12 -l12
