[0.017s] Invoking command in '/workspaces/DockerExample/Radar_alliance V1.0/radar_remap_cpp/build/radar_remap_cpp': /usr/bin/cmake --build /workspaces/DockerExample/Radar_alliance V1.0/radar_remap_cpp/build/radar_remap_cpp -- -j12 -l12
[0.049s] [35m[1mConsolidate compiler generated dependencies of target points_subscriber[0m
[0.066s] [ 50%] [32mBuilding CXX object CMakeFiles/points_subscriber.dir/src/points_subscriber.cpp.o[0m
[2.520s] [01m[K/workspaces/DockerExample/Radar_alliance V1.0/radar_remap_cpp/src/points_subscriber.cpp:[m[K In destructor â€˜[01m[KLogger::~Logger()[m[Kâ€™:
[2.521s] [01m[K/workspaces/DockerExample/Radar_alliance V1.0/radar_remap_cpp/src/points_subscriber.cpp:106:22:[m[K [01;31m[Kerror: [m[Kâ€˜[01m[KstrContent[m[Kâ€™ was not declared in this scope
[2.521s]   106 |         m_outfile << [01;31m[KstrContent[m[K;
[2.521s]       |                      [01;31m[K^~~~~~~~~~[m[K
[2.521s] [01m[K/workspaces/DockerExample/Radar_alliance V1.0/radar_remap_cpp/src/points_subscriber.cpp:[m[K At global scope:
[2.521s] [01m[K/workspaces/DockerExample/Radar_alliance V1.0/radar_remap_cpp/src/points_subscriber.cpp:111:6:[m[K [01;31m[Kerror: [m[Kno declaration matches â€˜[01m[Kvoid Logger::Delete()[m[Kâ€™
[2.521s]   111 | void [01;31m[KLogger[m[K::Delete()
[2.521s]       |      [01;31m[K^~~~~~[m[K
[2.521s] [01m[K/workspaces/DockerExample/Radar_alliance V1.0/radar_remap_cpp/src/points_subscriber.cpp:111:6:[m[K [01;36m[Knote: [m[Kno functions named â€˜[01m[Kvoid Logger::Delete()[m[Kâ€™
[2.521s] [01m[K/workspaces/DockerExample/Radar_alliance V1.0/radar_remap_cpp/src/points_subscriber.cpp:47:7:[m[K [01;36m[Knote: [m[Kâ€˜[01m[Kclass Logger[m[Kâ€™ defined here
[2.521s]    47 | class [01;36m[KLogger[m[K
[2.521s]       |       [01;36m[K^~~~~~[m[K
[2.527s] [01m[K/workspaces/DockerExample/Radar_alliance V1.0/radar_remap_cpp/src/points_subscriber.cpp:[m[K In function â€˜[01m[Kvoid remap(std::map<int, cv::Point_<float> >, Logger)[m[Kâ€™:
[2.527s] [01m[K/workspaces/DockerExample/Radar_alliance V1.0/radar_remap_cpp/src/points_subscriber.cpp:226:33:[m[K [01;31m[Kerror: [m[Kinvalid operands of types â€˜[01m[Kconst char [8][m[Kâ€™ and â€˜[01m[Kconst char*[m[Kâ€™ to binary â€˜[01m[Koperator+[m[Kâ€™
[2.527s]   226 |         logger.ERRORS([32m[K"[ERROR]"[m[K [01;31m[K+[m[K [34m[Ke.what()[m[K);
[2.527s]       |                       [32m[K~~~~~~~~~[m[K [01;31m[K^[m[K [34m[K~~~~~~~~[m[K
[2.527s]       |                       [32m[K|[m[K                 [34m[K|[m[K
[2.527s]       |                       [32m[Kconst char [8][m[K    [34m[Kconst char*[m[K
[2.572s] [01m[K/workspaces/DockerExample/Radar_alliance V1.0/radar_remap_cpp/src/points_subscriber.cpp:[m[K In member function â€˜[01m[Kvoid Points_subscriber::command_callback(std_msgs::msg::Float32MultiArray_<std::allocator<void> >::SharedPtr)[m[Kâ€™:
[2.572s] [01m[K/workspaces/DockerExample/Radar_alliance V1.0/radar_remap_cpp/src/points_subscriber.cpp:254:35:[m[K [01;35m[Kwarning: [m[Kcomparison of integer expressions of different signedness: â€˜[01m[Kint[m[Kâ€™ and â€˜[01m[Kstd::vector<float>::size_type[m[Kâ€™ {aka â€˜[01m[Klong unsigned int[m[Kâ€™} [[01;35m[K]8;;https://gcc.gnu.org/onlinedocs/gcc/Warning-Options.html#index-Wsign-compare-Wsign-compare]8;;[m[K]
[2.572s]   254 |                 for (int i = 0; [01;35m[Ki < msg->data.size() - 2[m[K; i += 3) {
[2.572s]       |                                 [01;35m[K~~^~~~~~~~~~~~~~~~~~~~~~[m[K
[2.573s] [01m[K/workspaces/DockerExample/Radar_alliance V1.0/radar_remap_cpp/src/points_subscriber.cpp:282:22:[m[K [01;31m[Kerror: [m[Kuse of deleted function â€˜[01m[KLogger::Logger(const Logger&)[m[Kâ€™
[2.573s]   282 |                 [01;31m[Kremap(cars_position,logger)[m[K;
[2.573s]       |                 [01;31m[K~~~~~^~~~~~~~~~~~~~~~~~~~~~[m[K
[2.573s] [01m[K/workspaces/DockerExample/Radar_alliance V1.0/radar_remap_cpp/src/points_subscriber.cpp:47:7:[m[K [01;36m[Knote: [m[Kâ€˜[01m[KLogger::Logger(const Logger&)[m[Kâ€™ is implicitly deleted because the default definition would be ill-formed:
[2.573s]    47 | class [01;36m[KLogger[m[K
[2.573s]       |       [01;36m[K^~~~~~[m[K
[2.573s] [01m[K/workspaces/DockerExample/Radar_alliance V1.0/radar_remap_cpp/src/points_subscriber.cpp:47:7:[m[K [01;31m[Kerror: [m[Kuse of deleted function â€˜[01m[Kstd::basic_ofstream<_CharT, _Traits>::basic_ofstream(const std::basic_ofstream<_CharT, _Traits>&) [with _CharT = char; _Traits = std::char_traits<char>][m[Kâ€™
[2.574s] In file included from [01m[K/workspaces/DockerExample/Radar_alliance V1.0/radar_remap_cpp/src/points_subscriber.cpp:9[m[K:
[2.574s] [01m[K/usr/include/c++/11/fstream:853:7:[m[K [01;36m[Knote: [m[Kdeclared here
[2.574s]   853 |       [01;36m[Kbasic_ofstream[m[K(const basic_ofstream&) = delete;
[2.574s]       |       [01;36m[K^~~~~~~~~~~~~~[m[K
[2.574s] [01m[K/workspaces/DockerExample/Radar_alliance V1.0/radar_remap_cpp/src/points_subscriber.cpp:162:60:[m[K [01;36m[Knote: [m[K  initializing argument 2 of â€˜[01m[Kvoid remap(std::map<int, cv::Point_<float> >, Logger)[m[Kâ€™
[2.574s]   162 | d remap(std::map<int, cv::Point2f> cars_position,[01;36m[KLogger logger[m[K)
[2.574s]       |                                                  [01;36m[K~~~~~~~^~~~~~[m[K
[2.574s] 
[2.578s] [01m[K/workspaces/DockerExample/Radar_alliance V1.0/radar_remap_cpp/src/points_subscriber.cpp:285:13:[m[K [01;31m[Kerror: [m[Kâ€˜[01m[Klogger[m[Kâ€™ was not declared in this scope; did you mean â€˜[01m[KLogger[m[Kâ€™?
[2.578s]   285 |             [01;31m[Klogger[m[K.ERRORS("[ERROR]" + e.what());
[2.578s]       |             [01;31m[K^~~~~~[m[K
[2.578s]       |             [32m[KLogger[m[K
[2.578s] [01m[K/workspaces/DockerExample/Radar_alliance V1.0/radar_remap_cpp/src/points_subscriber.cpp:285:37:[m[K [01;31m[Kerror: [m[Kinvalid operands of types â€˜[01m[Kconst char [8][m[Kâ€™ and â€˜[01m[Kconst char*[m[Kâ€™ to binary â€˜[01m[Koperator+[m[Kâ€™
[2.578s]   285 |             logger.ERRORS([32m[K"[ERROR]"[m[K [01;31m[K+[m[K [34m[Ke.what()[m[K);
[2.578s]       |                           [32m[K~~~~~~~~~[m[K [01;31m[K^[m[K [34m[K~~~~~~~~[m[K
[2.578s]       |                           [32m[K|[m[K                 [34m[K|[m[K
[2.579s]       |                           [32m[Kconst char [8][m[K    [34m[Kconst char*[m[K
[2.579s] [01m[K/workspaces/DockerExample/Radar_alliance V1.0/radar_remap_cpp/src/points_subscriber.cpp:[m[K In function â€˜[01m[Kint main(int, char**)[m[Kâ€™:
[2.579s] [01m[K/workspaces/DockerExample/Radar_alliance V1.0/radar_remap_cpp/src/points_subscriber.cpp:321:33:[m[K [01;31m[Kerror: [m[Kinvalid operands of types â€˜[01m[Kconst char [8][m[Kâ€™ and â€˜[01m[Kconst char*[m[Kâ€™ to binary â€˜[01m[Koperator+[m[Kâ€™
[2.580s]   321 |         logger.ERRORS([32m[K"[ERROR]"[m[K [01;31m[K+[m[K [34m[Ke.what()[m[K);
[2.580s]       |                       [32m[K~~~~~~~~~[m[K [01;31m[K^[m[K [34m[K~~~~~~~~[m[K
[2.580s]       |                       [32m[K|[m[K                 [34m[K|[m[K
[2.580s]       |                       [32m[Kconst char [8][m[K    [34m[Kconst char*[m[K
[2.580s] [01m[K/workspaces/DockerExample/Radar_alliance V1.0/radar_remap_cpp/src/points_subscriber.cpp:335:12:[m[K [01;31m[Kerror: [m[Kâ€˜[01m[Kclass Logger[m[Kâ€™ has no member named â€˜[01m[KDelete[m[Kâ€™
[2.580s]   335 |     logger.[01;31m[KDelete[m[K();
[2.580s]       |            [01;31m[K^~~~~~[m[K
[4.859s] gmake[2]: *** [CMakeFiles/points_subscriber.dir/build.make:76: CMakeFiles/points_subscriber.dir/src/points_subscriber.cpp.o] Error 1
[4.859s] gmake[1]: *** [CMakeFiles/Makefile2:137: CMakeFiles/points_subscriber.dir/all] Error 2
[4.859s] gmake: *** [Makefile:146: all] Error 2
[4.860s] Invoked command in '/workspaces/DockerExample/Radar_alliance V1.0/radar_remap_cpp/build/radar_remap_cpp' returned '2': /usr/bin/cmake --build /workspaces/DockerExample/Radar_alliance V1.0/radar_remap_cpp/build/radar_remap_cpp -- -j12 -l12
