[0.021s] Invoking command in '/workspaces/DockerExample/Radar_alliance V1.0/radar_remap_cpp/build/radar_remap_cpp': /usr/bin/cmake --build /workspaces/DockerExample/Radar_alliance V1.0/radar_remap_cpp/build/radar_remap_cpp -- -j12 -l12
[0.052s] [35m[1mConsolidate compiler generated dependencies of target points_subscriber[0m
[0.068s] [ 50%] [32mBuilding CXX object CMakeFiles/points_subscriber.dir/src/points_subscriber.cpp.o[0m
[2.535s] [01m[K/workspaces/DockerExample/Radar_alliance V1.0/radar_remap_cpp/src/points_subscriber.cpp:[m[K In destructor â€˜[01m[KLogger::~Logger()[m[Kâ€™:
[2.535s] [01m[K/workspaces/DockerExample/Radar_alliance V1.0/radar_remap_cpp/src/points_subscriber.cpp:106:22:[m[K [01;31m[Kerror: [m[Kâ€˜[01m[KstrContent[m[Kâ€™ was not declared in this scope
[2.536s]   106 |         m_outfile << [01;31m[KstrContent[m[K;
[2.536s]       |                      [01;31m[K^~~~~~~~~~[m[K
[2.586s] [01m[K/workspaces/DockerExample/Radar_alliance V1.0/radar_remap_cpp/src/points_subscriber.cpp:[m[K In member function â€˜[01m[Kvoid Points_subscriber::command_callback(std_msgs::msg::Float32MultiArray_<std::allocator<void> >::SharedPtr)[m[Kâ€™:
[2.586s] [01m[K/workspaces/DockerExample/Radar_alliance V1.0/radar_remap_cpp/src/points_subscriber.cpp:242:19:[m[K [01;31m[Kerror: [m[Kno match for call to â€˜[01m[K(Logger) (Logger::log_target, Logger::log_level, const char [34])[m[Kâ€™
[2.587s]   242 |             [01;31m[Klogger(Logger::file,Logger::debug,"/workspaces/DockerExample/cpp.log")[m[K;
[2.587s]       |             [01;31m[K~~~~~~^~~~~~~~~~~~~~~~~~~~~~~~~~~~~~~~~~~~~~~~~~~~~~~~~~~~~~~~~~~~~~~~[m[K
[2.587s] [01m[K/workspaces/DockerExample/Radar_alliance V1.0/radar_remap_cpp/src/points_subscriber.cpp:248:35:[m[K [01;35m[Kwarning: [m[Kcomparison of integer expressions of different signedness: â€˜[01m[Kint[m[Kâ€™ and â€˜[01m[Kstd::vector<float>::size_type[m[Kâ€™ {aka â€˜[01m[Klong unsigned int[m[Kâ€™} [[01;35m[K]8;;https://gcc.gnu.org/onlinedocs/gcc/Warning-Options.html#index-Wsign-compare-Wsign-compare]8;;[m[K]
[2.587s]   248 |                 for (int i = 0; [01;35m[Ki < msg->data.size() - 2[m[K; i += 3) {
[2.587s]       |                                 [01;35m[K~~^~~~~~~~~~~~~~~~~~~~~~[m[K
[2.588s] [01m[K/workspaces/DockerExample/Radar_alliance V1.0/radar_remap_cpp/src/points_subscriber.cpp:276:22:[m[K [01;31m[Kerror: [m[Kuse of deleted function â€˜[01m[KLogger::Logger(const Logger&)[m[Kâ€™
[2.588s]   276 |                 [01;31m[Kremap(cars_position,logger)[m[K;
[2.588s]       |                 [01;31m[K~~~~~^~~~~~~~~~~~~~~~~~~~~~[m[K
[2.588s] [01m[K/workspaces/DockerExample/Radar_alliance V1.0/radar_remap_cpp/src/points_subscriber.cpp:47:7:[m[K [01;36m[Knote: [m[Kâ€˜[01m[KLogger::Logger(const Logger&)[m[Kâ€™ is implicitly deleted because the default definition would be ill-formed:
[2.588s]    47 | class [01;36m[KLogger[m[K
[2.588s]       |       [01;36m[K^~~~~~[m[K
[2.588s] [01m[K/workspaces/DockerExample/Radar_alliance V1.0/radar_remap_cpp/src/points_subscriber.cpp:47:7:[m[K [01;31m[Kerror: [m[Kuse of deleted function â€˜[01m[Kstd::basic_ofstream<_CharT, _Traits>::basic_ofstream(const std::basic_ofstream<_CharT, _Traits>&) [with _CharT = char; _Traits = std::char_traits<char>][m[Kâ€™
[2.588s] In file included from [01m[K/workspaces/DockerExample/Radar_alliance V1.0/radar_remap_cpp/src/points_subscriber.cpp:9[m[K:
[2.589s] [01m[K/usr/include/c++/11/fstream:853:7:[m[K [01;36m[Knote: [m[Kdeclared here
[2.589s]   853 |       [01;36m[Kbasic_ofstream[m[K(const basic_ofstream&) = delete;
[2.589s]       |       [01;36m[K^~~~~~~~~~~~~~[m[K
[2.589s] [01m[K/workspaces/DockerExample/Radar_alliance V1.0/radar_remap_cpp/src/points_subscriber.cpp:154:60:[m[K [01;36m[Knote: [m[K  initializing argument 2 of â€˜[01m[Kvoid remap(std::map<int, cv::Point_<float> >, Logger)[m[Kâ€™
[2.589s]   154 | d remap(std::map<int, cv::Point2f> cars_position,[01;36m[KLogger logger[m[K)
[2.589s]       |                                                  [01;36m[K~~~~~~~^~~~~~[m[K
[2.589s] 
[4.872s] gmake[2]: *** [CMakeFiles/points_subscriber.dir/build.make:76: CMakeFiles/points_subscriber.dir/src/points_subscriber.cpp.o] Error 1
[4.872s] gmake[1]: *** [CMakeFiles/Makefile2:137: CMakeFiles/points_subscriber.dir/all] Error 2
[4.872s] gmake: *** [Makefile:146: all] Error 2
[4.874s] Invoked command in '/workspaces/DockerExample/Radar_alliance V1.0/radar_remap_cpp/build/radar_remap_cpp' returned '2': /usr/bin/cmake --build /workspaces/DockerExample/Radar_alliance V1.0/radar_remap_cpp/build/radar_remap_cpp -- -j12 -l12
