[0.060s] Invoking command in '/workspaces/TransferStation/1_Projects/Current/DockerExample/Radar_alliance V1.0/radar_remap_cpp/build/radar_remap_cpp': CMAKE_PREFIX_PATH=${CMAKE_PREFIX_PATH}:/workspaces/TransferStation/1_Projects/Current/DockerExample/Radar_alliance V1.0/radar_yolov5_py/install/radar_yolov5_py:/opt/ros/humble /usr/bin/cmake --build /workspaces/TransferStation/1_Projects/Current/DockerExample/Radar_alliance V1.0/radar_remap_cpp/build/radar_remap_cpp -- -j12 -l12
[0.073s] [0mCMake Error: The current CMakeCache.txt directory /workspaces/TransferStation/1_Projects/Current/DockerExample/Radar_alliance V1.0/radar_remap_cpp/build/radar_remap_cpp/CMakeCache.txt is different than the directory /workspaces/DockerExample/Radar_alliance V1.0/radar_remap_cpp/build/radar_remap_cpp where CMakeCache.txt was created. This may result in binaries being created in the wrong place. If you are not sure, reedit the CMakeCache.txt[0m
[0.106s] /bin/sh: 1: cd: can't cd to /workspaces/DockerExample/Radar_alliance V1.0/radar_remap_cpp/build/radar_remap_cpp
[0.106s] gmake[2]: *** [CMakeFiles/points_subscriber.dir/build.make:224: CMakeFiles/points_subscriber.dir/depend] Error 2
[0.106s] gmake[1]: *** [CMakeFiles/Makefile2:136: CMakeFiles/points_subscriber.dir/all] Error 2
[0.106s] gmake: *** [Makefile:146: all] Error 2
[0.107s] Invoked command in '/workspaces/TransferStation/1_Projects/Current/DockerExample/Radar_alliance V1.0/radar_remap_cpp/build/radar_remap_cpp' returned '2': CMAKE_PREFIX_PATH=${CMAKE_PREFIX_PATH}:/workspaces/TransferStation/1_Projects/Current/DockerExample/Radar_alliance V1.0/radar_yolov5_py/install/radar_yolov5_py:/opt/ros/humble /usr/bin/cmake --build /workspaces/TransferStation/1_Projects/Current/DockerExample/Radar_alliance V1.0/radar_remap_cpp/build/radar_remap_cpp -- -j12 -l12
