[35m[1mConsolidate compiler generated dependencies of target points_subscriber[0m
[ 50%] [32mBuilding CXX object CMakeFiles/points_subscriber.dir/src/points_subscriber.cpp.o[0m
[01m[K/workspaces/DockerExample/Radar_alliance V1.0/radar_remap_cpp/src/points_subscriber.cpp:121:2:[m[K [01;31m[Kerror: [m[Kexpected â€˜[01m[K;[m[Kâ€™ after class definition
  121 | }
      |  [01;31m[K^[m[K
      |  [32m[K;[m[K
[01m[K/workspaces/DockerExample/Radar_alliance V1.0/radar_remap_cpp/src/points_subscriber.cpp:[m[K In member function â€˜[01m[Kvoid Points_subscriber::command_callback(std_msgs::msg::Float32MultiArray_<std::allocator<void> >::SharedPtr)[m[Kâ€™:
[01m[K/workspaces/DockerExample/Radar_alliance V1.0/radar_remap_cpp/src/points_subscriber.cpp:147:35:[m[K [01;35m[Kwarning: [m[Kcomparison of integer expressions of different signedness: â€˜[01m[Kint[m[Kâ€™ and â€˜[01m[Kstd::vector<float>::size_type[m[Kâ€™ {aka â€˜[01m[Klong unsigned int[m[Kâ€™} [[01;35m[K]8;;https://gcc.gnu.org/onlinedocs/gcc/Warning-Options.html#index-Wsign-compare-Wsign-compare]8;;[m[K]
  147 |                 for (int i = 0; [01;35m[Ki < msg->data.size() - 2[m[K; i += 3) {
      |                                 [01;35m[K~~^~~~~~~~~~~~~~~~~~~~~~[m[K
[01m[K/workspaces/DockerExample/Radar_alliance V1.0/radar_remap_cpp/src/points_subscriber.cpp:157:35:[m[K [01;35m[Kwarning: [m[Kcomparison of integer expressions of different signedness: â€˜[01m[Kint[m[Kâ€™ and â€˜[01m[Kstd::map<int, cv::Point_<float> >::size_type[m[Kâ€™ {aka â€˜[01m[Klong unsigned int[m[Kâ€™} [[01;35m[K]8;;https://gcc.gnu.org/onlinedocs/gcc/Warning-Options.html#index-Wsign-compare-Wsign-compare]8;;[m[K]
  157 |                 for (int i = 0; [01;35m[Ki < cars_position.size()[m[K; i++) {
      |                                 [01;35m[K~~^~~~~~~~~~~~~~~~~~~~~~[m[K
gmake[2]: *** [CMakeFiles/points_subscriber.dir/build.make:76: CMakeFiles/points_subscriber.dir/src/points_subscriber.cpp.o] Error 1
gmake[1]: *** [CMakeFiles/Makefile2:137: CMakeFiles/points_subscriber.dir/all] Error 2
gmake: *** [Makefile:146: all] Error 2
