[35m[1mConsolidate compiler generated dependencies of target car_detect[0m
[ 50%] [32mBuilding CXX object CMakeFiles/car_detect.dir/src/Yolov5.cpp.o[0m
[01m[K/workspaces/TransferStation/1_Projects/Current/Alliance-radar-dev/car_detect/src/Yolov5.cpp:[m[K In function â€˜[01m[Kint main(int, char**)[m[Kâ€™:
[01m[K/workspaces/TransferStation/1_Projects/Current/Alliance-radar-dev/car_detect/src/Yolov5.cpp:161:15:[m[K [01;31m[Kerror: [m[Kâ€˜[01m[Krclcpp::Publisher<std_msgs::msg::Float32MultiArray_<std::allocator<void> > >::SharedPtr Points_publisher::publisher_[m[Kâ€™ is private within this context
  161 |         node->[01;31m[Kpublisher_[m[K->publish(message);
      |               [01;31m[K^~~~~~~~~~[m[K
[01m[K/workspaces/TransferStation/1_Projects/Current/Alliance-radar-dev/car_detect/src/Yolov5.cpp:146:72:[m[K [01;36m[Knote: [m[Kdeclared private here
  146 |         rclcpp::Publisher<std_msgs::msg::Float32MultiArray>::SharedPtr [01;36m[Kpublisher_[m[K;
      |                                                                        [01;36m[K^~~~~~~~~~[m[K
gmake[2]: *** [CMakeFiles/car_detect.dir/build.make:76: CMakeFiles/car_detect.dir/src/Yolov5.cpp.o] Error 1
gmake[1]: *** [CMakeFiles/Makefile2:137: CMakeFiles/car_detect.dir/all] Error 2
gmake: *** [Makefile:146: all] Error 2
