[0.022s] Invoking command in '/workspaces/TransferStation/1_Projects/Current/Alliance-radar-dev/car_detect/build/car_detect': /usr/bin/cmake --build /workspaces/TransferStation/1_Projects/Current/Alliance-radar-dev/car_detect/build/car_detect -- -j16 -l16
[0.070s] [35m[1mConsolidate compiler generated dependencies of target car_detect[0m
[0.096s] [ 50%] [32mBuilding CXX object CMakeFiles/car_detect.dir/src/Yolov5.cpp.o[0m
[2.330s] [01m[K/workspaces/TransferStation/1_Projects/Current/Alliance-radar-dev/car_detect/src/Yolov5.cpp:[m[K In function â€˜[01m[Kint main(int, char**)[m[Kâ€™:
[2.330s] [01m[K/workspaces/TransferStation/1_Projects/Current/Alliance-radar-dev/car_detect/src/Yolov5.cpp:161:14:[m[K [01;31m[Kerror: [m[Kâ€˜[01m[Kclass std::shared_ptr<Points_publisher>[m[Kâ€™ has no member named â€˜[01m[Kcommand_publisher_[m[Kâ€™
[2.330s]   161 |         node.[01;31m[Kcommand_publisher_[m[K->publish(message);
[2.330s]       |              [01;31m[K^~~~~~~~~~~~~~~~~~[m[K
[3.082s] gmake[2]: *** [CMakeFiles/car_detect.dir/build.make:76: CMakeFiles/car_detect.dir/src/Yolov5.cpp.o] Error 1
[3.082s] gmake[1]: *** [CMakeFiles/Makefile2:137: CMakeFiles/car_detect.dir/all] Error 2
[3.083s] gmake: *** [Makefile:146: all] Error 2
[3.085s] Invoked command in '/workspaces/TransferStation/1_Projects/Current/Alliance-radar-dev/car_detect/build/car_detect' returned '2': /usr/bin/cmake --build /workspaces/TransferStation/1_Projects/Current/Alliance-radar-dev/car_detect/build/car_detect -- -j16 -l16
