[0.039s] Invoking command in '/workspaces/TransferStation/1_Projects/Current/Alliance-radar-dev/Radar_alliance_1.0/radar_remap_cpp/build/radar_remap_cpp': CMAKE_PREFIX_PATH=/opt/ros/humble /usr/bin/cmake --build /workspaces/TransferStation/1_Projects/Current/Alliance-radar-dev/Radar_alliance_1.0/radar_remap_cpp/build/radar_remap_cpp -- -j12 -l12
[0.074s] [ 50%] [32mBuilding CXX object CMakeFiles/points_subscriber.dir/src/points_subscriber.cpp.o[0m
[2.448s] [01m[K/workspaces/TransferStation/1_Projects/Current/Alliance-radar-dev/Radar_alliance_1.0/radar_remap_cpp/src/points_subscriber.cpp:[m[K In function â€˜[01m[Kvoid display(std::map<int, cv::Point_<float> >)[m[Kâ€™:
[2.448s] [01m[K/workspaces/TransferStation/1_Projects/Current/Alliance-radar-dev/Radar_alliance_1.0/radar_remap_cpp/src/points_subscriber.cpp:251:32:[m[K [01;31m[Kerror: [m[Kcould not convert â€˜[01m[Kimage_point[m[Kâ€™ from â€˜[01m[Kcv::Mat_<float>[m[Kâ€™ to â€˜[01m[Kcv::Point[m[Kâ€™ {aka â€˜[01m[Kcv::Point_<int>[m[Kâ€™}
[2.448s]   251 |             circle(temp_image, [01;31m[Kimage_point[m[K, 20, Scalar(255, 0, 0), -1);
[2.449s]       |                                [01;31m[K^~~~~~~~~~~[m[K
[2.449s]       |                                [01;31m[K|[m[K
[2.449s]       |                                [01;31m[Kcv::Mat_<float>[m[K
[2.452s] [01m[K/workspaces/TransferStation/1_Projects/Current/Alliance-radar-dev/Radar_alliance_1.0/radar_remap_cpp/src/points_subscriber.cpp:252:55:[m[K [01;31m[Kerror: [m[Kâ€˜[01m[K_cars_position[m[Kâ€™ was not declared in this scope; did you mean â€˜[01m[Kcars_position[m[Kâ€™?
[2.452s]   252 |             putText(temp_image, armor_names[i], Point([01;31m[K_cars_position[m[K[i].x - 16, cars_position[i].x + 14), 1, 3, Scalar(255, 255, 255), 4);
[2.452s]       |                                                       [01;31m[K^~~~~~~~~~~~~~[m[K
[2.452s]       |                                                       [32m[Kcars_position[m[K
[2.494s] [01m[K/workspaces/TransferStation/1_Projects/Current/Alliance-radar-dev/Radar_alliance_1.0/radar_remap_cpp/src/points_subscriber.cpp:[m[K In member function â€˜[01m[Kvoid Points_subscriber::command_callback(std_msgs::msg::Float32MultiArray_<std::allocator<void> >::SharedPtr)[m[Kâ€™:
[2.495s] [01m[K/workspaces/TransferStation/1_Projects/Current/Alliance-radar-dev/Radar_alliance_1.0/radar_remap_cpp/src/points_subscriber.cpp:288:39:[m[K [01;35m[Kwarning: [m[Kcomparison of integer expressions of different signedness: â€˜[01m[Kint[m[Kâ€™ and â€˜[01m[Kstd::vector<float>::size_type[m[Kâ€™ {aka â€˜[01m[Klong unsigned int[m[Kâ€™} [[01;35m[K]8;;https://gcc.gnu.org/onlinedocs/gcc/Warning-Options.html#index-Wsign-compare-Wsign-compare]8;;[m[K]
[2.495s]   288 |                     for (int i = 0; [01;35m[Ki < msg->data.size() - 2[m[K; i += 3) {
[2.495s]       |                                     [01;35m[K~~^~~~~~~~~~~~~~~~~~~~~~[m[K
[2.496s] [01m[K/workspaces/TransferStation/1_Projects/Current/Alliance-radar-dev/Radar_alliance_1.0/radar_remap_cpp/src/points_subscriber.cpp:298:39:[m[K [01;35m[Kwarning: [m[Kcomparison of integer expressions of different signedness: â€˜[01m[Kint[m[Kâ€™ and â€˜[01m[Kstd::vector<float>::size_type[m[Kâ€™ {aka â€˜[01m[Klong unsigned int[m[Kâ€™} [[01;35m[K]8;;https://gcc.gnu.org/onlinedocs/gcc/Warning-Options.html#index-Wsign-compare-Wsign-compare]8;;[m[K]
[2.496s]   298 |                     for (int i = 0; [01;35m[Ki < msg->data.size() - 2[m[K; i += 3) {
[2.496s]       |                                     [01;35m[K~~^~~~~~~~~~~~~~~~~~~~~~[m[K
[4.678s] gmake[2]: *** [CMakeFiles/points_subscriber.dir/build.make:76: CMakeFiles/points_subscriber.dir/src/points_subscriber.cpp.o] Error 1
[4.678s] gmake[1]: *** [CMakeFiles/Makefile2:137: CMakeFiles/points_subscriber.dir/all] Error 2
[4.678s] gmake: *** [Makefile:146: all] Error 2
[4.681s] Invoked command in '/workspaces/TransferStation/1_Projects/Current/Alliance-radar-dev/Radar_alliance_1.0/radar_remap_cpp/build/radar_remap_cpp' returned '2': CMAKE_PREFIX_PATH=/opt/ros/humble /usr/bin/cmake --build /workspaces/TransferStation/1_Projects/Current/Alliance-radar-dev/Radar_alliance_1.0/radar_remap_cpp/build/radar_remap_cpp -- -j12 -l12
