[01m[K/workspaces/TransferStation/1_Projects/Current/Alliance-radar-dev/car_detect/src/Yolov5.cpp:[m[K In function â€˜[01m[Kint main()[m[Kâ€™:
[01m[K/workspaces/TransferStation/1_Projects/Current/Alliance-radar-dev/car_detect/src/Yolov5.cpp:154:24:[m[K [01;31m[Kerror: [m[Kâ€˜[01m[Kfloat32_multi_array[m[Kâ€™ is not a member of â€˜[01m[Kstd_msgs::msg[m[Kâ€™; did you mean â€˜[01m[KFloat32MultiArray[m[Kâ€™?
  154 |         std_msgs::msg::[01;31m[Kfloat32_multi_array[m[K message;
      |                        [01;31m[K^~~~~~~~~~~~~~~~~~~[m[K
      |                        [32m[KFloat32MultiArray[m[K
[01m[K/workspaces/TransferStation/1_Projects/Current/Alliance-radar-dev/car_detect/src/Yolov5.cpp:157:9:[m[K [01;31m[Kerror: [m[Kâ€˜[01m[Kmessage[m[Kâ€™ was not declared in this scope
  157 |         [01;31m[Kmessage[m[K.data = msg;
      |         [01;31m[K^~~~~~~[m[K
[01m[K/workspaces/TransferStation/1_Projects/Current/Alliance-radar-dev/car_detect/src/Yolov5.cpp:158:9:[m[K [01;31m[Kerror: [m[Kâ€˜[01m[Kcommand_publisher_[m[Kâ€™ was not declared in this scope
  158 |         [01;31m[Kcommand_publisher_[m[K->publish(message);
      |         [01;31m[K^~~~~~~~~~~~~~~~~~[m[K
gmake[2]: *** [CMakeFiles/car_detect.dir/build.make:76: CMakeFiles/car_detect.dir/src/Yolov5.cpp.o] Error 1
gmake[1]: *** [CMakeFiles/Makefile2:137: CMakeFiles/car_detect.dir/all] Error 2
gmake: *** [Makefile:146: all] Error 2
