[0.031s] Invoking command in '/workspaces/TransferStation/1_Projects/Current/Alliance-radar-dev/car_detect/build/car_detect': CMAKE_PREFIX_PATH=${CMAKE_PREFIX_PATH}:/opt/ros/humble /usr/bin/cmake --build /workspaces/TransferStation/1_Projects/Current/Alliance-radar-dev/car_detect/build/car_detect -- -j16 -l16
[0.069s] [35m[1mConsolidate compiler generated dependencies of target car_detect[0m
[0.089s] [ 50%] [32mBuilding CXX object CMakeFiles/car_detect.dir/src/Yolov5.cpp.o[0m
[2.300s] [01m[K/workspaces/TransferStation/1_Projects/Current/Alliance-radar-dev/car_detect/src/Yolov5.cpp:[m[K In function â€˜[01m[Kint main()[m[Kâ€™:
[2.300s] [01m[K/workspaces/TransferStation/1_Projects/Current/Alliance-radar-dev/car_detect/src/Yolov5.cpp:154:24:[m[K [01;31m[Kerror: [m[Kâ€˜[01m[Kfloat32_multi_array[m[Kâ€™ is not a member of â€˜[01m[Kstd_msgs::msg[m[Kâ€™; did you mean â€˜[01m[KFloat32MultiArray[m[Kâ€™?
[2.300s]   154 |         std_msgs::msg::[01;31m[Kfloat32_multi_array[m[K message;
[2.300s]       |                        [01;31m[K^~~~~~~~~~~~~~~~~~~[m[K
[2.300s]       |                        [32m[KFloat32MultiArray[m[K
[2.303s] [01m[K/workspaces/TransferStation/1_Projects/Current/Alliance-radar-dev/car_detect/src/Yolov5.cpp:157:9:[m[K [01;31m[Kerror: [m[Kâ€˜[01m[Kmessage[m[Kâ€™ was not declared in this scope
[2.303s]   157 |         [01;31m[Kmessage[m[K.data = msg;
[2.303s]       |         [01;31m[K^~~~~~~[m[K
[2.308s] [01m[K/workspaces/TransferStation/1_Projects/Current/Alliance-radar-dev/car_detect/src/Yolov5.cpp:158:9:[m[K [01;31m[Kerror: [m[Kâ€˜[01m[Kcommand_publisher_[m[Kâ€™ was not declared in this scope
[2.308s]   158 |         [01;31m[Kcommand_publisher_[m[K->publish(message);
[2.308s]       |         [01;31m[K^~~~~~~~~~~~~~~~~~[m[K
[3.016s] gmake[2]: *** [CMakeFiles/car_detect.dir/build.make:76: CMakeFiles/car_detect.dir/src/Yolov5.cpp.o] Error 1
[3.016s] gmake[1]: *** [CMakeFiles/Makefile2:137: CMakeFiles/car_detect.dir/all] Error 2
[3.017s] gmake: *** [Makefile:146: all] Error 2
[3.019s] Invoked command in '/workspaces/TransferStation/1_Projects/Current/Alliance-radar-dev/car_detect/build/car_detect' returned '2': CMAKE_PREFIX_PATH=${CMAKE_PREFIX_PATH}:/opt/ros/humble /usr/bin/cmake --build /workspaces/TransferStation/1_Projects/Current/Alliance-radar-dev/car_detect/build/car_detect -- -j16 -l16
