[35m[1mConsolidate compiler generated dependencies of target points_subscriber[0m
[ 50%] [32mBuilding CXX object CMakeFiles/points_subscriber.dir/src/points_subscriber.cpp.o[0m
[01m[K/workspaces/DockerExample/Radar_alliance V1.0/radar_remap_cpp/src/points_subscriber.cpp:[m[K In function ‚Äò[01m[Kvoid remap(std::map<int, cv::Point_<float> >)[m[K‚Äô:
[01m[K/workspaces/DockerExample/Radar_alliance V1.0/radar_remap_cpp/src/points_subscriber.cpp:217:9:[m[K [01;31m[Kerror: [m[K‚Äò[01m[Klogger[m[K‚Äô was not declared in this scope; did you mean ‚Äò[01m[KLogger[m[K‚Äô?
  217 |         [01;31m[Klogger[m[K.ERRORS("[ERROR]" + e.what());
      |         [01;31m[K^~~~~~[m[K
      |         [32m[KLogger[m[K
[01m[K/workspaces/DockerExample/Radar_alliance V1.0/radar_remap_cpp/src/points_subscriber.cpp:217:33:[m[K [01;31m[Kerror: [m[Kinvalid operands of types ‚Äò[01m[Kconst char [8][m[K‚Äô and ‚Äò[01m[Kconst char*[m[K‚Äô to binary ‚Äò[01m[Koperator+[m[K‚Äô
  217 |         logger.ERRORS([32m[K"[ERROR]"[m[K [01;31m[K+[m[K [34m[Ke.what()[m[K);
      |                       [32m[K~~~~~~~~~[m[K [01;31m[K^[m[K [34m[K~~~~~~~~[m[K
      |                       [32m[K|[m[K                 [34m[K|[m[K
      |                       [32m[Kconst char [8][m[K    [34m[Kconst char*[m[K
[01m[K/workspaces/DockerExample/Radar_alliance V1.0/radar_remap_cpp/src/points_subscriber.cpp:[m[K In constructor ‚Äò[01m[KPoints_subscriber::Points_subscriber(std::string)[m[K‚Äô:
[01m[K/workspaces/DockerExample/Radar_alliance V1.0/radar_remap_cpp/src/points_subscriber.cpp:229:9:[m[K [01;31m[Kerror: [m[K‚Äò[01m[Klogger[m[K‚Äô was not declared in this scope; did you mean ‚Äò[01m[KLogger[m[K‚Äô?
  229 |         [01;31m[Klogger[m[K.INFO("[DONE][ËäÇÁÇπÂêØÂä®]\n[WAITING][Á≠âÂæÖÊï∞ÊçÆ]");
      |         [01;31m[K^~~~~~[m[K
      |         [32m[KLogger[m[K
[01m[K/workspaces/DockerExample/Radar_alliance V1.0/radar_remap_cpp/src/points_subscriber.cpp:[m[K In member function ‚Äò[01m[Kvoid Points_subscriber::command_callback(std_msgs::msg::Float32MultiArray_<std::allocator<void> >::SharedPtr)[m[K‚Äô:
[01m[K/workspaces/DockerExample/Radar_alliance V1.0/radar_remap_cpp/src/points_subscriber.cpp:241:13:[m[K [01;31m[Kerror: [m[K‚Äò[01m[Klogger[m[K‚Äô was not declared in this scope; did you mean ‚Äò[01m[KLogger[m[K‚Äô?
  241 |             [01;31m[Klogger[m[K.INFO("[Ê≠£Âú®Êé•Êî∂ÁÇπÂùêÊ†á]");
      |             [01;31m[K^~~~~~[m[K
      |             [32m[KLogger[m[K
[01m[K/workspaces/DockerExample/Radar_alliance V1.0/radar_remap_cpp/src/points_subscriber.cpp:246:35:[m[K [01;35m[Kwarning: [m[Kcomparison of integer expressions of different signedness: ‚Äò[01m[Kint[m[K‚Äô and ‚Äò[01m[Kstd::vector<float>::size_type[m[K‚Äô {aka ‚Äò[01m[Klong unsigned int[m[K‚Äô} [[01;35m[K]8;;https://gcc.gnu.org/onlinedocs/gcc/Warning-Options.html#index-Wsign-compare-Wsign-compare]8;;[m[K]
  246 |                 for (int i = 0; [01;35m[Ki < msg->data.size() - 2[m[K; i += 3) {
      |                                 [01;35m[K~~^~~~~~~~~~~~~~~~~~~~~~[m[K
[01m[K/workspaces/DockerExample/Radar_alliance V1.0/radar_remap_cpp/src/points_subscriber.cpp:277:13:[m[K [01;31m[Kerror: [m[K‚Äò[01m[Klogger[m[K‚Äô was not declared in this scope; did you mean ‚Äò[01m[KLogger[m[K‚Äô?
  277 |             [01;31m[Klogger[m[K.ERRORS("[ERROR]" + e.what());
      |             [01;31m[K^~~~~~[m[K
      |             [32m[KLogger[m[K
[01m[K/workspaces/DockerExample/Radar_alliance V1.0/radar_remap_cpp/src/points_subscriber.cpp:277:37:[m[K [01;31m[Kerror: [m[Kinvalid operands of types ‚Äò[01m[Kconst char [8][m[K‚Äô and ‚Äò[01m[Kconst char*[m[K‚Äô to binary ‚Äò[01m[Koperator+[m[K‚Äô
  277 |             logger.ERRORS([32m[K"[ERROR]"[m[K [01;31m[K+[m[K [34m[Ke.what()[m[K);
      |                           [32m[K~~~~~~~~~[m[K [01;31m[K^[m[K [34m[K~~~~~~~~[m[K
      |                           [32m[K|[m[K                 [34m[K|[m[K
      |                           [32m[Kconst char [8][m[K    [34m[Kconst char*[m[K
[01m[K/workspaces/DockerExample/Radar_alliance V1.0/radar_remap_cpp/src/points_subscriber.cpp:[m[K In function ‚Äò[01m[Kint main(int, char**)[m[K‚Äô:
[01m[K/workspaces/DockerExample/Radar_alliance V1.0/radar_remap_cpp/src/points_subscriber.cpp:314:33:[m[K [01;31m[Kerror: [m[Kinvalid operands of types ‚Äò[01m[Kconst char [8][m[K‚Äô and ‚Äò[01m[Kconst char*[m[K‚Äô to binary ‚Äò[01m[Koperator+[m[K‚Äô
  314 |         logger.ERRORS([32m[K"[ERROR]"[m[K [01;31m[K+[m[K [34m[Ke.what()[m[K);
      |                       [32m[K~~~~~~~~~[m[K [01;31m[K^[m[K [34m[K~~~~~~~~[m[K
      |                       [32m[K|[m[K                 [34m[K|[m[K
      |                       [32m[Kconst char [8][m[K    [34m[Kconst char*[m[K
gmake[2]: *** [CMakeFiles/points_subscriber.dir/build.make:76: CMakeFiles/points_subscriber.dir/src/points_subscriber.cpp.o] Error 1
gmake[1]: *** [CMakeFiles/Makefile2:137: CMakeFiles/points_subscriber.dir/all] Error 2
gmake: *** [Makefile:146: all] Error 2
