In file included from [01m[K/workspaces/DockerExample/Radar_alliance V1.0/radar_remap_cpp/src/points_subscriber.cpp:8[m[K:
[01m[K/usr/local/include/glog/logging.h:60:4:[m[K [01;31m[Kerror: [m[K#error <glog/logging.h> was not included correctly. See the documention for how to consume the library.
   60 | #  [01;31m[Kerror[m[K <glog/logging.h> was not included correctly. See the documention for how to consume the library.
      |    [01;31m[K^~~~~[m[K
In file included from [01m[K/usr/local/include/glog/logging.h:63[m[K,
                 from [01m[K/workspaces/DockerExample/Radar_alliance V1.0/radar_remap_cpp/src/points_subscriber.cpp:8[m[K:
[01m[K/usr/local/include/glog/flags.h:45:4:[m[K [01;31m[Kerror: [m[K#error <glog/flags.h> was not included correctly. See the documention for how to consume the library.
   45 | #  [01;31m[Kerror[m[K <glog/flags.h> was not included correctly. See the documention for how to consume the library.
      |    [01;31m[K^~~~~[m[K
In file included from [01m[K/usr/local/include/glog/logging.h:77[m[K,
                 from [01m[K/workspaces/DockerExample/Radar_alliance V1.0/radar_remap_cpp/src/points_subscriber.cpp:8[m[K:
[01m[K/usr/local/include/glog/log_severity.h:38:4:[m[K [01;31m[Kerror: [m[K#error <glog/log_severity.h> was not included correctly. See the documention for how to consume the library.
   38 | #  [01;31m[Kerror[m[K <glog/log_severity.h> was not included correctly. See the documention for how to consume the library.
      |    [01;31m[K^~~~~[m[K
In file included from [01m[K/usr/local/include/glog/logging.h:78[m[K,
                 from [01m[K/workspaces/DockerExample/Radar_alliance V1.0/radar_remap_cpp/src/points_subscriber.cpp:8[m[K:
[01m[K/usr/local/include/glog/vlog_is_on.h:71:4:[m[K [01;31m[Kerror: [m[K#error <glog/vlog_is_on.h> was not included correctly. See the documention for how to consume the library.
   71 | #  [01;31m[Kerror[m[K <glog/vlog_is_on.h> was not included correctly. See the documention for how to consume the library.
      |    [01;31m[K^~~~~[m[K
In file included from [01m[K/usr/local/include/glog/logging.h:63[m[K,
                 from [01m[K/workspaces/DockerExample/Radar_alliance V1.0/radar_remap_cpp/src/points_subscriber.cpp:8[m[K:
[01m[K/usr/local/include/glog/flags.h:105:1:[m[K [01;31m[Kerror: [m[Kâ€˜[01m[KGLOG_EXPORT[m[Kâ€™ does not name a type
  105 | [01;31m[KDECLARE_int32[m[K(logemaillevel);
      | [01;31m[K^~~~~~~~~~~~~[m[K
[01m[K/usr/local/include/glog/flags.h:105:1:[m[K [01;31m[Kerror: [m[Kâ€˜[01m[KFLAGS_logemaillevel[m[Kâ€™ has not been declared in â€˜[01m[KfLI[m[Kâ€™
  105 | [01;31m[KDECLARE_int32[m[K(logemaillevel);
      | [01;31m[K^~~~~~~~~~~~~[m[K
[01m[K/usr/local/include/glog/flags.h:106:1:[m[K [01;31m[Kerror: [m[Kâ€˜[01m[KGLOG_EXPORT[m[Kâ€™ does not name a type
  106 | [01;31m[KDECLARE_int32[m[K(logcleansecs);
      | [01;31m[K^~~~~~~~~~~~~[m[K
[01m[K/usr/local/include/glog/flags.h:106:1:[m[K [01;31m[Kerror: [m[Kâ€˜[01m[KFLAGS_logcleansecs[m[Kâ€™ has not been declared in â€˜[01m[KfLI[m[Kâ€™
  106 | [01;31m[KDECLARE_int32[m[K(logcleansecs);
      | [01;31m[K^~~~~~~~~~~~~[m[K
[01m[K/usr/local/include/glog/flags.h:109:1:[m[K [01;31m[Kerror: [m[Kâ€˜[01m[KGLOG_EXPORT[m[Kâ€™ does not name a type
  109 | [01;31m[KDECLARE_bool[m[K(drop_log_memory);
      | [01;31m[K^~~~~~~~~~~~[m[K
[01m[K/usr/local/include/glog/flags.h:109:1:[m[K [01;31m[Kerror: [m[Kâ€˜[01m[KFLAGS_drop_log_memory[m[Kâ€™ has not been declared in â€˜[01m[KfLB[m[Kâ€™
  109 | [01;31m[KDECLARE_bool[m[K(drop_log_memory);
      | [01;31m[K^~~~~~~~~~~~[m[K
[01m[K/usr/local/include/glog/flags.h:111:1:[m[K [01;31m[Kerror: [m[Kâ€˜[01m[KGLOG_EXPORT[m[Kâ€™ does not name a type
  111 | [01;31m[KDECLARE_string[m[K(alsologtoemail);
      | [01;31m[K^~~~~~~~~~~~~~[m[K
[01m[K/usr/local/include/glog/flags.h:111:1:[m[K [01;31m[Kerror: [m[Kâ€˜[01m[KFLAGS_alsologtoemail[m[Kâ€™ has not been declared in â€˜[01m[KfLS[m[Kâ€™
  111 | [01;31m[KDECLARE_string[m[K(alsologtoemail);
      | [01;31m[K^~~~~~~~~~~~~~[m[K
[01m[K/usr/local/include/glog/flags.h:112:1:[m[K [01;31m[Kerror: [m[Kâ€˜[01m[KGLOG_EXPORT[m[Kâ€™ does not name a type
  112 | [01;31m[KDECLARE_string[m[K(log_backtrace_at);
      | [01;31m[K^~~~~~~~~~~~~~[m[K
[01m[K/usr/local/include/glog/flags.h:112:1:[m[K [01;31m[Kerror: [m[Kâ€˜[01m[KFLAGS_log_backtrace_at[m[Kâ€™ has not been declared in â€˜[01m[KfLS[m[Kâ€™
  112 | [01;31m[KDECLARE_string[m[K(log_backtrace_at);
      | [01;31m[K^~~~~~~~~~~~~~[m[K
[01m[K/usr/local/include/glog/flags.h:115:1:[m[K [01;31m[Kerror: [m[Kâ€˜[01m[KGLOG_EXPORT[m[Kâ€™ does not name a type
  115 | [01;31m[KDECLARE_bool[m[K(timestamp_in_logfile_name);
      | [01;31m[K^~~~~~~~~~~~[m[K
[01m[K/usr/local/include/glog/flags.h:115:1:[m[K [01;31m[Kerror: [m[Kâ€˜[01m[KFLAGS_timestamp_in_logfile_name[m[Kâ€™ has not been declared in â€˜[01m[KfLB[m[Kâ€™
  115 | [01;31m[KDECLARE_bool[m[K(timestamp_in_logfile_name);
      | [01;31m[K^~~~~~~~~~~~[m[K
[01m[K/usr/local/include/glog/flags.h:118:1:[m[K [01;31m[Kerror: [m[Kâ€˜[01m[KGLOG_EXPORT[m[Kâ€™ does not name a type
  118 | [01;31m[KDECLARE_bool[m[K(logtostdout);
      | [01;31m[K^~~~~~~~~~~~[m[K
[01m[K/usr/local/include/glog/flags.h:118:1:[m[K [01;31m[Kerror: [m[Kâ€˜[01m[KFLAGS_logtostdout[m[Kâ€™ has not been declared in â€˜[01m[KfLB[m[Kâ€™
  118 | [01;31m[KDECLARE_bool[m[K(logtostdout);
      | [01;31m[K^~~~~~~~~~~~[m[K
[01m[K/usr/local/include/glog/flags.h:121:1:[m[K [01;31m[Kerror: [m[Kâ€˜[01m[KGLOG_EXPORT[m[Kâ€™ does not name a type
  121 | [01;31m[KDECLARE_bool[m[K(colorlogtostdout);
      | [01;31m[K^~~~~~~~~~~~[m[K
[01m[K/usr/local/include/glog/flags.h:121:1:[m[K [01;31m[Kerror: [m[Kâ€˜[01m[KFLAGS_colorlogtostdout[m[Kâ€™ has not been declared in â€˜[01m[KfLB[m[Kâ€™
  121 | [01;31m[KDECLARE_bool[m[K(colorlogtostdout);
      | [01;31m[K^~~~~~~~~~~~[m[K
[01m[K/usr/local/include/glog/flags.h:124:1:[m[K [01;31m[Kerror: [m[Kâ€˜[01m[KGLOG_EXPORT[m[Kâ€™ does not name a type
  124 | [01;31m[KDECLARE_bool[m[K(logtostderr);
      | [01;31m[K^~~~~~~~~~~~[m[K
[01m[K/usr/local/include/glog/flags.h:124:1:[m[K [01;31m[Kerror: [m[Kâ€˜[01m[KFLAGS_logtostderr[m[Kâ€™ has not been declared in â€˜[01m[KfLB[m[Kâ€™
  124 | [01;31m[KDECLARE_bool[m[K(logtostderr);
      | [01;31m[K^~~~~~~~~~~~[m[K
[01m[K/usr/local/include/glog/flags.h:127:1:[m[K [01;31m[Kerror: [m[Kâ€˜[01m[KGLOG_EXPORT[m[Kâ€™ does not name a type
  127 | [01;31m[KDECLARE_bool[m[K(alsologtostderr);
      | [01;31m[K^~~~~~~~~~~~[m[K
[01m[K/usr/local/include/glog/flags.h:127:1:[m[K [01;31m[Kerror: [m[Kâ€˜[01m[KFLAGS_alsologtostderr[m[Kâ€™ has not been declared in â€˜[01m[KfLB[m[Kâ€™
  127 | [01;31m[KDECLARE_bool[m[K(alsologtostderr);
      | [01;31m[K^~~~~~~~~~~~[m[K
[01m[K/usr/local/include/glog/flags.h:130:1:[m[K [01;31m[Kerror: [m[Kâ€˜[01m[KGLOG_EXPORT[m[Kâ€™ does not name a type
  130 | [01;31m[KDECLARE_bool[m[K(colorlogtostderr);
      | [01;31m[K^~~~~~~~~~~~[m[K
[01m[K/usr/local/include/glog/flags.h:130:1:[m[K [01;31m[Kerror: [m[Kâ€˜[01m[KFLAGS_colorlogtostderr[m[Kâ€™ has not been declared in â€˜[01m[KfLB[m[Kâ€™
  130 | [01;31m[KDECLARE_bool[m[K(colorlogtostderr);
      | [01;31m[K^~~~~~~~~~~~[m[K
[01m[K/usr/local/include/glog/flags.h:134:1:[m[K [01;31m[Kerror: [m[Kâ€˜[01m[KGLOG_EXPORT[m[Kâ€™ does not name a type
  134 | [01;31m[KDECLARE_int32[m[K(stderrthreshold);
      | [01;31m[K^~~~~~~~~~~~~[m[K
[01m[K/usr/local/include/glog/flags.h:134:1:[m[K [01;31m[Kerror: [m[Kâ€˜[01m[KFLAGS_stderrthreshold[m[Kâ€™ has not been declared in â€˜[01m[KfLI[m[Kâ€™
  134 | [01;31m[KDECLARE_int32[m[K(stderrthreshold);
      | [01;31m[K^~~~~~~~~~~~~[m[K
[01m[K/usr/local/include/glog/flags.h:137:1:[m[K [01;31m[Kerror: [m[Kâ€˜[01m[KGLOG_EXPORT[m[Kâ€™ does not name a type
  137 | [01;31m[KDECLARE_bool[m[K(log_file_header);
      | [01;31m[K^~~~~~~~~~~~[m[K
[01m[K/usr/local/include/glog/flags.h:137:1:[m[K [01;31m[Kerror: [m[Kâ€˜[01m[KFLAGS_log_file_header[m[Kâ€™ has not been declared in â€˜[01m[KfLB[m[Kâ€™
  137 | [01;31m[KDECLARE_bool[m[K(log_file_header);
      | [01;31m[K^~~~~~~~~~~~[m[K
[01m[K/usr/local/include/glog/flags.h:140:1:[m[K [01;31m[Kerror: [m[Kâ€˜[01m[KGLOG_EXPORT[m[Kâ€™ does not name a type
  140 | [01;31m[KDECLARE_bool[m[K(log_prefix);
      | [01;31m[K^~~~~~~~~~~~[m[K
[01m[K/usr/local/include/glog/flags.h:140:1:[m[K [01;31m[Kerror: [m[Kâ€˜[01m[KFLAGS_log_prefix[m[Kâ€™ has not been declared in â€˜[01m[KfLB[m[Kâ€™
  140 | [01;31m[KDECLARE_bool[m[K(log_prefix);
      | [01;31m[K^~~~~~~~~~~~[m[K
[01m[K/usr/local/include/glog/flags.h:143:1:[m[K [01;31m[Kerror: [m[Kâ€˜[01m[KGLOG_EXPORT[m[Kâ€™ does not name a type
  143 | [01;31m[KDECLARE_bool[m[K(log_year_in_prefix);
      | [01;31m[K^~~~~~~~~~~~[m[K
[01m[K/usr/local/include/glog/flags.h:143:1:[m[K [01;31m[Kerror: [m[Kâ€˜[01m[KFLAGS_log_year_in_prefix[m[Kâ€™ has not been declared in â€˜[01m[KfLB[m[Kâ€™
  143 | [01;31m[KDECLARE_bool[m[K(log_year_in_prefix);
      | [01;31m[K^~~~~~~~~~~~[m[K
[01m[K/usr/local/include/glog/flags.h:147:1:[m[K [01;31m[Kerror: [m[Kâ€˜[01m[KGLOG_EXPORT[m[Kâ€™ does not name a type
  147 | [01;31m[KDECLARE_int32[m[K(logbuflevel);
      | [01;31m[K^~~~~~~~~~~~~[m[K
[01m[K/usr/local/include/glog/flags.h:147:1:[m[K [01;31m[Kerror: [m[Kâ€˜[01m[KFLAGS_logbuflevel[m[Kâ€™ has not been declared in â€˜[01m[KfLI[m[Kâ€™
  147 | [01;31m[KDECLARE_int32[m[K(logbuflevel);
      | [01;31m[K^~~~~~~~~~~~~[m[K
[01m[K/usr/local/include/glog/flags.h:150:1:[m[K [01;31m[Kerror: [m[Kâ€˜[01m[KGLOG_EXPORT[m[Kâ€™ does not name a type
  150 | [01;31m[KDECLARE_int32[m[K(logbufsecs);
      | [01;31m[K^~~~~~~~~~~~~[m[K
[01m[K/usr/local/include/glog/flags.h:150:1:[m[K [01;31m[Kerror: [m[Kâ€˜[01m[KFLAGS_logbufsecs[m[Kâ€™ has not been declared in â€˜[01m[KfLI[m[Kâ€™
  150 | [01;31m[KDECLARE_int32[m[K(logbufsecs);
      | [01;31m[K^~~~~~~~~~~~~[m[K
[01m[K/usr/local/include/glog/flags.h:154:1:[m[K [01;31m[Kerror: [m[Kâ€˜[01m[KGLOG_EXPORT[m[Kâ€™ does not name a type
  154 | [01;31m[KDECLARE_int32[m[K(minloglevel);
      | [01;31m[K^~~~~~~~~~~~~[m[K
[01m[K/usr/local/include/glog/flags.h:154:1:[m[K [01;31m[Kerror: [m[Kâ€˜[01m[KFLAGS_minloglevel[m[Kâ€™ has not been declared in â€˜[01m[KfLI[m[Kâ€™
  154 | [01;31m[KDECLARE_int32[m[K(minloglevel);
      | [01;31m[K^~~~~~~~~~~~~[m[K
[01m[K/usr/local/include/glog/flags.h:158:1:[m[K [01;31m[Kerror: [m[Kâ€˜[01m[KGLOG_EXPORT[m[Kâ€™ does not name a type
  158 | [01;31m[KDECLARE_string[m[K(log_dir);
      | [01;31m[K^~~~~~~~~~~~~~[m[K
[01m[K/usr/local/include/glog/flags.h:158:1:[m[K [01;31m[Kerror: [m[Kâ€˜[01m[KFLAGS_log_dir[m[Kâ€™ has not been declared in â€˜[01m[KfLS[m[Kâ€™
  158 | [01;31m[KDECLARE_string[m[K(log_dir);
      | [01;31m[K^~~~~~~~~~~~~~[m[K
[01m[K/usr/local/include/glog/flags.h:161:1:[m[K [01;31m[Kerror: [m[Kâ€˜[01m[KGLOG_EXPORT[m[Kâ€™ does not name a type
  161 | [01;31m[KDECLARE_int32[m[K(logfile_mode);
      | [01;31m[K^~~~~~~~~~~~~[m[K
[01m[K/usr/local/include/glog/flags.h:161:1:[m[K [01;31m[Kerror: [m[Kâ€˜[01m[KFLAGS_logfile_mode[m[Kâ€™ has not been declared in â€˜[01m[KfLI[m[Kâ€™
  161 | [01;31m[KDECLARE_int32[m[K(logfile_mode);
      | [01;31m[K^~~~~~~~~~~~~[m[K
[01m[K/usr/local/include/glog/flags.h:165:1:[m[K [01;31m[Kerror: [m[Kâ€˜[01m[KGLOG_EXPORT[m[Kâ€™ does not name a type
  165 | [01;31m[KDECLARE_string[m[K(log_link);
      | [01;31m[K^~~~~~~~~~~~~~[m[K
[01m[K/usr/local/include/glog/flags.h:165:1:[m[K [01;31m[Kerror: [m[Kâ€˜[01m[KFLAGS_log_link[m[Kâ€™ has not been declared in â€˜[01m[KfLS[m[Kâ€™
  165 | [01;31m[KDECLARE_string[m[K(log_link);
      | [01;31m[K^~~~~~~~~~~~~~[m[K
[01m[K/usr/local/include/glog/flags.h:167:1:[m[K [01;31m[Kerror: [m[Kâ€˜[01m[KGLOG_EXPORT[m[Kâ€™ does not name a type
  167 | [01;31m[KDECLARE_int32[m[K(v);  // in vlog_is_on.cc
      | [01;31m[K^~~~~~~~~~~~~[m[K
[01m[K/usr/local/include/glog/flags.h:167:1:[m[K [01;31m[Kerror: [m[Kâ€˜[01m[KFLAGS_v[m[Kâ€™ has not been declared in â€˜[01m[KfLI[m[Kâ€™
  167 | [01;31m[KDECLARE_int32[m[K(v);  // in vlog_is_on.cc
      | [01;31m[K^~~~~~~~~~~~~[m[K
[01m[K/usr/local/include/glog/flags.h:169:1:[m[K [01;31m[Kerror: [m[Kâ€˜[01m[KGLOG_EXPORT[m[Kâ€™ does not name a type
  169 | [01;31m[KDECLARE_string[m[K(vmodule);  // also in vlog_is_on.cc
      | [01;31m[K^~~~~~~~~~~~~~[m[K
[01m[K/usr/local/include/glog/flags.h:169:1:[m[K [01;31m[Kerror: [m[Kâ€˜[01m[KFLAGS_vmodule[m[Kâ€™ has not been declared in â€˜[01m[KfLS[m[Kâ€™
  169 | [01;31m[KDECLARE_string[m[K(vmodule);  // also in vlog_is_on.cc
      | [01;31m[K^~~~~~~~~~~~~~[m[K
[01m[K/usr/local/include/glog/flags.h:172:1:[m[K [01;31m[Kerror: [m[Kâ€˜[01m[KGLOG_EXPORT[m[Kâ€™ does not name a type
  172 | [01;31m[KDECLARE_uint32[m[K(max_log_size);
      | [01;31m[K^~~~~~~~~~~~~~[m[K
[01m[K/usr/local/include/glog/flags.h:172:1:[m[K [01;31m[Kerror: [m[Kâ€˜[01m[KFLAGS_max_log_size[m[Kâ€™ has not been declared in â€˜[01m[KfLU[m[Kâ€™
  172 | [01;31m[KDECLARE_uint32[m[K(max_log_size);
      | [01;31m[K^~~~~~~~~~~~~~[m[K
[01m[K/usr/local/include/glog/flags.h:175:1:[m[K [01;31m[Kerror: [m[Kâ€˜[01m[KGLOG_EXPORT[m[Kâ€™ does not name a type
  175 | [01;31m[KDECLARE_bool[m[K(stop_logging_if_full_disk);
      | [01;31m[K^~~~~~~~~~~~[m[K
[01m[K/usr/local/include/glog/flags.h:175:1:[m[K [01;31m[Kerror: [m[Kâ€˜[01m[KFLAGS_stop_logging_if_full_disk[m[Kâ€™ has not been declared in â€˜[01m[KfLB[m[Kâ€™
  175 | [01;31m[KDECLARE_bool[m[K(stop_logging_if_full_disk);
      | [01;31m[K^~~~~~~~~~~~[m[K
[01m[K/usr/local/include/glog/flags.h:178:1:[m[K [01;31m[Kerror: [m[Kâ€˜[01m[KGLOG_EXPORT[m[Kâ€™ does not name a type
  178 | [01;31m[KDECLARE_bool[m[K(log_utc_time);
      | [01;31m[K^~~~~~~~~~~~[m[K
[01m[K/usr/local/include/glog/flags.h:178:1:[m[K [01;31m[Kerror: [m[Kâ€˜[01m[KFLAGS_log_utc_time[m[Kâ€™ has not been declared in â€˜[01m[KfLB[m[Kâ€™
  178 | [01;31m[KDECLARE_bool[m[K(log_utc_time);
      | [01;31m[K^~~~~~~~~~~~[m[K
[01m[K/usr/local/include/glog/flags.h:181:1:[m[K [01;31m[Kerror: [m[Kâ€˜[01m[KGLOG_EXPORT[m[Kâ€™ does not name a type
  181 | [01;31m[KDECLARE_string[m[K(logmailer);
      | [01;31m[K^~~~~~~~~~~~~~[m[K
[01m[K/usr/local/include/glog/flags.h:181:1:[m[K [01;31m[Kerror: [m[Kâ€˜[01m[KFLAGS_logmailer[m[Kâ€™ has not been declared in â€˜[01m[KfLS[m[Kâ€™
  181 | [01;31m[KDECLARE_string[m[K(logmailer);
      | [01;31m[K^~~~~~~~~~~~~~[m[K
[01m[K/usr/local/include/glog/flags.h:183:1:[m[K [01;31m[Kerror: [m[Kâ€˜[01m[KGLOG_EXPORT[m[Kâ€™ does not name a type
  183 | [01;31m[KDECLARE_bool[m[K(symbolize_stacktrace);
      | [01;31m[K^~~~~~~~~~~~[m[K
[01m[K/usr/local/include/glog/flags.h:183:1:[m[K [01;31m[Kerror: [m[Kâ€˜[01m[KFLAGS_symbolize_stacktrace[m[Kâ€™ has not been declared in â€˜[01m[KfLB[m[Kâ€™
  183 | [01;31m[KDECLARE_bool[m[K(symbolize_stacktrace);
      | [01;31m[K^~~~~~~~~~~~[m[K
In file included from [01m[K/usr/local/include/glog/logging.h:77[m[K,
                 from [01m[K/workspaces/DockerExample/Radar_alliance V1.0/radar_remap_cpp/src/points_subscriber.cpp:8[m[K:
[01m[K/usr/local/include/glog/log_severity.h:98:8:[m[K [01;31m[Kerror: [m[Kâ€˜[01m[KGLOG_EXPORT[m[Kâ€™ does not name a type
   98 | extern [01;31m[KGLOG_EXPORT[m[K const char* const LogSeverityNames[NUM_SEVERITIES];
      |        [01;31m[K^~~~~~~~~~~[m[K
In file included from [01m[K/usr/local/include/glog/logging.h:78[m[K,
                 from [01m[K/workspaces/DockerExample/Radar_alliance V1.0/radar_remap_cpp/src/points_subscriber.cpp:8[m[K:
[01m[K/usr/local/include/glog/vlog_is_on.h:111:8:[m[K [01;31m[Kerror: [m[Kâ€˜[01m[KGLOG_EXPORT[m[Kâ€™ does not name a type
  111 | extern [01;31m[KGLOG_EXPORT[m[K int SetVLOGLevel(const char* module_pattern, int log_level);
      |        [01;31m[K^~~~~~~~~~~[m[K
[01m[K/usr/local/include/glog/vlog_is_on.h:130:8:[m[K [01;31m[Kerror: [m[Kâ€˜[01m[KGLOG_EXPORT[m[Kâ€™ does not name a type
  130 | extern [01;31m[KGLOG_EXPORT[m[K bool InitVLOG3__(SiteFlag* site_flag,
      |        [01;31m[K^~~~~~~~~~~[m[K
In file included from [01m[K/workspaces/DockerExample/Radar_alliance V1.0/radar_remap_cpp/src/points_subscriber.cpp:8[m[K:
[01m[K/usr/local/include/glog/logging.h:82:20:[m[K [01;31m[Kerror: [m[Kvariable â€˜[01m[Kgoogle::GLOG_EXPORT google::LogMessageTime[m[Kâ€™ has initializer but incomplete type
   82 | struct GLOG_EXPORT [01;31m[KLogMessageTime[m[K {
      |                    [01;31m[K^~~~~~~~~~~~~~[m[K
[01m[K/usr/local/include/glog/logging.h:83:19:[m[K [01;31m[Kerror: [m[Kexpected â€˜[01m[K}[m[Kâ€™ before â€˜[01m[K;[m[Kâ€™ token
   83 |   LogMessageTime()[01;31m[K;[m[K
      |                   [01;31m[K^[m[K
[01m[K/usr/local/include/glog/logging.h:82:35:[m[K [01;36m[Knote: [m[Kto match this â€˜[01m[K{[m[Kâ€™
   82 | struct GLOG_EXPORT LogMessageTime [01;36m[K{[m[K
      |                                   [01;36m[K^[m[K
[01m[K/usr/local/include/glog/logging.h:84:3:[m[K [01;31m[Kerror: [m[Kâ€˜[01m[Kexplicit[m[Kâ€™ outside class declaration
   84 |   [01;31m[Kexplicit[m[K LogMessageTime(std::chrono::system_clock::time_point now);
      |   [01;31m[K^~~~~~~~[m[K
[01m[K/usr/local/include/glog/logging.h:86:29:[m[K [01;31m[Kerror: [m[Knon-member function â€˜[01m[Kconst time_t& google::timestamp()[m[Kâ€™ cannot have cv-qualifier
   86 |   const time_t& timestamp() [01;31m[Kconst[m[K { return timestamp_; }
      |                             [01;31m[K^~~~~[m[K
[01m[K/usr/local/include/glog/logging.h:[m[K In function â€˜[01m[Kconst time_t& google::timestamp()[m[Kâ€™:
[01m[K/usr/local/include/glog/logging.h:86:44:[m[K [01;31m[Kerror: [m[Kâ€˜[01m[Ktimestamp_[m[Kâ€™ was not declared in this scope; did you mean â€˜[01m[Ktimestamp[m[Kâ€™?
   86 |   const time_t& timestamp() const { return [01;31m[Ktimestamp_[m[K; }
      |                                            [01;31m[K^~~~~~~~~~[m[K
      |                                            [32m[Ktimestamp[m[K
[01m[K/usr/local/include/glog/logging.h:[m[K At global scope:
[01m[K/usr/local/include/glog/logging.h:87:20:[m[K [01;31m[Kerror: [m[Knon-member function â€˜[01m[Kconst int& google::sec()[m[Kâ€™ cannot have cv-qualifier
   87 |   const int& sec() [01;31m[Kconst[m[K { return time_struct_.tm_sec; }
      |                    [01;31m[K^~~~~[m[K
[01m[K/usr/local/include/glog/logging.h:[m[K In function â€˜[01m[Kconst int& google::sec()[m[Kâ€™:
[01m[K/usr/local/include/glog/logging.h:87:35:[m[K [01;31m[Kerror: [m[Kâ€˜[01m[Ktime_struct_[m[Kâ€™ was not declared in this scope
   87 |   const int& sec() const { return [01;31m[Ktime_struct_[m[K.tm_sec; }
      |                                   [01;31m[K^~~~~~~~~~~~[m[K
[01m[K/usr/local/include/glog/logging.h:[m[K At global scope:
[01m[K/usr/local/include/glog/logging.h:88:25:[m[K [01;31m[Kerror: [m[Knon-member function â€˜[01m[Kconst int32_t& google::usec()[m[Kâ€™ cannot have cv-qualifier
   88 |   const int32_t& usec() [01;31m[Kconst[m[K { return usecs_; }
      |                         [01;31m[K^~~~~[m[K
[01m[K/usr/local/include/glog/logging.h:[m[K In function â€˜[01m[Kconst int32_t& google::usec()[m[Kâ€™:
[01m[K/usr/local/include/glog/logging.h:88:40:[m[K [01;31m[Kerror: [m[Kâ€˜[01m[Kusecs_[m[Kâ€™ was not declared in this scope; did you mean â€˜[01m[Kusec[m[Kâ€™?
   88 |   const int32_t& usec() const { return [01;31m[Kusecs_[m[K; }
      |                                        [01;31m[K^~~~~~[m[K
      |                                        [32m[Kusec[m[K
[01m[K/usr/local/include/glog/logging.h:[m[K At global scope:
[01m[K/usr/local/include/glog/logging.h:89:21:[m[K [01;31m[Kerror: [m[Knon-member function â€˜[01m[Kconst int& google::min()[m[Kâ€™ cannot have cv-qualifier
   89 |   const int&(min)() [01;31m[Kconst[m[K { return time_struct_.tm_min; }
      |                     [01;31m[K^~~~~[m[K
[01m[K/usr/local/include/glog/logging.h:[m[K In function â€˜[01m[Kconst int& google::min()[m[Kâ€™:
[01m[K/usr/local/include/glog/logging.h:89:36:[m[K [01;31m[Kerror: [m[Kâ€˜[01m[Ktime_struct_[m[Kâ€™ was not declared in this scope
   89 |   const int&(min)() const { return [01;31m[Ktime_struct_[m[K.tm_min; }
      |                                    [01;31m[K^~~~~~~~~~~~[m[K
[01m[K/usr/local/include/glog/logging.h:[m[K At global scope:
[01m[K/usr/local/include/glog/logging.h:90:21:[m[K [01;31m[Kerror: [m[Knon-member function â€˜[01m[Kconst int& google::hour()[m[Kâ€™ cannot have cv-qualifier
   90 |   const int& hour() [01;31m[Kconst[m[K { return time_struct_.tm_hour; }
      |                     [01;31m[K^~~~~[m[K
[01m[K/usr/local/include/glog/logging.h:[m[K In function â€˜[01m[Kconst int& google::hour()[m[Kâ€™:
[01m[K/usr/local/include/glog/logging.h:90:36:[m[K [01;31m[Kerror: [m[Kâ€˜[01m[Ktime_struct_[m[Kâ€™ was not declared in this scope
   90 |   const int& hour() const { return [01;31m[Ktime_struct_[m[K.tm_hour; }
      |                                    [01;31m[K^~~~~~~~~~~~[m[K
[01m[K/usr/local/include/glog/logging.h:[m[K At global scope:
[01m[K/usr/local/include/glog/logging.h:91:20:[m[K [01;31m[Kerror: [m[Knon-member function â€˜[01m[Kconst int& google::day()[m[Kâ€™ cannot have cv-qualifier
   91 |   const int& day() [01;31m[Kconst[m[K { return time_struct_.tm_mday; }
      |                    [01;31m[K^~~~~[m[K
[01m[K/usr/local/include/glog/logging.h:[m[K In function â€˜[01m[Kconst int& google::day()[m[Kâ€™:
[01m[K/usr/local/include/glog/logging.h:91:35:[m[K [01;31m[Kerror: [m[Kâ€˜[01m[Ktime_struct_[m[Kâ€™ was not declared in this scope
   91 |   const int& day() const { return [01;31m[Ktime_struct_[m[K.tm_mday; }
      |                                   [01;31m[K^~~~~~~~~~~~[m[K
[01m[K/usr/local/include/glog/logging.h:[m[K At global scope:
[01m[K/usr/local/include/glog/logging.h:92:22:[m[K [01;31m[Kerror: [m[Knon-member function â€˜[01m[Kconst int& google::month()[m[Kâ€™ cannot have cv-qualifier
   92 |   const int& month() [01;31m[Kconst[m[K { return time_struct_.tm_mon; }
      |                      [01;31m[K^~~~~[m[K
[01m[K/usr/local/include/glog/logging.h:[m[K In function â€˜[01m[Kconst int& google::month()[m[Kâ€™:
[01m[K/usr/local/include/glog/logging.h:92:37:[m[K [01;31m[Kerror: [m[Kâ€˜[01m[Ktime_struct_[m[Kâ€™ was not declared in this scope
   92 |   const int& month() const { return [01;31m[Ktime_struct_[m[K.tm_mon; }
      |                                     [01;31m[K^~~~~~~~~~~~[m[K
[01m[K/usr/local/include/glog/logging.h:[m[K At global scope:
[01m[K/usr/local/include/glog/logging.h:93:21:[m[K [01;31m[Kerror: [m[Knon-member function â€˜[01m[Kconst int& google::year()[m[Kâ€™ cannot have cv-qualifier
   93 |   const int& year() [01;31m[Kconst[m[K { return time_struct_.tm_year; }
      |                     [01;31m[K^~~~~[m[K
[01m[K/usr/local/include/glog/logging.h:[m[K In function â€˜[01m[Kconst int& google::year()[m[Kâ€™:
[01m[K/usr/local/include/glog/logging.h:93:36:[m[K [01;31m[Kerror: [m[Kâ€˜[01m[Ktime_struct_[m[Kâ€™ was not declared in this scope
   93 |   const int& year() const { return [01;31m[Ktime_struct_[m[K.tm_year; }
      |                                    [01;31m[K^~~~~~~~~~~~[m[K
[01m[K/usr/local/include/glog/logging.h:[m[K At global scope:
[01m[K/usr/local/include/glog/logging.h:94:26:[m[K [01;31m[Kerror: [m[Knon-member function â€˜[01m[Kconst int& google::dayOfWeek()[m[Kâ€™ cannot have cv-qualifier
   94 |   const int& dayOfWeek() [01;31m[Kconst[m[K { return time_struct_.tm_wday; }
      |                          [01;31m[K^~~~~[m[K
[01m[K/usr/local/include/glog/logging.h:[m[K In function â€˜[01m[Kconst int& google::dayOfWeek()[m[Kâ€™:
[01m[K/usr/local/include/glog/logging.h:94:41:[m[K [01;31m[Kerror: [m[Kâ€˜[01m[Ktime_struct_[m[Kâ€™ was not declared in this scope
   94 |   const int& dayOfWeek() const { return [01;31m[Ktime_struct_[m[K.tm_wday; }
      |                                         [01;31m[K^~~~~~~~~~~~[m[K
[01m[K/usr/local/include/glog/logging.h:[m[K At global scope:
[01m[K/usr/local/include/glog/logging.h:95:26:[m[K [01;31m[Kerror: [m[Knon-member function â€˜[01m[Kconst int& google::dayInYear()[m[Kâ€™ cannot have cv-qualifier
   95 |   const int& dayInYear() [01;31m[Kconst[m[K { return time_struct_.tm_yday; }
      |                          [01;31m[K^~~~~[m[K
[01m[K/usr/local/include/glog/logging.h:[m[K In function â€˜[01m[Kconst int& google::dayInYear()[m[Kâ€™:
[01m[K/usr/local/include/glog/logging.h:95:41:[m[K [01;31m[Kerror: [m[Kâ€˜[01m[Ktime_struct_[m[Kâ€™ was not declared in this scope
   95 |   const int& dayInYear() const { return [01;31m[Ktime_struct_[m[K.tm_yday; }
      |                                         [01;31m[K^~~~~~~~~~~~[m[K
[01m[K/usr/local/include/glog/logging.h:[m[K At global scope:
[01m[K/usr/local/include/glog/logging.h:96:20:[m[K [01;31m[Kerror: [m[Knon-member function â€˜[01m[Kconst int& google::dst()[m[Kâ€™ cannot have cv-qualifier
   96 |   const int& dst() [01;31m[Kconst[m[K { return time_struct_.tm_isdst; }
      |                    [01;31m[K^~~~~[m[K
[01m[K/usr/local/include/glog/logging.h:[m[K In function â€˜[01m[Kconst int& google::dst()[m[Kâ€™:
[01m[K/usr/local/include/glog/logging.h:96:35:[m[K [01;31m[Kerror: [m[Kâ€˜[01m[Ktime_struct_[m[Kâ€™ was not declared in this scope
   96 |   const int& dst() const { return [01;31m[Ktime_struct_[m[K.tm_isdst; }
      |                                   [01;31m[K^~~~~~~~~~~~[m[K
[01m[K/usr/local/include/glog/logging.h:[m[K At global scope:
[01m[K/usr/local/include/glog/logging.h:97:28:[m[K [01;31m[Kerror: [m[Knon-member function â€˜[01m[Kconst long int& google::gmtoff()[m[Kâ€™ cannot have cv-qualifier
   97 |   const long int& gmtoff() [01;31m[Kconst[m[K { return gmtoffset_; }
      |                            [01;31m[K^~~~~[m[K
[01m[K/usr/local/include/glog/logging.h:[m[K In function â€˜[01m[Kconst long int& google::gmtoff()[m[Kâ€™:
[01m[K/usr/local/include/glog/logging.h:97:43:[m[K [01;31m[Kerror: [m[Kâ€˜[01m[Kgmtoffset_[m[Kâ€™ was not declared in this scope; did you mean â€˜[01m[Kgmtoff[m[Kâ€™?
   97 |   const long int& gmtoff() const { return [01;31m[Kgmtoffset_[m[K; }
      |                                           [01;31m[K^~~~~~~~~~[m[K
      |                                           [32m[Kgmtoff[m[K
[01m[K/usr/local/include/glog/logging.h:[m[K At global scope:
[01m[K/usr/local/include/glog/logging.h:98:23:[m[K [01;31m[Kerror: [m[Knon-member function â€˜[01m[Kconst tm& google::tm()[m[Kâ€™ cannot have cv-qualifier
   98 |   const std::tm& tm() [01;31m[Kconst[m[K { return time_struct_; }
      |                       [01;31m[K^~~~~[m[K
[01m[K/usr/local/include/glog/logging.h:[m[K In function â€˜[01m[Kconst tm& google::tm()[m[Kâ€™:
[01m[K/usr/local/include/glog/logging.h:98:38:[m[K [01;31m[Kerror: [m[Kâ€˜[01m[Ktime_struct_[m[Kâ€™ was not declared in this scope
   98 |   const std::tm& tm() const { return [01;31m[Ktime_struct_[m[K; }
      |                                      [01;31m[K^~~~~~~~~~~~[m[K
[01m[K/usr/local/include/glog/logging.h:[m[K At global scope:
[01m[K/usr/local/include/glog/logging.h:100:2:[m[K [01;31m[Kerror: [m[Kexpected unqualified-id before â€˜[01m[Kprivate[m[Kâ€™
  100 |  [01;31m[Kprivate[m[K:
      |  [01;31m[K^~~~~~~[m[K
[01m[K/usr/local/include/glog/logging.h:115:33:[m[K [01;31m[Kerror: [m[Kâ€˜[01m[KLogMessageTime[m[Kâ€™ does not name a type; did you mean â€˜[01m[KLogMessageInfo[m[Kâ€™?
  115 |                           const [01;31m[KLogMessageTime[m[K& time_)
      |                                 [01;31m[K^~~~~~~~~~~~~~[m[K
      |                                 [32m[KLogMessageInfo[m[K
[01m[K/usr/local/include/glog/logging.h:126:9:[m[K [01;31m[Kerror: [m[Kâ€˜[01m[KLogMessageTime[m[Kâ€™ does not name a type; did you mean â€˜[01m[KLogMessageInfo[m[Kâ€™?
  126 |   const [01;31m[KLogMessageTime[m[K& time;
      |         [01;31m[K^~~~~~~~~~~~~~[m[K
      |         [32m[KLogMessageInfo[m[K
[01m[K/usr/local/include/glog/logging.h:[m[K In constructor â€˜[01m[KLogMessageInfo::LogMessageInfo(const char*, const char*, const int&, std::thread::id, const int&)[m[Kâ€™:
[01m[K/usr/local/include/glog/logging.h:120:9:[m[K [01;31m[Kerror: [m[Kclass â€˜[01m[KLogMessageInfo[m[Kâ€™ does not have any field named â€˜[01m[Ktime[m[Kâ€™
  120 |         [01;31m[Ktime[m[K(time_) {}
      |         [01;31m[K^~~~[m[K
[01m[K/usr/local/include/glog/logging.h:[m[K At global scope:
[01m[K/usr/local/include/glog/logging.h:132:1:[m[K [01;31m[Kerror: [m[Kexpected declaration before â€˜[01m[K}[m[Kâ€™ token
  132 | [01;31m[K}[m[K  // namespace google
      | [01;31m[K^[m[K
[01m[K/usr/local/include/glog/logging.h:479:1:[m[K [01;31m[Kerror: [m[Ktwo or more data types in declaration of â€˜[01m[KInitGoogleLogging[m[Kâ€™
  479 | [01;31m[KGLOG_EXPORT[m[K void InitGoogleLogging(const char* argv0);
      | [01;31m[K^~~~~~~~~~~[m[K
[01m[K/usr/local/include/glog/logging.h:481:1:[m[K [01;31m[Kerror: [m[Ktwo or more data types in declaration of â€˜[01m[KInitGoogleLogging[m[Kâ€™
  481 | [01;31m[KGLOG_EXPORT[m[K void InitGoogleLogging(const char* argv0,
      | [01;31m[K^~~~~~~~~~~[m[K
[01m[K/usr/local/include/glog/logging.h:486:1:[m[K [01;31m[Kerror: [m[Ktwo or more data types in declaration of â€˜[01m[KIsGoogleLoggingInitialized[m[Kâ€™
  486 | [01;31m[KGLOG_EXPORT[m[K bool IsGoogleLoggingInitialized();
      | [01;31m[K^~~~~~~~~~~[m[K
[01m[K/usr/local/include/glog/logging.h:489:1:[m[K [01;31m[Kerror: [m[Ktwo or more data types in declaration of â€˜[01m[KShutdownGoogleLogging[m[Kâ€™
  489 | [01;31m[KGLOG_EXPORT[m[K void ShutdownGoogleLogging();
      | [01;31m[K^~~~~~~~~~~[m[K
[01m[K/usr/local/include/glog/logging.h:498:1:[m[K [01;31m[Kerror: [m[Ktwo or more data types in declaration of â€˜[01m[KInstallFailureFunction[m[Kâ€™
  498 | [01;31m[KGLOG_EXPORT[m[K void InstallFailureFunction(logging_fail_func_t fail_func);
      | [01;31m[K^~~~~~~~~~~[m[K
[01m[K/usr/local/include/glog/logging.h:501:1:[m[K [01;31m[Kerror: [m[Ktwo or more data types in declaration of â€˜[01m[KEnableLogCleaner[m[Kâ€™
  501 | [01;31m[KGLOG_EXPORT[m[K void EnableLogCleaner(unsigned int overdue_days);
      | [01;31m[K^~~~~~~~~~~[m[K
[01m[K/usr/local/include/glog/logging.h:502:1:[m[K [01;31m[Kerror: [m[Ktwo or more data types in declaration of â€˜[01m[KDisableLogCleaner[m[Kâ€™
  502 | [01;31m[KGLOG_EXPORT[m[K void DisableLogCleaner();
      | [01;31m[K^~~~~~~~~~~[m[K
[01m[K/usr/local/include/glog/logging.h:503:1:[m[K [01;31m[Kerror: [m[Ktwo or more data types in declaration of â€˜[01m[KSetApplicationFingerprint[m[Kâ€™
  503 | [01;31m[KGLOG_EXPORT[m[K void SetApplicationFingerprint(const std::string& fingerprint);
      | [01;31m[K^~~~~~~~~~~[m[K
[01m[K/usr/local/include/glog/logging.h:626:1:[m[K [01;31m[Kerror: [m[Ktwo or more data types in declaration of â€˜[01m[KMakeCheckOpValueString[m[Kâ€™
  626 | [01;31m[KGLOG_EXPORT[m[K void MakeCheckOpValueString(std::ostream* os, const char& v);
      | [01;31m[K^~~~~~~~~~~[m[K
[01m[K/usr/local/include/glog/logging.h:628:1:[m[K [01;31m[Kerror: [m[Ktwo or more data types in declaration of â€˜[01m[KMakeCheckOpValueString[m[Kâ€™
  628 | [01;31m[KGLOG_EXPORT[m[K void MakeCheckOpValueString(std::ostream* os, const signed char& v);
      | [01;31m[K^~~~~~~~~~~[m[K
[01m[K/usr/local/include/glog/logging.h:630:1:[m[K [01;31m[Kerror: [m[Ktwo or more data types in declaration of â€˜[01m[KMakeCheckOpValueString[m[Kâ€™
  630 | [01;31m[KGLOG_EXPORT[m[K void MakeCheckOpValueString(std::ostream* os,
      | [01;31m[K^~~~~~~~~~~[m[K
[01m[K/usr/local/include/glog/logging.h:635:1:[m[K [01;31m[Kerror: [m[Ktwo or more data types in declaration of â€˜[01m[KMakeCheckOpValueString[m[Kâ€™
  635 | [01;31m[KGLOG_EXPORT[m[K void MakeCheckOpValueString(std::ostream* os,
      | [01;31m[K^~~~~~~~~~~[m[K
[01m[K/usr/local/include/glog/logging.h:656:19:[m[K [01;31m[Kerror: [m[Kvariable â€˜[01m[Kgoogle::GLOG_EXPORT google::base::CheckOpMessageBuilder[m[Kâ€™ has initializer but incomplete type
  656 | class GLOG_EXPORT [01;31m[KCheckOpMessageBuilder[m[K {
      |                   [01;31m[K^~~~~~~~~~~~~~~~~~~~~[m[K
[01m[K/usr/local/include/glog/logging.h:657:2:[m[K [01;31m[Kerror: [m[Kexpected primary-expression before â€˜[01m[Kpublic[m[Kâ€™
  657 |  [01;31m[Kpublic[m[K:
      |  [01;31m[K^~~~~~[m[K
[01m[K/usr/local/include/glog/logging.h:657:2:[m[K [01;31m[Kerror: [m[Kexpected â€˜[01m[K}[m[Kâ€™ before â€˜[01m[Kpublic[m[Kâ€™
[01m[K/usr/local/include/glog/logging.h:656:41:[m[K [01;36m[Knote: [m[Kto match this â€˜[01m[K{[m[Kâ€™
  656 | class GLOG_EXPORT CheckOpMessageBuilder [01;36m[K{[m[K
      |                                         [01;36m[K^[m[K
[01m[K/usr/local/include/glog/logging.h:657:2:[m[K [01;31m[Kerror: [m[Kexpected â€˜[01m[K,[m[Kâ€™ or â€˜[01m[K;[m[Kâ€™ before â€˜[01m[Kpublic[m[Kâ€™
  657 |  [01;31m[Kpublic[m[K:
      |  [01;31m[K^~~~~~[m[K
[01m[K/usr/local/include/glog/logging.h:661:25:[m[K [01;31m[Kerror: [m[Kexpected class-name before â€˜[01m[K([m[Kâ€™ token
  661 |   ~CheckOpMessageBuilder[01;31m[K([m[K);
      |                         [01;31m[K^[m[K
[01m[K/usr/local/include/glog/logging.h:[m[K In function â€˜[01m[Kstd::ostream* google::base::ForVar1()[m[Kâ€™:
[01m[K/usr/local/include/glog/logging.h:663:36:[m[K [01;31m[Kerror: [m[Kâ€˜[01m[Kstream_[m[Kâ€™ was not declared in this scope
  663 |   std::ostream* ForVar1() { return [01;31m[Kstream_[m[K; }
      |                                    [01;31m[K^~~~~~~[m[K
[01m[K/usr/local/include/glog/logging.h:[m[K At global scope:
[01m[K/usr/local/include/glog/logging.h:669:2:[m[K [01;31m[Kerror: [m[Kexpected unqualified-id before â€˜[01m[Kprivate[m[Kâ€™
  669 |  [01;31m[Kprivate[m[K:
      |  [01;31m[K^~~~~~~[m[K
[01m[K/usr/local/include/glog/logging.h:[m[K In function â€˜[01m[Kstd::string* MakeCheckOpString(const T1&, const T2&, const char*)[m[Kâ€™:
[01m[K/usr/local/include/glog/logging.h:678:3:[m[K [01;31m[Kerror: [m[Kâ€˜[01m[Kbase[m[Kâ€™ has not been declared
  678 |   [01;31m[Kbase[m[K::CheckOpMessageBuilder comb(exprtext);
      |   [01;31m[K^~~~[m[K
[01m[K/usr/local/include/glog/logging.h:679:26:[m[K [01;31m[Kerror: [m[Kâ€˜[01m[Kcomb[m[Kâ€™ was not declared in this scope; did you mean â€˜[01m[Kwctomb[m[Kâ€™?
  679 |   MakeCheckOpValueString([01;31m[Kcomb[m[K.ForVar1(), v1);
      |                          [01;31m[K^~~~[m[K
      |                          [32m[Kwctomb[m[K
[01m[K/usr/local/include/glog/logging.h:[m[K At global scope:
[01m[K/usr/local/include/glog/logging.h:791:1:[m[K [01;31m[Kerror: [m[Kâ€˜[01m[KGLOG_EXPORT[m[Kâ€™ does not name a type
  791 | [01;31m[KDECLARE_CHECK_STROP_IMPL[m[K(strcmp, true)
      | [01;31m[K^~~~~~~~~~~~~~~~~~~~~~~~[m[K
[01m[K/usr/local/include/glog/logging.h:792:1:[m[K [01;31m[Kerror: [m[Kâ€˜[01m[KGLOG_EXPORT[m[Kâ€™ does not name a type
  792 | [01;31m[KDECLARE_CHECK_STROP_IMPL[m[K(strcmp, false)
      | [01;31m[K^~~~~~~~~~~~~~~~~~~~~~~~[m[K
[01m[K/usr/local/include/glog/logging.h:793:1:[m[K [01;31m[Kerror: [m[Kâ€˜[01m[KGLOG_EXPORT[m[Kâ€™ does not name a type
  793 | [01;31m[KDECLARE_CHECK_STROP_IMPL[m[K(strcasecmp, true)
      | [01;31m[K^~~~~~~~~~~~~~~~~~~~~~~~[m[K
[01m[K/usr/local/include/glog/logging.h:794:1:[m[K [01;31m[Kerror: [m[Kâ€˜[01m[KGLOG_EXPORT[m[Kâ€™ does not name a type
  794 | [01;31m[KDECLARE_CHECK_STROP_IMPL[m[K(strcasecmp, false)
      | [01;31m[K^~~~~~~~~~~~~~~~~~~~~~~~[m[K
[01m[K/usr/local/include/glog/logging.h:880:1:[m[K [01;31m[Kerror: [m[Kexpected declaration before â€˜[01m[K}[m[Kâ€™ token
  880 | [01;31m[K}[m[K  // namespace google
      | [01;31m[K^[m[K
[01m[K/usr/local/include/glog/logging.h:1144:32:[m[K [01;31m[Kerror: [m[Kexpected initializer before â€˜[01m[K:[m[Kâ€™ token
 1144 | class GLOG_EXPORT LogStreamBuf [01;31m[K:[m[K public std::streambuf {
      |                                [01;31m[K^[m[K
[01m[K/usr/local/include/glog/logging.h:1168:19:[m[K [01;31m[Kerror: [m[Kvariable â€˜[01m[Kgoogle::GLOG_EXPORT google::LogMessage[m[Kâ€™ has initializer but incomplete type
 1168 | class GLOG_EXPORT [01;31m[KLogMessage[m[K {
      |                   [01;31m[K^~~~~~~~~~[m[K
[01m[K/usr/local/include/glog/logging.h:1169:2:[m[K [01;31m[Kerror: [m[Kexpected primary-expression before â€˜[01m[Kpublic[m[Kâ€™
 1169 |  [01;31m[Kpublic[m[K:
      |  [01;31m[K^~~~~~[m[K
[01m[K/usr/local/include/glog/logging.h:1169:2:[m[K [01;31m[Kerror: [m[Kexpected â€˜[01m[K}[m[Kâ€™ before â€˜[01m[Kpublic[m[Kâ€™
[01m[K/usr/local/include/glog/logging.h:1168:30:[m[K [01;36m[Knote: [m[Kto match this â€˜[01m[K{[m[Kâ€™
 1168 | class GLOG_EXPORT LogMessage [01;36m[K{[m[K
      |                              [01;36m[K^[m[K
[01m[K/usr/local/include/glog/logging.h:1169:2:[m[K [01;31m[Kerror: [m[Kexpected â€˜[01m[K,[m[Kâ€™ or â€˜[01m[K;[m[Kâ€™ before â€˜[01m[Kpublic[m[Kâ€™
 1169 |  [01;31m[Kpublic[m[K:
      |  [01;31m[K^~~~~~[m[K
[01m[K/usr/local/include/glog/logging.h:1186:31:[m[K [01;31m[Kerror: [m[Kexpected initializer before â€˜[01m[K:[m[Kâ€™ token
 1186 |   class GLOG_EXPORT LogStream [01;31m[K:[m[K public std::ostream {
      |                               [01;31m[K^[m[K
[01m[K/usr/local/include/glog/logging.h:1232:2:[m[K [01;31m[Kerror: [m[Kexpected unqualified-id before â€˜[01m[Kpublic[m[Kâ€™
 1232 |  [01;31m[Kpublic[m[K:
      |  [01;31m[K^~~~~~[m[K
[01m[K/usr/local/include/glog/logging.h:1237:14:[m[K [01;31m[Kerror: [m[Kâ€˜[01m[KSendMethod[m[Kâ€™ has not been declared
 1237 |              [01;31m[KSendMethod[m[K send_method);
      |              [01;31m[K^~~~~~~~~~[m[K
[01m[K/usr/local/include/glog/logging.h:1237:37:[m[K [01;31m[Kerror: [m[Kexpected constructor, destructor, or type conversion before â€˜[01m[K;[m[Kâ€™ token
 1237 |              SendMethod send_method)[01;31m[K;[m[K
      |                                     [01;31m[K^[m[K
[01m[K/usr/local/include/glog/logging.h:1247:41:[m[K [01;31m[Kerror: [m[Kexpected constructor, destructor, or type conversion before â€˜[01m[K;[m[Kâ€™ token
 1247 |   LogMessage(const char* file, int line)[01;31m[K;[m[K
      |                                         [01;31m[K^[m[K
[01m[K/usr/local/include/glog/logging.h:1254:63:[m[K [01;31m[Kerror: [m[Kexpected constructor, destructor, or type conversion before â€˜[01m[K;[m[Kâ€™ token
 1254 |   LogMessage(const char* file, int line, LogSeverity severity)[01;31m[K;[m[K
      |                                                               [01;31m[K^[m[K
[01m[K/usr/local/include/glog/logging.h:1260:36:[m[K [01;31m[Kerror: [m[Kexpected constructor, destructor, or type conversion before â€˜[01m[K;[m[Kâ€™ token
 1260 |              bool also_send_to_log)[01;31m[K;[m[K
      |                                    [01;31m[K^[m[K
[01m[K/usr/local/include/glog/logging.h:1266:47:[m[K [01;31m[Kerror: [m[Kexpected constructor, destructor, or type conversion before â€˜[01m[K;[m[Kâ€™ token
 1266 |              std::vector<std::string>* outvec)[01;31m[K;[m[K
      |                                               [01;31m[K^[m[K
[01m[K/usr/local/include/glog/logging.h:1272:35:[m[K [01;31m[Kerror: [m[Kexpected constructor, destructor, or type conversion before â€˜[01m[K;[m[Kâ€™ token
 1272 |              std::string* message)[01;31m[K;[m[K
      |                                   [01;31m[K^[m[K
[01m[K/usr/local/include/glog/logging.h:1275:70:[m[K [01;31m[Kerror: [m[Kexpected constructor, destructor, or type conversion before â€˜[01m[K;[m[Kâ€™ token
 1275 |   LogMessage(const char* file, int line, const CheckOpString& result)[01;31m[K;[m[K
      |                                                                      [01;31m[K^[m[K
[01m[K/usr/local/include/glog/logging.h:1277:14:[m[K [01;31m[Kerror: [m[Kexpected class-name before â€˜[01m[K([m[Kâ€™ token
 1277 |   ~LogMessage[01;31m[K([m[K);
      |              [01;31m[K^[m[K
[01m[K/usr/local/include/glog/logging.h:1286:23:[m[K [01;31m[Kerror: [m[Kuninitialized â€˜[01m[Kconst google::kMaxLogMessageLen[m[Kâ€™ [[01;31m[K]8;;https://gcc.gnu.org/onlinedocs/gcc/Warning-Options.html#index-fpermissive-fpermissive]8;;[m[K]
 1286 |   static const size_t [01;31m[KkMaxLogMessageLen[m[K;
      |                       [01;31m[K^~~~~~~~~~~~~~~~~[m[K
[01m[K/usr/local/include/glog/logging.h:1298:25:[m[K [01;31m[Kerror: [m[Knon-member function â€˜[01m[Kint google::preserved_errno()[m[Kâ€™ cannot have cv-qualifier
 1298 |   int preserved_errno() [01;31m[Kconst[m[K;
      |                         [01;31m[K^~~~~[m[K
[01m[K/usr/local/include/glog/logging.h:1303:9:[m[K [01;31m[Kerror: [m[Kâ€˜[01m[KLogMessageTime[m[Kâ€™ does not name a type; did you mean â€˜[01m[KLogMessageInfo[m[Kâ€™?
 1303 |   const [01;31m[KLogMessageTime[m[K& getLogMessageTime() const;
      |         [01;31m[K^~~~~~~~~~~~~~[m[K
      |         [32m[KLogMessageInfo[m[K
[01m[K/usr/local/include/glog/logging.h:1307:2:[m[K [01;31m[Kerror: [m[Kexpected unqualified-id before â€˜[01m[Kprivate[m[Kâ€™
 1307 |  [01;31m[Kprivate[m[K:
      |  [01;31m[K^~~~~~~[m[K
[01m[K/usr/local/include/glog/logging.h:1318:29:[m[K [01;31m[Kerror: [m[Kexpected â€˜[01m[K)[m[Kâ€™ before â€˜[01m[K::[m[Kâ€™ token
 1318 |             void [34m[K([m[KLogMessage[01;31m[K:[m[K[32m[K:[m[K*send_method)());
      |                  [34m[K~[m[K          [01;31m[K^[m[K[32m[K~[m[K
      |                             [32m[K)[m[K
[01m[K/usr/local/include/glog/logging.h:1318:29:[m[K [01;31m[Kerror: [m[Kexpected â€˜[01m[K)[m[Kâ€™ before â€˜[01m[K::[m[Kâ€™ token
 1318 |             void (LogMessage[01;31m[K:[m[K[32m[K:[m[K*send_method)());
      |                             [01;31m[K^[m[K[32m[K~[m[K
      |                             [32m[K)[m[K
[01m[K/usr/local/include/glog/logging.h:1317:12:[m[K [01;36m[Knote: [m[Kto match this â€˜[01m[K([m[Kâ€™
 1317 |   void Init[01;36m[K([m[Kconst char* file, int line, LogSeverity severity,
      |            [01;36m[K^[m[K
[01m[K/usr/local/include/glog/logging.h:1318:29:[m[K [01;31m[Kerror: [m[Kexpected initializer before â€˜[01m[K::[m[Kâ€™ token
 1318 |             void (LogMessage[01;31m[K::[m[K*send_method)());
      |                             [01;31m[K^~[m[K
[01m[K/usr/local/include/glog/logging.h:1330:3:[m[K [01;31m[Kerror: [m[Kâ€˜[01m[KLogMessageTime[m[Kâ€™ does not name a type; did you mean â€˜[01m[KLogMessageData[m[Kâ€™?
 1330 |   [01;31m[KLogMessageTime[m[K logmsgtime_;
      |   [01;31m[K^~~~~~~~~~~~~~[m[K
      |   [32m[KLogMessageData[m[K
[01m[K/usr/local/include/glog/logging.h:1332:3:[m[K [01;31m[Kerror: [m[Kâ€˜[01m[Kfriend[m[Kâ€™ used outside of class
 1332 |   [01;31m[Kfriend[m[K class LogDestination;
      |   [01;31m[K^~~~~~[m[K
      |   [31m[K------[m[K
[01m[K/usr/local/include/glog/logging.h:1334:20:[m[K [01;31m[Kerror: [m[Kâ€˜[01m[KLogMessage[m[Kâ€™ does not name a type; did you mean â€˜[01m[KLogMessageData[m[Kâ€™?
 1334 |   LogMessage(const [01;31m[KLogMessage[m[K&);
      |                    [01;31m[K^~~~~~~~~~[m[K
      |                    [32m[KLogMessageData[m[K
[01m[K/usr/local/include/glog/logging.h:1334:32:[m[K [01;31m[Kerror: [m[Kexpected constructor, destructor, or type conversion before â€˜[01m[K;[m[Kâ€™ token
 1334 |   LogMessage(const LogMessage&)[01;31m[K;[m[K
      |                                [01;31m[K^[m[K
[01m[K/usr/local/include/glog/logging.h:1335:24:[m[K [01;31m[Kerror: [m[Kâ€˜[01m[KLogMessage[m[Kâ€™ does not name a type; did you mean â€˜[01m[KLogMessageData[m[Kâ€™?
 1335 |   void operator=(const [01;31m[KLogMessage[m[K&);
      |                        [01;31m[K^~~~~~~~~~[m[K
      |                        [32m[KLogMessageData[m[K
[01m[K/usr/local/include/glog/logging.h:1335:8:[m[K [01;31m[Kerror: [m[Kâ€˜[01m[Kvoid google::operator=(const int&)[m[Kâ€™ must be a non-static member function
 1335 |   void [01;31m[Koperator[m[K=(const LogMessage&);
      |        [01;31m[K^~~~~~~~[m[K
[01m[K/usr/local/include/glog/logging.h:1341:35:[m[K [01;31m[Kerror: [m[Kexpected initializer before â€˜[01m[K:[m[Kâ€™ token
 1341 | class GLOG_EXPORT LogMessageFatal [01;31m[K:[m[K public LogMessage {
      |                                   [01;31m[K^[m[K
[01m[K/usr/local/include/glog/logging.h:1350:13:[m[K [01;31m[Kerror: [m[Kvariable or field â€˜[01m[KLogAtLevel[m[Kâ€™ declared void
 1350 | inline void [01;31m[KLogAtLevel[m[K(LogSeverity severity, std::string const& msg) {
      |             [01;31m[K^~~~~~~~~~[m[K
[01m[K/usr/local/include/glog/logging.h:1350:24:[m[K [01;31m[Kerror: [m[Kâ€˜[01m[KLogSeverity[m[Kâ€™ was not declared in this scope; did you mean â€˜[01m[Kgoogle::LogSeverity[m[Kâ€™?
 1350 | inline void LogAtLevel([01;31m[KLogSeverity[m[K severity, std::string const& msg) {
      |                        [01;31m[K^~~~~~~~~~~[m[K
      |                        [32m[Kgoogle::LogSeverity[m[K
In file included from [01m[K/usr/local/include/glog/logging.h:77[m[K,
                 from [01m[K/workspaces/DockerExample/Radar_alliance V1.0/radar_remap_cpp/src/points_subscriber.cpp:8[m[K:
[01m[K/usr/local/include/glog/log_severity.h:62:6:[m[K [01;36m[Knote: [m[Kâ€˜[01m[Kgoogle::LogSeverity[m[Kâ€™ declared here
   62 | enum [01;36m[KLogSeverity[m[K {
      |      [01;36m[K^~~~~~~~~~~[m[K
In file included from [01m[K/workspaces/DockerExample/Radar_alliance V1.0/radar_remap_cpp/src/points_subscriber.cpp:8[m[K:
[01m[K/usr/local/include/glog/logging.h:1350:58:[m[K [01;31m[Kerror: [m[Kexpected primary-expression before â€˜[01m[Kconst[m[Kâ€™
 1350 | inline void LogAtLevel(LogSeverity severity, std::string [01;31m[Kconst[m[K& msg) {
      |                                                          [01;31m[K^~~~~[m[K
[01m[K/usr/local/include/glog/logging.h:[m[K In function â€˜[01m[KT CheckNotNull(const char*, int, const char*, T&&)[m[Kâ€™:
[01m[K/usr/local/include/glog/logging.h:1372:5:[m[K [01;31m[Kerror: [m[Kthere are no arguments to â€˜[01m[KLogMessageFatal[m[Kâ€™ that depend on a template parameter, so a declaration of â€˜[01m[KLogMessageFatal[m[Kâ€™ must be available [[01;31m[K]8;;https://gcc.gnu.org/onlinedocs/gcc/Warning-Options.html#index-fpermissive-fpermissive]8;;[m[K]
 1372 |     [01;31m[KLogMessageFatal[m[K(file, line, new std::string(names));
      |     [01;31m[K^~~~~~~~~~~~~~~[m[K
[01m[K/usr/local/include/glog/logging.h:1372:5:[m[K [01;36m[Knote: [m[K(if you use â€˜[01m[K-fpermissive[m[Kâ€™, G++ will accept your code, but allowing the use of an undeclared name is deprecated)
[01m[K/usr/local/include/glog/logging.h:[m[K At global scope:
[01m[K/usr/local/include/glog/logging.h:1380:25:[m[K [01;31m[Kerror: [m[Kexpected initializer before â€˜[01m[K&[m[Kâ€™ token
 1380 | GLOG_EXPORT std::ostream[01;31m[K&[m[K operator<<(std::ostream& os, const Counter_t&);
      |                         [01;31m[K^[m[K
[01m[K/usr/local/include/glog/logging.h:1383:35:[m[K [01;31m[Kerror: [m[Kexpected initializer before â€˜[01m[K:[m[Kâ€™ token
 1383 | class GLOG_EXPORT ErrnoLogMessage [01;31m[K:[m[K public LogMessage {
      |                                   [01;31m[K^[m[K
[01m[K/usr/local/include/glog/logging.h:1400:19:[m[K [01;31m[Kerror: [m[Kvariable â€˜[01m[KGLOG_EXPORT LogMessageVoidify[m[Kâ€™ has initializer but incomplete type
 1400 | class GLOG_EXPORT [01;31m[KLogMessageVoidify[m[K {
      |                   [01;31m[K^~~~~~~~~~~~~~~~~[m[K
[01m[K/usr/local/include/glog/logging.h:1401:2:[m[K [01;31m[Kerror: [m[Kexpected primary-expression before â€˜[01m[Kpublic[m[Kâ€™
 1401 |  [01;31m[Kpublic[m[K:
      |  [01;31m[K^~~~~~[m[K
[01m[K/usr/local/include/glog/logging.h:1401:2:[m[K [01;31m[Kerror: [m[Kexpected â€˜[01m[K}[m[Kâ€™ before â€˜[01m[Kpublic[m[Kâ€™
[01m[K/usr/local/include/glog/logging.h:1400:37:[m[K [01;36m[Knote: [m[Kto match this â€˜[01m[K{[m[Kâ€™
 1400 | class GLOG_EXPORT LogMessageVoidify [01;36m[K{[m[K
      |                                     [01;36m[K^[m[K
[01m[K/usr/local/include/glog/logging.h:1401:2:[m[K [01;31m[Kerror: [m[Kexpected â€˜[01m[K,[m[Kâ€™ or â€˜[01m[K;[m[Kâ€™ before â€˜[01m[Kpublic[m[Kâ€™
 1401 |  [01;31m[Kpublic[m[K:
      |  [01;31m[K^~~~~~[m[K
[01m[K/usr/local/include/glog/logging.h:1406:1:[m[K [01;31m[Kerror: [m[Kexpected declaration before â€˜[01m[K}[m[Kâ€™ token
 1406 | [01;31m[K}[m[K;
      | [01;31m[K^[m[K
[01m[K/usr/local/include/glog/logging.h:1410:1:[m[K [01;31m[Kerror: [m[Ktwo or more data types in declaration of â€˜[01m[KFlushLogFiles[m[Kâ€™
 1410 | [01;31m[KGLOG_EXPORT[m[K void FlushLogFiles(LogSeverity min_severity);
      | [01;31m[K^~~~~~~~~~~[m[K
[01m[K/usr/local/include/glog/logging.h:1410:32:[m[K [01;31m[Kerror: [m[Kâ€˜[01m[KLogSeverity[m[Kâ€™ was not declared in this scope; did you mean â€˜[01m[Kgoogle::LogSeverity[m[Kâ€™?
 1410 | GLOG_EXPORT void FlushLogFiles([01;31m[KLogSeverity[m[K min_severity);
      |                                [01;31m[K^~~~~~~~~~~[m[K
      |                                [32m[Kgoogle::LogSeverity[m[K
In file included from [01m[K/usr/local/include/glog/logging.h:77[m[K,
                 from [01m[K/workspaces/DockerExample/Radar_alliance V1.0/radar_remap_cpp/src/points_subscriber.cpp:8[m[K:
[01m[K/usr/local/include/glog/log_severity.h:62:6:[m[K [01;36m[Knote: [m[Kâ€˜[01m[Kgoogle::LogSeverity[m[Kâ€™ declared here
   62 | enum [01;36m[KLogSeverity[m[K {
      |      [01;36m[K^~~~~~~~~~~[m[K
In file included from [01m[K/workspaces/DockerExample/Radar_alliance V1.0/radar_remap_cpp/src/points_subscriber.cpp:8[m[K:
[01m[K/usr/local/include/glog/logging.h:1415:1:[m[K [01;31m[Kerror: [m[Ktwo or more data types in declaration of â€˜[01m[KFlushLogFilesUnsafe[m[Kâ€™
 1415 | [01;31m[KGLOG_EXPORT[m[K void FlushLogFilesUnsafe(LogSeverity min_severity);
      | [01;31m[K^~~~~~~~~~~[m[K
[01m[K/usr/local/include/glog/logging.h:1415:38:[m[K [01;31m[Kerror: [m[Kâ€˜[01m[KLogSeverity[m[Kâ€™ was not declared in this scope; did you mean â€˜[01m[Kgoogle::LogSeverity[m[Kâ€™?
 1415 | GLOG_EXPORT void FlushLogFilesUnsafe([01;31m[KLogSeverity[m[K min_severity);
      |                                      [01;31m[K^~~~~~~~~~~[m[K
      |                                      [32m[Kgoogle::LogSeverity[m[K
In file included from [01m[K/usr/local/include/glog/logging.h:77[m[K,
                 from [01m[K/workspaces/DockerExample/Radar_alliance V1.0/radar_remap_cpp/src/points_subscriber.cpp:8[m[K:
[01m[K/usr/local/include/glog/log_severity.h:62:6:[m[K [01;36m[Knote: [m[Kâ€˜[01m[Kgoogle::LogSeverity[m[Kâ€™ declared here
   62 | enum [01;36m[KLogSeverity[m[K {
      |      [01;36m[K^~~~~~~~~~~[m[K
In file included from [01m[K/workspaces/DockerExample/Radar_alliance V1.0/radar_remap_cpp/src/points_subscriber.cpp:8[m[K:
[01m[K/usr/local/include/glog/logging.h:1422:1:[m[K [01;31m[Kerror: [m[Ktwo or more data types in declaration of â€˜[01m[KSetLogDestination[m[Kâ€™
 1422 | [01;31m[KGLOG_EXPORT[m[K void SetLogDestination(LogSeverity severity,
      | [01;31m[K^~~~~~~~~~~[m[K
[01m[K/usr/local/include/glog/logging.h:1422:36:[m[K [01;31m[Kerror: [m[Kâ€˜[01m[KLogSeverity[m[Kâ€™ was not declared in this scope; did you mean â€˜[01m[Kgoogle::LogSeverity[m[Kâ€™?
 1422 | GLOG_EXPORT void SetLogDestination([01;31m[KLogSeverity[m[K severity,
      |                                    [01;31m[K^~~~~~~~~~~[m[K
      |                                    [32m[Kgoogle::LogSeverity[m[K
In file included from [01m[K/usr/local/include/glog/logging.h:77[m[K,
                 from [01m[K/workspaces/DockerExample/Radar_alliance V1.0/radar_remap_cpp/src/points_subscriber.cpp:8[m[K:
[01m[K/usr/local/include/glog/log_severity.h:62:6:[m[K [01;36m[Knote: [m[Kâ€˜[01m[Kgoogle::LogSeverity[m[Kâ€™ declared here
   62 | enum [01;36m[KLogSeverity[m[K {
      |      [01;36m[K^~~~~~~~~~~[m[K
In file included from [01m[K/workspaces/DockerExample/Radar_alliance V1.0/radar_remap_cpp/src/points_subscriber.cpp:8[m[K:
[01m[K/usr/local/include/glog/logging.h:1423:36:[m[K [01;31m[Kerror: [m[Kexpected primary-expression before â€˜[01m[Kconst[m[Kâ€™
 1423 |                                    [01;31m[Kconst[m[K char* base_filename);
      |                                    [01;31m[K^~~~~[m[K
[01m[K/usr/local/include/glog/logging.h:1431:1:[m[K [01;31m[Kerror: [m[Ktwo or more data types in declaration of â€˜[01m[KSetLogSymlink[m[Kâ€™
 1431 | [01;31m[KGLOG_EXPORT[m[K void SetLogSymlink(LogSeverity severity,
      | [01;31m[K^~~~~~~~~~~[m[K
[01m[K/usr/local/include/glog/logging.h:1431:32:[m[K [01;31m[Kerror: [m[Kâ€˜[01m[KLogSeverity[m[Kâ€™ was not declared in this scope; did you mean â€˜[01m[Kgoogle::LogSeverity[m[Kâ€™?
 1431 | GLOG_EXPORT void SetLogSymlink([01;31m[KLogSeverity[m[K severity,
      |                                [01;31m[K^~~~~~~~~~~[m[K
      |                                [32m[Kgoogle::LogSeverity[m[K
In file included from [01m[K/usr/local/include/glog/logging.h:77[m[K,
                 from [01m[K/workspaces/DockerExample/Radar_alliance V1.0/radar_remap_cpp/src/points_subscriber.cpp:8[m[K:
[01m[K/usr/local/include/glog/log_severity.h:62:6:[m[K [01;36m[Knote: [m[Kâ€˜[01m[Kgoogle::LogSeverity[m[Kâ€™ declared here
   62 | enum [01;36m[KLogSeverity[m[K {
      |      [01;36m[K^~~~~~~~~~~[m[K
In file included from [01m[K/workspaces/DockerExample/Radar_alliance V1.0/radar_remap_cpp/src/points_subscriber.cpp:8[m[K:
[01m[K/usr/local/include/glog/logging.h:1432:32:[m[K [01;31m[Kerror: [m[Kexpected primary-expression before â€˜[01m[Kconst[m[Kâ€™
 1432 |                                [01;31m[Kconst[m[K char* symlink_basename);
      |                                [01;31m[K^~~~~[m[K
[01m[K/usr/local/include/glog/logging.h:1439:19:[m[K [01;31m[Kerror: [m[Kvariable â€˜[01m[KGLOG_EXPORT LogSink[m[Kâ€™ has initializer but incomplete type
 1439 | class GLOG_EXPORT [01;31m[KLogSink[m[K {
      |                   [01;31m[K^~~~~~~[m[K
[01m[K/usr/local/include/glog/logging.h:1440:2:[m[K [01;31m[Kerror: [m[Kexpected primary-expression before â€˜[01m[Kpublic[m[Kâ€™
 1440 |  [01;31m[Kpublic[m[K:
      |  [01;31m[K^~~~~~[m[K
[01m[K/usr/local/include/glog/logging.h:1440:2:[m[K [01;31m[Kerror: [m[Kexpected â€˜[01m[K}[m[Kâ€™ before â€˜[01m[Kpublic[m[Kâ€™
[01m[K/usr/local/include/glog/logging.h:1439:27:[m[K [01;36m[Knote: [m[Kto match this â€˜[01m[K{[m[Kâ€™
 1439 | class GLOG_EXPORT LogSink [01;36m[K{[m[K
      |                           [01;36m[K^[m[K
[01m[K/usr/local/include/glog/logging.h:1440:2:[m[K [01;31m[Kerror: [m[Kexpected â€˜[01m[K,[m[Kâ€™ or â€˜[01m[K;[m[Kâ€™ before â€˜[01m[Kpublic[m[Kâ€™
 1440 |  [01;31m[Kpublic[m[K:
      |  [01;31m[K^~~~~~[m[K
[01m[K/usr/local/include/glog/logging.h:1446:3:[m[K [01;31m[Kerror: [m[Kâ€˜[01m[Kvirtual[m[Kâ€™ outside class declaration
 1446 |   [01;31m[Kvirtual[m[K void send(LogSeverity severity, const char* full_filename,
      |   [01;31m[K^~~~~~~[m[K
[01m[K/usr/local/include/glog/logging.h:1446:16:[m[K [01;31m[Kerror: [m[Kvariable or field â€˜[01m[Ksend[m[Kâ€™ declared void
 1446 |   virtual void [01;31m[Ksend[m[K(LogSeverity severity, const char* full_filename,
      |                [01;31m[K^~~~[m[K
[01m[K/usr/local/include/glog/logging.h:1446:21:[m[K [01;31m[Kerror: [m[Kâ€˜[01m[KLogSeverity[m[Kâ€™ was not declared in this scope; did you mean â€˜[01m[Kgoogle::LogSeverity[m[Kâ€™?
 1446 |   virtual void send([01;31m[KLogSeverity[m[K severity, const char* full_filename,
      |                     [01;31m[K^~~~~~~~~~~[m[K
      |                     [32m[Kgoogle::LogSeverity[m[K
In file included from [01m[K/usr/local/include/glog/logging.h:77[m[K,
                 from [01m[K/workspaces/DockerExample/Radar_alliance V1.0/radar_remap_cpp/src/points_subscriber.cpp:8[m[K:
[01m[K/usr/local/include/glog/log_severity.h:62:6:[m[K [01;36m[Knote: [m[Kâ€˜[01m[Kgoogle::LogSeverity[m[Kâ€™ declared here
   62 | enum [01;36m[KLogSeverity[m[K {
      |      [01;36m[K^~~~~~~~~~~[m[K
In file included from [01m[K/workspaces/DockerExample/Radar_alliance V1.0/radar_remap_cpp/src/points_subscriber.cpp:8[m[K:
[01m[K/usr/local/include/glog/logging.h:1446:43:[m[K [01;31m[Kerror: [m[Kexpected primary-expression before â€˜[01m[Kconst[m[Kâ€™
 1446 |   virtual void send(LogSeverity severity, [01;31m[Kconst[m[K char* full_filename,
      |                                           [01;31m[K^~~~~[m[K
[01m[K/usr/local/include/glog/logging.h:1447:21:[m[K [01;31m[Kerror: [m[Kexpected primary-expression before â€˜[01m[Kconst[m[Kâ€™
 1447 |                     [01;31m[Kconst[m[K char* base_filename, int line,
      |                     [01;31m[K^~~~~[m[K
[01m[K/usr/local/include/glog/logging.h:1447:48:[m[K [01;31m[Kerror: [m[Kexpected primary-expression before â€˜[01m[Kint[m[Kâ€™
 1447 |                     const char* base_filename, [01;31m[Kint[m[K line,
      |                                                [01;31m[K^~~[m[K
[01m[K/usr/local/include/glog/logging.h:1448:21:[m[K [01;31m[Kerror: [m[Kexpected primary-expression before â€˜[01m[Kconst[m[Kâ€™
 1448 |                     [01;31m[Kconst[m[K LogMessageTime& logmsgtime, const char* message,
      |                     [01;31m[K^~~~~[m[K
[01m[K/usr/local/include/glog/logging.h:1448:55:[m[K [01;31m[Kerror: [m[Kexpected primary-expression before â€˜[01m[Kconst[m[Kâ€™
 1448 |                     const LogMessageTime& logmsgtime, [01;31m[Kconst[m[K char* message,
      |                                                       [01;31m[K^~~~~[m[K
[01m[K/usr/local/include/glog/logging.h:1449:28:[m[K [01;31m[Kerror: [m[Kexpected primary-expression before â€˜[01m[Kmessage_len[m[Kâ€™
 1449 |                     size_t [01;31m[Kmessage_len[m[K);
      |                            [01;31m[K^~~~~~~~~~~[m[K
[01m[K/usr/local/include/glog/logging.h:1451:3:[m[K [01;31m[Kerror: [m[Kâ€˜[01m[KGLOG_DEPRECATED[m[Kâ€™ does not name a type; did you mean â€˜[01m[KCV_DEPRECATED[m[Kâ€™?
 1451 |   [01;31m[KGLOG_DEPRECATED[m[K
      |   [01;31m[K^~~~~~~~~~~~~~~[m[K
      |   [32m[KCV_DEPRECATED[m[K
[01m[K/usr/local/include/glog/logging.h:1469:3:[m[K [01;31m[Kerror: [m[Kâ€˜[01m[Kvirtual[m[Kâ€™ outside class declaration
 1469 |   [01;31m[Kvirtual[m[K void WaitTillSent();
      |   [01;31m[K^~~~~~~[m[K
[01m[K/usr/local/include/glog/logging.h:1473:31:[m[K [01;31m[Kerror: [m[Kâ€˜[01m[KLogSeverity[m[Kâ€™ was not declared in this scope; did you mean â€˜[01m[Kgoogle::LogSeverity[m[Kâ€™?
 1473 |   static std::string ToString([01;31m[KLogSeverity[m[K severity, const char* file, int line,
      |                               [01;31m[K^~~~~~~~~~~[m[K
      |                               [32m[Kgoogle::LogSeverity[m[K
In file included from [01m[K/usr/local/include/glog/logging.h:77[m[K,
                 from [01m[K/workspaces/DockerExample/Radar_alliance V1.0/radar_remap_cpp/src/points_subscriber.cpp:8[m[K:
[01m[K/usr/local/include/glog/log_severity.h:62:6:[m[K [01;36m[Knote: [m[Kâ€˜[01m[Kgoogle::LogSeverity[m[Kâ€™ declared here
   62 | enum [01;36m[KLogSeverity[m[K {
      |      [01;36m[K^~~~~~~~~~~[m[K
In file included from [01m[K/workspaces/DockerExample/Radar_alliance V1.0/radar_remap_cpp/src/points_subscriber.cpp:8[m[K:
[01m[K/usr/local/include/glog/logging.h:1473:53:[m[K [01;31m[Kerror: [m[Kexpected primary-expression before â€˜[01m[Kconst[m[Kâ€™
 1473 |   static std::string ToString(LogSeverity severity, [01;31m[Kconst[m[K char* file, int line,
      |                                                     [01;31m[K^~~~~[m[K
[01m[K/usr/local/include/glog/logging.h:1473:71:[m[K [01;31m[Kerror: [m[Kexpected primary-expression before â€˜[01m[Kint[m[Kâ€™
 1473 |  static std::string ToString(LogSeverity severity, const char* file, [01;31m[Kint[m[K line,
      |                                                                      [01;31m[K^~~[m[K

[01m[K/usr/local/include/glog/logging.h:1474:31:[m[K [01;31m[Kerror: [m[Kexpected primary-expression before â€˜[01m[Kconst[m[Kâ€™
 1474 |                               [01;31m[Kconst[m[K LogMessageTime& logmsgtime,
      |                               [01;31m[K^~~~~[m[K
[01m[K/usr/local/include/glog/logging.h:1475:31:[m[K [01;31m[Kerror: [m[Kexpected primary-expression before â€˜[01m[Kconst[m[Kâ€™
 1475 |                               [01;31m[Kconst[m[K char* message, size_t message_len);
      |                               [01;31m[K^~~~~[m[K
[01m[K/usr/local/include/glog/logging.h:1475:59:[m[K [01;31m[Kerror: [m[Kexpected primary-expression before â€˜[01m[Kmessage_len[m[Kâ€™
 1475 |                               const char* message, size_t [01;31m[Kmessage_len[m[K);
      |                                                           [01;31m[K^~~~~~~~~~~[m[K
[01m[K/usr/local/include/glog/logging.h:1476:1:[m[K [01;31m[Kerror: [m[Kexpected declaration before â€˜[01m[K}[m[Kâ€™ token
 1476 | [01;31m[K}[m[K;
      | [01;31m[K^[m[K
[01m[K/usr/local/include/glog/logging.h:1479:1:[m[K [01;31m[Kerror: [m[Ktwo or more data types in declaration of â€˜[01m[KAddLogSink[m[Kâ€™
 1479 | [01;31m[KGLOG_EXPORT[m[K void AddLogSink(LogSink* destination);
      | [01;31m[K^~~~~~~~~~~[m[K
[01m[K/usr/local/include/glog/logging.h:1479:38:[m[K [01;31m[Kerror: [m[Kâ€˜[01m[Kdestination[m[Kâ€™ was not declared in this scope
 1479 | GLOG_EXPORT void AddLogSink(LogSink* [01;31m[Kdestination[m[K);
      |                                      [01;31m[K^~~~~~~~~~~[m[K
[01m[K/usr/local/include/glog/logging.h:1480:1:[m[K [01;31m[Kerror: [m[Ktwo or more data types in declaration of â€˜[01m[KRemoveLogSink[m[Kâ€™
 1480 | [01;31m[KGLOG_EXPORT[m[K void RemoveLogSink(LogSink* destination);
      | [01;31m[K^~~~~~~~~~~[m[K
[01m[K/usr/local/include/glog/logging.h:1480:41:[m[K [01;31m[Kerror: [m[Kâ€˜[01m[Kdestination[m[Kâ€™ was not declared in this scope
 1480 | GLOG_EXPORT void RemoveLogSink(LogSink* [01;31m[Kdestination[m[K);
      |                                         [01;31m[K^~~~~~~~~~~[m[K
[01m[K/usr/local/include/glog/logging.h:1488:1:[m[K [01;31m[Kerror: [m[Ktwo or more data types in declaration of â€˜[01m[KSetLogFilenameExtension[m[Kâ€™
 1488 | [01;31m[KGLOG_EXPORT[m[K void SetLogFilenameExtension(const char* filename_extension);
      | [01;31m[K^~~~~~~~~~~[m[K
[01m[K/usr/local/include/glog/logging.h:1495:1:[m[K [01;31m[Kerror: [m[Ktwo or more data types in declaration of â€˜[01m[KSetStderrLogging[m[Kâ€™
 1495 | [01;31m[KGLOG_EXPORT[m[K void SetStderrLogging(LogSeverity min_severity);
      | [01;31m[K^~~~~~~~~~~[m[K
[01m[K/usr/local/include/glog/logging.h:1495:35:[m[K [01;31m[Kerror: [m[Kâ€˜[01m[KLogSeverity[m[Kâ€™ was not declared in this scope; did you mean â€˜[01m[Kgoogle::LogSeverity[m[Kâ€™?
 1495 | GLOG_EXPORT void SetStderrLogging([01;31m[KLogSeverity[m[K min_severity);
      |                                   [01;31m[K^~~~~~~~~~~[m[K
      |                                   [32m[Kgoogle::LogSeverity[m[K
In file included from [01m[K/usr/local/include/glog/logging.h:77[m[K,
                 from [01m[K/workspaces/DockerExample/Radar_alliance V1.0/radar_remap_cpp/src/points_subscriber.cpp:8[m[K:
[01m[K/usr/local/include/glog/log_severity.h:62:6:[m[K [01;36m[Knote: [m[Kâ€˜[01m[Kgoogle::LogSeverity[m[Kâ€™ declared here
   62 | enum [01;36m[KLogSeverity[m[K {
      |      [01;36m[K^~~~~~~~~~~[m[K
In file included from [01m[K/workspaces/DockerExample/Radar_alliance V1.0/radar_remap_cpp/src/points_subscriber.cpp:8[m[K:
[01m[K/usr/local/include/glog/logging.h:1500:1:[m[K [01;31m[Kerror: [m[Ktwo or more data types in declaration of â€˜[01m[KLogToStderr[m[Kâ€™
 1500 | [01;31m[KGLOG_EXPORT[m[K void LogToStderr();
      | [01;31m[K^~~~~~~~~~~[m[K
[01m[K/usr/local/include/glog/logging.h:1508:1:[m[K [01;31m[Kerror: [m[Ktwo or more data types in declaration of â€˜[01m[KSetEmailLogging[m[Kâ€™
 1508 | [01;31m[KGLOG_EXPORT[m[K void SetEmailLogging(LogSeverity min_severity,
      | [01;31m[K^~~~~~~~~~~[m[K
[01m[K/usr/local/include/glog/logging.h:1508:34:[m[K [01;31m[Kerror: [m[Kâ€˜[01m[KLogSeverity[m[Kâ€™ was not declared in this scope; did you mean â€˜[01m[Kgoogle::LogSeverity[m[Kâ€™?
 1508 | GLOG_EXPORT void SetEmailLogging([01;31m[KLogSeverity[m[K min_severity,
      |                                  [01;31m[K^~~~~~~~~~~[m[K
      |                                  [32m[Kgoogle::LogSeverity[m[K
In file included from [01m[K/usr/local/include/glog/logging.h:77[m[K,
                 from [01m[K/workspaces/DockerExample/Radar_alliance V1.0/radar_remap_cpp/src/points_subscriber.cpp:8[m[K:
[01m[K/usr/local/include/glog/log_severity.h:62:6:[m[K [01;36m[Knote: [m[Kâ€˜[01m[Kgoogle::LogSeverity[m[Kâ€™ declared here
   62 | enum [01;36m[KLogSeverity[m[K {
      |      [01;36m[K^~~~~~~~~~~[m[K
In file included from [01m[K/workspaces/DockerExample/Radar_alliance V1.0/radar_remap_cpp/src/points_subscriber.cpp:8[m[K:
[01m[K/usr/local/include/glog/logging.h:1509:34:[m[K [01;31m[Kerror: [m[Kexpected primary-expression before â€˜[01m[Kconst[m[Kâ€™
 1509 |                                  [01;31m[Kconst[m[K char* addresses);
      |                                  [01;31m[K^~~~~[m[K
[01m[K/usr/local/include/glog/logging.h:1513:1:[m[K [01;31m[Kerror: [m[Ktwo or more data types in declaration of â€˜[01m[KSendEmail[m[Kâ€™
 1513 | [01;31m[KGLOG_EXPORT[m[K bool SendEmail(const char* dest, const char* subject,
      | [01;31m[K^~~~~~~~~~~[m[K
[01m[K/usr/local/include/glog/logging.h:1516:43:[m[K [01;31m[Kerror: [m[Kinvalid declarator before â€˜[01m[K&[m[Kâ€™ token
 1516 | GLOG_EXPORT const std::vector<std::string>[01;31m[K&[m[K GetLoggingDirectories();
      |                                           [01;31m[K^[m[K
[01m[K/usr/local/include/glog/logging.h:1521:1:[m[K [01;31m[Kerror: [m[Ktwo or more data types in declaration of â€˜[01m[KReprintFatalMessage[m[Kâ€™
 1521 | [01;31m[KGLOG_EXPORT[m[K void ReprintFatalMessage();
      | [01;31m[K^~~~~~~~~~~[m[K
[01m[K/usr/local/include/glog/logging.h:1530:1:[m[K [01;31m[Kerror: [m[Ktwo or more data types in declaration of â€˜[01m[KTruncateLogFile[m[Kâ€™
 1530 | [01;31m[KGLOG_EXPORT[m[K void TruncateLogFile(const char* path, uint64 limit, uint64 keep);
      | [01;31m[K^~~~~~~~~~~[m[K
[01m[K/usr/local/include/glog/logging.h:1535:1:[m[K [01;31m[Kerror: [m[Ktwo or more data types in declaration of â€˜[01m[KTruncateStdoutStderr[m[Kâ€™
 1535 | [01;31m[KGLOG_EXPORT[m[K void TruncateStdoutStderr();
      | [01;31m[K^~~~~~~~~~~[m[K
[01m[K/usr/local/include/glog/logging.h:1539:1:[m[K [01;31m[Kerror: [m[Ktwo or more data types in declaration of â€˜[01m[KGetLogSeverityName[m[Kâ€™
 1539 | [01;31m[KGLOG_EXPORT[m[K const char* GetLogSeverityName(LogSeverity severity);
      | [01;31m[K^~~~~~~~~~~[m[K
[01m[K/usr/local/include/glog/logging.h:1539:44:[m[K [01;31m[Kerror: [m[Kâ€˜[01m[KLogSeverity[m[Kâ€™ was not declared in this scope; did you mean â€˜[01m[Kgoogle::LogSeverity[m[Kâ€™?
 1539 | GLOG_EXPORT const char* GetLogSeverityName([01;31m[KLogSeverity[m[K severity);
      |                                            [01;31m[K^~~~~~~~~~~[m[K
      |                                            [32m[Kgoogle::LogSeverity[m[K
In file included from [01m[K/usr/local/include/glog/logging.h:77[m[K,
                 from [01m[K/workspaces/DockerExample/Radar_alliance V1.0/radar_remap_cpp/src/points_subscriber.cpp:8[m[K:
[01m[K/usr/local/include/glog/log_severity.h:62:6:[m[K [01;36m[Knote: [m[Kâ€˜[01m[Kgoogle::LogSeverity[m[Kâ€™ declared here
   62 | enum [01;36m[KLogSeverity[m[K {
      |      [01;36m[K^~~~~~~~~~~[m[K
In file included from [01m[K/workspaces/DockerExample/Radar_alliance V1.0/radar_remap_cpp/src/points_subscriber.cpp:8[m[K:
[01m[K/usr/local/include/glog/logging.h:1554:19:[m[K [01;31m[Kerror: [m[Kvariable â€˜[01m[KGLOG_EXPORT base::Logger[m[Kâ€™ has initializer but incomplete type
 1554 | class GLOG_EXPORT [01;31m[KLogger[m[K {
      |                   [01;31m[K^~~~~~[m[K
[01m[K/usr/local/include/glog/logging.h:1555:2:[m[K [01;31m[Kerror: [m[Kexpected primary-expression before â€˜[01m[Kpublic[m[Kâ€™
 1555 |  [01;31m[Kpublic[m[K:
      |  [01;31m[K^~~~~~[m[K
[01m[K/usr/local/include/glog/logging.h:1555:2:[m[K [01;31m[Kerror: [m[Kexpected â€˜[01m[K}[m[Kâ€™ before â€˜[01m[Kpublic[m[Kâ€™
[01m[K/usr/local/include/glog/logging.h:1554:26:[m[K [01;36m[Knote: [m[Kto match this â€˜[01m[K{[m[Kâ€™
 1554 | class GLOG_EXPORT Logger [01;36m[K{[m[K
      |                          [01;36m[K^[m[K
[01m[K/usr/local/include/glog/logging.h:1555:2:[m[K [01;31m[Kerror: [m[Kexpected â€˜[01m[K,[m[Kâ€™ or â€˜[01m[K;[m[Kâ€™ before â€˜[01m[Kpublic[m[Kâ€™
 1555 |  [01;31m[Kpublic[m[K:
      |  [01;31m[K^~~~~~[m[K
[01m[K/usr/local/include/glog/logging.h:1566:3:[m[K [01;31m[Kerror: [m[Kâ€˜[01m[Kvirtual[m[Kâ€™ outside class declaration
 1566 |   [01;31m[Kvirtual[m[K void Write(bool force_flush, time_t timestamp, const char* message,
      |   [01;31m[K^~~~~~~[m[K
[01m[K/usr/local/include/glog/logging.h:1566:16:[m[K [01;31m[Kerror: [m[Kfunction â€˜[01m[Kvoid base::Write(bool, time_t, const char*, size_t)[m[Kâ€™ is initialized like a variable
 1566 |   virtual void [01;31m[KWrite[m[K(bool force_flush, time_t timestamp, const char* message,
      |                [01;31m[K^~~~~[m[K
[01m[K/usr/local/include/glog/logging.h:1570:3:[m[K [01;31m[Kerror: [m[Kâ€˜[01m[Kvirtual[m[Kâ€™ outside class declaration
 1570 |   [01;31m[Kvirtual[m[K void Flush() = 0;
      |   [01;31m[K^~~~~~~[m[K
[01m[K/usr/local/include/glog/logging.h:1570:16:[m[K [01;31m[Kerror: [m[Kfunction â€˜[01m[Kvoid base::Flush()[m[Kâ€™ is initialized like a variable
 1570 |   virtual void [01;31m[KFlush[m[K() = 0;
      |                [01;31m[K^~~~~[m[K
[01m[K/usr/local/include/glog/logging.h:1575:11:[m[K [01;31m[Kerror: [m[Kâ€˜[01m[Kuint32[m[Kâ€™ does not name a type; did you mean â€˜[01m[Kuint64[m[Kâ€™?
 1575 |   virtual [01;31m[Kuint32[m[K LogSize() = 0;
      |           [01;31m[K^~~~~~[m[K
      |           [32m[Kuint64[m[K
[01m[K/usr/local/include/glog/logging.h:1581:26:[m[K [01;31m[Kerror: [m[Kexpected initializer before â€˜[01m[K*[m[Kâ€™ token
 1581 | extern GLOG_EXPORT Logger[01;31m[K*[m[K GetLogger(LogSeverity level);
      |                          [01;31m[K^[m[K
[01m[K/usr/local/include/glog/logging.h:1586:8:[m[K [01;31m[Kerror: [m[Ktwo or more data types in declaration of â€˜[01m[KSetLogger[m[Kâ€™
 1586 | extern [01;31m[KGLOG_EXPORT[m[K void SetLogger(LogSeverity level, Logger* logger);
      |        [01;31m[K^~~~~~~~~~~[m[K
[01m[K/usr/local/include/glog/logging.h:1586:35:[m[K [01;31m[Kerror: [m[Kâ€˜[01m[KLogSeverity[m[Kâ€™ was not declared in this scope; did you mean â€˜[01m[Kgoogle::LogSeverity[m[Kâ€™?
 1586 | extern GLOG_EXPORT void SetLogger([01;31m[KLogSeverity[m[K level, Logger* logger);
      |                                   [01;31m[K^~~~~~~~~~~[m[K
      |                                   [32m[Kgoogle::LogSeverity[m[K
In file included from [01m[K/usr/local/include/glog/logging.h:77[m[K,
                 from [01m[K/workspaces/DockerExample/Radar_alliance V1.0/radar_remap_cpp/src/points_subscriber.cpp:8[m[K:
[01m[K/usr/local/include/glog/log_severity.h:62:6:[m[K [01;36m[Knote: [m[Kâ€˜[01m[Kgoogle::LogSeverity[m[Kâ€™ declared here
   62 | enum [01;36m[KLogSeverity[m[K {
      |      [01;36m[K^~~~~~~~~~~[m[K
In file included from [01m[K/workspaces/DockerExample/Radar_alliance V1.0/radar_remap_cpp/src/points_subscriber.cpp:8[m[K:
[01m[K/usr/local/include/glog/logging.h:1586:54:[m[K [01;31m[Kerror: [m[Kâ€˜[01m[KLogger[m[Kâ€™ was not declared in this scope
 1586 | extern GLOG_EXPORT void SetLogger(LogSeverity level, [01;31m[KLogger[m[K* logger);
      |                                                      [01;31m[K^~~~~~[m[K
[01m[K/usr/local/include/glog/logging.h:1586:54:[m[K [01;36m[Knote: [m[Ksuggested alternatives:
In file included from [01m[K/opt/ros/humble/include/rclcpp/rclcpp/logging.hpp:23[m[K,
                 from [01m[K/opt/ros/humble/include/rclcpp/rclcpp/client.hpp:40[m[K,
                 from [01m[K/opt/ros/humble/include/rclcpp/rclcpp/callback_group.hpp:24[m[K,
                 from [01m[K/opt/ros/humble/include/rclcpp/rclcpp/any_executable.hpp:20[m[K,
                 from [01m[K/opt/ros/humble/include/rclcpp/rclcpp/memory_strategy.hpp:25[m[K,
                 from [01m[K/opt/ros/humble/include/rclcpp/rclcpp/memory_strategies.hpp:18[m[K,
                 from [01m[K/opt/ros/humble/include/rclcpp/rclcpp/executor_options.hpp:20[m[K,
                 from [01m[K/opt/ros/humble/include/rclcpp/rclcpp/executor.hpp:37[m[K,
                 from [01m[K/opt/ros/humble/include/rclcpp/rclcpp/executors/multi_threaded_executor.hpp:25[m[K,
                 from [01m[K/opt/ros/humble/include/rclcpp/rclcpp/executors.hpp:21[m[K,
                 from [01m[K/opt/ros/humble/include/rclcpp/rclcpp/rclcpp.hpp:155[m[K,
                 from [01m[K/workspaces/DockerExample/Radar_alliance V1.0/radar_remap_cpp/src/points_subscriber.cpp:2[m[K:
[01m[K/opt/ros/humble/include/rclcpp/rclcpp/logger.hpp:91:7:[m[K [01;36m[Knote: [m[K  â€˜[01m[Krclcpp::Logger[m[Kâ€™
   91 | class [01;36m[KLogger[m[K
      |       [01;36m[K^~~~~~[m[K
In file included from [01m[K/usr/include/opencv4/opencv2/flann/kmeans_index.h:50[m[K,
                 from [01m[K/usr/include/opencv4/opencv2/flann/all_indices.h:40[m[K,
                 from [01m[K/usr/include/opencv4/opencv2/flann/flann_base.hpp:44[m[K,
                 from [01m[K/usr/include/opencv4/opencv2/flann.hpp:48[m[K,
                 from [01m[K/usr/include/opencv4/opencv2/opencv.hpp:65[m[K,
                 from [01m[K/workspaces/DockerExample/Radar_alliance V1.0/radar_remap_cpp/src/points_subscriber.cpp:5[m[K:
[01m[K/usr/include/opencv4/opencv2/flann/logger.h:45:7:[m[K [01;36m[Knote: [m[K  â€˜[01m[Kcvflann::Logger[m[Kâ€™
   45 | class [01;36m[KLogger[m[K
      |       [01;36m[K^~~~~~[m[K
In file included from [01m[K/workspaces/DockerExample/Radar_alliance V1.0/radar_remap_cpp/src/points_subscriber.cpp:8[m[K:
[01m[K/usr/local/include/glog/logging.h:1554:19:[m[K [01;36m[Knote: [m[K  â€˜[01m[Kbase::Logger[m[Kâ€™
 1554 | class GLOG_EXPORT [01;36m[KLogger[m[K {
      |                   [01;36m[K^~~~~~[m[K
[01m[K/usr/local/include/glog/logging.h:1586:62:[m[K [01;31m[Kerror: [m[Kâ€˜[01m[Klogger[m[Kâ€™ was not declared in this scope
 1586 | extern GLOG_EXPORT void SetLogger(LogSeverity level, Logger* [01;31m[Klogger[m[K);
      |                                                              [01;31m[K^~~~~~[m[K
[01m[K/usr/local/include/glog/logging.h:1588:1:[m[K [01;31m[Kerror: [m[Kexpected declaration before â€˜[01m[K}[m[Kâ€™ token
 1588 | [01;31m[K}[m[K  // namespace base
      | [01;31m[K^[m[K
[01m[K/usr/local/include/glog/logging.h:1591:30:[m[K [01;31m[Kerror: [m[Kexpected initializer before â€˜[01m[K:[m[Kâ€™ token
 1591 | class GLOG_EXPORT NullStream [01;31m[K:[m[K public LogMessage::LogStream {
      |                              [01;31m[K^[m[K
[01m[K/usr/local/include/glog/logging.h:1616:8:[m[K [01;31m[Kerror: [m[Kâ€˜[01m[KNullStream[m[Kâ€™ does not name a type
 1616 | inline [01;31m[KNullStream[m[K& operator<<(NullStream& str, const T&) {
      |        [01;31m[K^~~~~~~~~~[m[K
[01m[K/usr/local/include/glog/logging.h:1622:35:[m[K [01;31m[Kerror: [m[Kexpected initializer before â€˜[01m[K:[m[Kâ€™ token
 1622 | class GLOG_EXPORT NullStreamFatal [01;31m[K:[m[K public NullStream {
      |                                   [01;31m[K^[m[K
[01m[K/usr/local/include/glog/logging.h:1646:1:[m[K [01;31m[Kerror: [m[Ktwo or more data types in declaration of â€˜[01m[KInstallFailureSignalHandler[m[Kâ€™
 1646 | [01;31m[KGLOG_EXPORT[m[K void InstallFailureSignalHandler();
      | [01;31m[K^~~~~~~~~~~[m[K
[01m[K/usr/local/include/glog/logging.h:1649:1:[m[K [01;31m[Kerror: [m[Ktwo or more data types in declaration of â€˜[01m[KIsFailureSignalHandlerInstalled[m[Kâ€™
 1649 | [01;31m[KGLOG_EXPORT[m[K bool IsFailureSignalHandlerInstalled();
      | [01;31m[K^~~~~~~~~~~[m[K
[01m[K/usr/local/include/glog/logging.h:1655:1:[m[K [01;31m[Kerror: [m[Ktwo or more data types in declaration of â€˜[01m[KInstallFailureWriter[m[Kâ€™
 1655 | [01;31m[KGLOG_EXPORT[m[K void InstallFailureWriter(void (*writer)(const char* data,
      | [01;31m[K^~~~~~~~~~~[m[K
[01m[K/usr/local/include/glog/logging.h:1658:1:[m[K [01;31m[Kerror: [m[Kexpected declaration before â€˜[01m[K}[m[Kâ€™ token
 1658 | [01;31m[K}[m[K  // namespace google
      | [01;31m[K^[m[K
[01m[K/workspaces/DockerExample/Radar_alliance V1.0/radar_remap_cpp/src/points_subscriber.cpp:122:2:[m[K [01;31m[Kerror: [m[Kexpected â€˜[01m[K;[m[Kâ€™ after class definition
  122 | }
      |  [01;31m[K^[m[K
      |  [32m[K;[m[K
[01m[K/workspaces/DockerExample/Radar_alliance V1.0/radar_remap_cpp/src/points_subscriber.cpp:[m[K In member function â€˜[01m[Kvoid Points_subscriber::command_callback(std_msgs::msg::Float32MultiArray_<std::allocator<void> >::SharedPtr)[m[Kâ€™:
[01m[K/workspaces/DockerExample/Radar_alliance V1.0/radar_remap_cpp/src/points_subscriber.cpp:148:35:[m[K [01;35m[Kwarning: [m[Kcomparison of integer expressions of different signedness: â€˜[01m[Kint[m[Kâ€™ and â€˜[01m[Kstd::vector<float>::size_type[m[Kâ€™ {aka â€˜[01m[Klong unsigned int[m[Kâ€™} [[01;35m[K]8;;https://gcc.gnu.org/onlinedocs/gcc/Warning-Options.html#index-Wsign-compare-Wsign-compare]8;;[m[K]
  148 |                 for (int i = 0; [01;35m[Ki < msg->data.size() - 2[m[K; i += 3) {
      |                                 [01;35m[K~~^~~~~~~~~~~~~~~~~~~~~~[m[K
[01m[K/workspaces/DockerExample/Radar_alliance V1.0/radar_remap_cpp/src/points_subscriber.cpp:158:35:[m[K [01;35m[Kwarning: [m[Kcomparison of integer expressions of different signedness: â€˜[01m[Kint[m[Kâ€™ and â€˜[01m[Kstd::map<int, cv::Point_<float> >::size_type[m[Kâ€™ {aka â€˜[01m[Klong unsigned int[m[Kâ€™} [[01;35m[K]8;;https://gcc.gnu.org/onlinedocs/gcc/Warning-Options.html#index-Wsign-compare-Wsign-compare]8;;[m[K]
  158 |                 for (int i = 0; [01;35m[Ki < cars_position.size()[m[K; i++) {
      |                                 [01;35m[K~~^~~~~~~~~~~~~~~~~~~~~~[m[K
In file included from [01m[K/workspaces/DockerExample/Radar_alliance V1.0/radar_remap_cpp/src/points_subscriber.cpp:8[m[K:
/usr/local/include/glog/logging.h: In instantiation of â€˜[01m[Kstd::string* MakeCheckOpString(const T1&, const T2&, const char*) [with T1 = int; T2 = int; std::string = std::__cxx11::basic_string<char>][m[Kâ€™:
[01m[K/usr/local/include/glog/logging.h:705:1:[m[K   required from â€˜[01m[Kstd::string* Check_EQImpl(const T1&, const T2&, const char*) [with T1 = int; T2 = int; std::string = std::__cxx11::basic_string<char>][m[Kâ€™
[01m[K/usr/local/include/glog/logging.h:705:1:[m[K   required from here
[01m[K/usr/local/include/glog/logging.h:679:25:[m[K [01;31m[Kerror: [m[Kâ€˜[01m[KMakeCheckOpValueString[m[Kâ€™ was not declared in this scope; did you mean â€˜[01m[Kgoogle::MakeCheckOpValueString[m[Kâ€™?
  679 |   [01;31m[KMakeCheckOpValueString(comb.ForVar1(), v1)[m[K;
      |   [01;31m[K~~~~~~~~~~~~~~~~~~~~~~^~~~~~~~~~~~~~~~~~~~[m[K
      |   [32m[Kgoogle::MakeCheckOpValueString[m[K
[01m[K/usr/local/include/glog/logging.h:619:13:[m[K [01;36m[Knote: [m[Kâ€˜[01m[Kgoogle::MakeCheckOpValueString[m[Kâ€™ declared here
  619 | inline void [01;36m[KMakeCheckOpValueString[m[K(std::ostream* os, const T& v) {
      |             [01;36m[K^~~~~~~~~~~~~~~~~~~~~~[m[K
[01m[K/usr/local/include/glog/logging.h:680:25:[m[K [01;31m[Kerror: [m[Kâ€˜[01m[KMakeCheckOpValueString[m[Kâ€™ was not declared in this scope, and no declarations were found by argument-dependent lookup at the point of instantiation [[01;31m[K]8;;https://gcc.gnu.org/onlinedocs/gcc/Warning-Options.html#index-fpermissive-fpermissive]8;;[m[K]
  680 |   [01;31m[KMakeCheckOpValueString(comb.ForVar2(), v2)[m[K;
      |   [01;31m[K~~~~~~~~~~~~~~~~~~~~~~^~~~~~~~~~~~~~~~~~~~[m[K
gmake[2]: *** [CMakeFiles/points_subscriber.dir/build.make:76: CMakeFiles/points_subscriber.dir/src/points_subscriber.cpp.o] Error 1
gmake[1]: *** [CMakeFiles/Makefile2:137: CMakeFiles/points_subscriber.dir/all] Error 2
gmake: *** [Makefile:146: all] Error 2
