[0.057s] Invoking command in '/workspaces/DockerExample/Radar_alliance V1.0/radar_remap_cpp/build/radar_remap_cpp': CMAKE_PREFIX_PATH=${CMAKE_PREFIX_PATH}:/workspaces/DockerExample/Radar_alliance V1.0/radar_yolov5_py/install/radar_yolov5_py:/opt/ros/humble /usr/bin/cmake --build /workspaces/DockerExample/Radar_alliance V1.0/radar_remap_cpp/build/radar_remap_cpp -- -j12 -l12
[0.092s] [35m[1mConsolidate compiler generated dependencies of target points_subscriber[0m
[0.109s] [ 50%] [32mBuilding CXX object CMakeFiles/points_subscriber.dir/src/points_subscriber.cpp.o[0m
[0.328s] In file included from [01m[K/workspaces/DockerExample/Radar_alliance V1.0/radar_remap_cpp/src/points_subscriber.cpp:8[m[K:
[0.328s] [01m[K/usr/local/include/glog/flags.h:45:4:[m[K [01;31m[Kerror: [m[K#error <glog/flags.h> was not included correctly. See the documention for how to consume the library.
[0.328s]    45 | #  [01;31m[Kerror[m[K <glog/flags.h> was not included correctly. See the documention for how to consume the library.
[0.328s]       |    [01;31m[K^~~~~[m[K
[2.486s] In file included from [01m[K/workspaces/DockerExample/Radar_alliance V1.0/radar_remap_cpp/src/points_subscriber.cpp:8[m[K:
[2.486s] [01m[K/usr/local/include/glog/flags.h:105:1:[m[K [01;31m[Kerror: [m[Kâ€˜[01m[KGLOG_EXPORT[m[Kâ€™ does not name a type
[2.486s]   105 | [01;31m[KDECLARE_int32[m[K(logemaillevel);
[2.486s]       | [01;31m[K^~~~~~~~~~~~~[m[K
[2.486s] [01m[K/usr/local/include/glog/flags.h:105:1:[m[K [01;31m[Kerror: [m[Kâ€˜[01m[KFLAGS_logemaillevel[m[Kâ€™ has not been declared in â€˜[01m[KfLI[m[Kâ€™
[2.487s]   105 | [01;31m[KDECLARE_int32[m[K(logemaillevel);
[2.487s]       | [01;31m[K^~~~~~~~~~~~~[m[K
[2.488s] [01m[K/usr/local/include/glog/flags.h:106:1:[m[K [01;31m[Kerror: [m[Kâ€˜[01m[KGLOG_EXPORT[m[Kâ€™ does not name a type
[2.488s]   106 | [01;31m[KDECLARE_int32[m[K(logcleansecs);
[2.488s]       | [01;31m[K^~~~~~~~~~~~~[m[K
[2.488s] [01m[K/usr/local/include/glog/flags.h:106:1:[m[K [01;31m[Kerror: [m[Kâ€˜[01m[KFLAGS_logcleansecs[m[Kâ€™ has not been declared in â€˜[01m[KfLI[m[Kâ€™
[2.488s]   106 | [01;31m[KDECLARE_int32[m[K(logcleansecs);
[2.488s]       | [01;31m[K^~~~~~~~~~~~~[m[K
[2.489s] [01m[K/usr/local/include/glog/flags.h:109:1:[m[K [01;31m[Kerror: [m[Kâ€˜[01m[KGLOG_EXPORT[m[Kâ€™ does not name a type
[2.489s]   109 | [01;31m[KDECLARE_bool[m[K(drop_log_memory);
[2.489s]       | [01;31m[K^~~~~~~~~~~~[m[K
[2.489s] [01m[K/usr/local/include/glog/flags.h:109:1:[m[K [01;31m[Kerror: [m[Kâ€˜[01m[KFLAGS_drop_log_memory[m[Kâ€™ has not been declared in â€˜[01m[KfLB[m[Kâ€™
[2.489s]   109 | [01;31m[KDECLARE_bool[m[K(drop_log_memory);
[2.489s]       | [01;31m[K^~~~~~~~~~~~[m[K
[2.490s] [01m[K/usr/local/include/glog/flags.h:111:1:[m[K [01;31m[Kerror: [m[Kâ€˜[01m[KGLOG_EXPORT[m[Kâ€™ does not name a type
[2.490s]   111 | [01;31m[KDECLARE_string[m[K(alsologtoemail);
[2.490s]       | [01;31m[K^~~~~~~~~~~~~~[m[K
[2.491s] [01m[K/usr/local/include/glog/flags.h:111:1:[m[K [01;31m[Kerror: [m[Kâ€˜[01m[KFLAGS_alsologtoemail[m[Kâ€™ has not been declared in â€˜[01m[KfLS[m[Kâ€™
[2.491s]   111 | [01;31m[KDECLARE_string[m[K(alsologtoemail);
[2.491s]       | [01;31m[K^~~~~~~~~~~~~~[m[K
[2.492s] [01m[K/usr/local/include/glog/flags.h:112:1:[m[K [01;31m[Kerror: [m[Kâ€˜[01m[KGLOG_EXPORT[m[Kâ€™ does not name a type
[2.492s]   112 | [01;31m[KDECLARE_string[m[K(log_backtrace_at);
[2.492s]       | [01;31m[K^~~~~~~~~~~~~~[m[K
[2.492s] [01m[K/usr/local/include/glog/flags.h:112:1:[m[K [01;31m[Kerror: [m[Kâ€˜[01m[KFLAGS_log_backtrace_at[m[Kâ€™ has not been declared in â€˜[01m[KfLS[m[Kâ€™
[2.492s]   112 | [01;31m[KDECLARE_string[m[K(log_backtrace_at);
[2.492s]       | [01;31m[K^~~~~~~~~~~~~~[m[K
[2.493s] [01m[K/usr/local/include/glog/flags.h:115:1:[m[K [01;31m[Kerror: [m[Kâ€˜[01m[KGLOG_EXPORT[m[Kâ€™ does not name a type
[2.493s]   115 | [01;31m[KDECLARE_bool[m[K(timestamp_in_logfile_name);
[2.493s]       | [01;31m[K^~~~~~~~~~~~[m[K
[2.493s] [01m[K/usr/local/include/glog/flags.h:115:1:[m[K [01;31m[Kerror: [m[Kâ€˜[01m[KFLAGS_timestamp_in_logfile_name[m[Kâ€™ has not been declared in â€˜[01m[KfLB[m[Kâ€™
[2.493s]   115 | [01;31m[KDECLARE_bool[m[K(timestamp_in_logfile_name);
[2.494s]       | [01;31m[K^~~~~~~~~~~~[m[K
[2.495s] [01m[K/usr/local/include/glog/flags.h:118:1:[m[K [01;31m[Kerror: [m[Kâ€˜[01m[KGLOG_EXPORT[m[Kâ€™ does not name a type
[2.495s]   118 | [01;31m[KDECLARE_bool[m[K(logtostdout);
[2.495s]       | [01;31m[K^~~~~~~~~~~~[m[K
[2.495s] [01m[K/usr/local/include/glog/flags.h:118:1:[m[K [01;31m[Kerror: [m[Kâ€˜[01m[KFLAGS_logtostdout[m[Kâ€™ has not been declared in â€˜[01m[KfLB[m[Kâ€™
[2.495s]   118 | [01;31m[KDECLARE_bool[m[K(logtostdout);
[2.495s]       | [01;31m[K^~~~~~~~~~~~[m[K
[2.496s] [01m[K/usr/local/include/glog/flags.h:121:1:[m[K [01;31m[Kerror: [m[Kâ€˜[01m[KGLOG_EXPORT[m[Kâ€™ does not name a type
[2.496s]   121 | [01;31m[KDECLARE_bool[m[K(colorlogtostdout);
[2.497s]       | [01;31m[K^~~~~~~~~~~~[m[K
[2.497s] [01m[K/usr/local/include/glog/flags.h:121:1:[m[K [01;31m[Kerror: [m[Kâ€˜[01m[KFLAGS_colorlogtostdout[m[Kâ€™ has not been declared in â€˜[01m[KfLB[m[Kâ€™
[2.497s]   121 | [01;31m[KDECLARE_bool[m[K(colorlogtostdout);
[2.497s]       | [01;31m[K^~~~~~~~~~~~[m[K
[2.498s] [01m[K/usr/local/include/glog/flags.h:124:1:[m[K [01;31m[Kerror: [m[Kâ€˜[01m[KGLOG_EXPORT[m[Kâ€™ does not name a type
[2.498s]   124 | [01;31m[KDECLARE_bool[m[K(logtostderr);
[2.498s]       | [01;31m[K^~~~~~~~~~~~[m[K
[2.498s] [01m[K/usr/local/include/glog/flags.h:124:1:[m[K [01;31m[Kerror: [m[Kâ€˜[01m[KFLAGS_logtostderr[m[Kâ€™ has not been declared in â€˜[01m[KfLB[m[Kâ€™
[2.498s]   124 | [01;31m[KDECLARE_bool[m[K(logtostderr);
[2.498s]       | [01;31m[K^~~~~~~~~~~~[m[K
[2.499s] [01m[K/usr/local/include/glog/flags.h:127:1:[m[K [01;31m[Kerror: [m[Kâ€˜[01m[KGLOG_EXPORT[m[Kâ€™ does not name a type
[2.499s]   127 | [01;31m[KDECLARE_bool[m[K(alsologtostderr);
[2.499s]       | [01;31m[K^~~~~~~~~~~~[m[K
[2.499s] [01m[K/usr/local/include/glog/flags.h:127:1:[m[K [01;31m[Kerror: [m[Kâ€˜[01m[KFLAGS_alsologtostderr[m[Kâ€™ has not been declared in â€˜[01m[KfLB[m[Kâ€™
[2.500s]   127 | [01;31m[KDECLARE_bool[m[K(alsologtostderr);
[2.500s]       | [01;31m[K^~~~~~~~~~~~[m[K
[2.501s] [01m[K/usr/local/include/glog/flags.h:130:1:[m[K [01;31m[Kerror: [m[Kâ€˜[01m[KGLOG_EXPORT[m[Kâ€™ does not name a type
[2.501s]   130 | [01;31m[KDECLARE_bool[m[K(colorlogtostderr);
[2.501s]       | [01;31m[K^~~~~~~~~~~~[m[K
[2.501s] [01m[K/usr/local/include/glog/flags.h:130:1:[m[K [01;31m[Kerror: [m[Kâ€˜[01m[KFLAGS_colorlogtostderr[m[Kâ€™ has not been declared in â€˜[01m[KfLB[m[Kâ€™
[2.501s]   130 | [01;31m[KDECLARE_bool[m[K(colorlogtostderr);
[2.501s]       | [01;31m[K^~~~~~~~~~~~[m[K
[2.502s] [01m[K/usr/local/include/glog/flags.h:134:1:[m[K [01;31m[Kerror: [m[Kâ€˜[01m[KGLOG_EXPORT[m[Kâ€™ does not name a type
[2.502s]   134 | [01;31m[KDECLARE_int32[m[K(stderrthreshold);
[2.502s]       | [01;31m[K^~~~~~~~~~~~~[m[K
[2.502s] [01m[K/usr/local/include/glog/flags.h:134:1:[m[K [01;31m[Kerror: [m[Kâ€˜[01m[KFLAGS_stderrthreshold[m[Kâ€™ has not been declared in â€˜[01m[KfLI[m[Kâ€™
[2.502s]   134 | [01;31m[KDECLARE_int32[m[K(stderrthreshold);
[2.502s]       | [01;31m[K^~~~~~~~~~~~~[m[K
[2.504s] [01m[K/usr/local/include/glog/flags.h:137:1:[m[K [01;31m[Kerror: [m[Kâ€˜[01m[KGLOG_EXPORT[m[Kâ€™ does not name a type
[2.504s]   137 | [01;31m[KDECLARE_bool[m[K(log_file_header);
[2.504s]       | [01;31m[K^~~~~~~~~~~~[m[K
[2.504s] [01m[K/usr/local/include/glog/flags.h:137:1:[m[K [01;31m[Kerror: [m[Kâ€˜[01m[KFLAGS_log_file_header[m[Kâ€™ has not been declared in â€˜[01m[KfLB[m[Kâ€™
[2.504s]   137 | [01;31m[KDECLARE_bool[m[K(log_file_header);
[2.504s]       | [01;31m[K^~~~~~~~~~~~[m[K
[2.505s] [01m[K/usr/local/include/glog/flags.h:140:1:[m[K [01;31m[Kerror: [m[Kâ€˜[01m[KGLOG_EXPORT[m[Kâ€™ does not name a type
[2.505s]   140 | [01;31m[KDECLARE_bool[m[K(log_prefix);
[2.505s]       | [01;31m[K^~~~~~~~~~~~[m[K
[2.505s] [01m[K/usr/local/include/glog/flags.h:140:1:[m[K [01;31m[Kerror: [m[Kâ€˜[01m[KFLAGS_log_prefix[m[Kâ€™ has not been declared in â€˜[01m[KfLB[m[Kâ€™
[2.505s]   140 | [01;31m[KDECLARE_bool[m[K(log_prefix);
[2.505s]       | [01;31m[K^~~~~~~~~~~~[m[K
[2.506s] [01m[K/usr/local/include/glog/flags.h:143:1:[m[K [01;31m[Kerror: [m[Kâ€˜[01m[KGLOG_EXPORT[m[Kâ€™ does not name a type
[2.506s]   143 | [01;31m[KDECLARE_bool[m[K(log_year_in_prefix);
[2.506s]       | [01;31m[K^~~~~~~~~~~~[m[K
[2.507s] [01m[K/usr/local/include/glog/flags.h:143:1:[m[K [01;31m[Kerror: [m[Kâ€˜[01m[KFLAGS_log_year_in_prefix[m[Kâ€™ has not been declared in â€˜[01m[KfLB[m[Kâ€™
[2.507s]   143 | [01;31m[KDECLARE_bool[m[K(log_year_in_prefix);
[2.507s]       | [01;31m[K^~~~~~~~~~~~[m[K
[2.508s] [01m[K/usr/local/include/glog/flags.h:147:1:[m[K [01;31m[Kerror: [m[Kâ€˜[01m[KGLOG_EXPORT[m[Kâ€™ does not name a type
[2.508s]   147 | [01;31m[KDECLARE_int32[m[K(logbuflevel);
[2.508s]       | [01;31m[K^~~~~~~~~~~~~[m[K
[2.508s] [01m[K/usr/local/include/glog/flags.h:147:1:[m[K [01;31m[Kerror: [m[Kâ€˜[01m[KFLAGS_logbuflevel[m[Kâ€™ has not been declared in â€˜[01m[KfLI[m[Kâ€™
[2.508s]   147 | [01;31m[KDECLARE_int32[m[K(logbuflevel);
[2.508s]       | [01;31m[K^~~~~~~~~~~~~[m[K
[2.509s] [01m[K/usr/local/include/glog/flags.h:150:1:[m[K [01;31m[Kerror: [m[Kâ€˜[01m[KGLOG_EXPORT[m[Kâ€™ does not name a type
[2.509s]   150 | [01;31m[KDECLARE_int32[m[K(logbufsecs);
[2.509s]       | [01;31m[K^~~~~~~~~~~~~[m[K
[2.509s] [01m[K/usr/local/include/glog/flags.h:150:1:[m[K [01;31m[Kerror: [m[Kâ€˜[01m[KFLAGS_logbufsecs[m[Kâ€™ has not been declared in â€˜[01m[KfLI[m[Kâ€™
[2.509s]   150 | [01;31m[KDECLARE_int32[m[K(logbufsecs);
[2.510s]       | [01;31m[K^~~~~~~~~~~~~[m[K
[2.511s] [01m[K/usr/local/include/glog/flags.h:154:1:[m[K [01;31m[Kerror: [m[Kâ€˜[01m[KGLOG_EXPORT[m[Kâ€™ does not name a type
[2.511s]   154 | [01;31m[KDECLARE_int32[m[K(minloglevel);
[2.511s]       | [01;31m[K^~~~~~~~~~~~~[m[K
[2.511s] [01m[K/usr/local/include/glog/flags.h:154:1:[m[K [01;31m[Kerror: [m[Kâ€˜[01m[KFLAGS_minloglevel[m[Kâ€™ has not been declared in â€˜[01m[KfLI[m[Kâ€™
[2.511s]   154 | [01;31m[KDECLARE_int32[m[K(minloglevel);
[2.511s]       | [01;31m[K^~~~~~~~~~~~~[m[K
[2.512s] [01m[K/usr/local/include/glog/flags.h:158:1:[m[K [01;31m[Kerror: [m[Kâ€˜[01m[KGLOG_EXPORT[m[Kâ€™ does not name a type
[2.512s]   158 | [01;31m[KDECLARE_string[m[K(log_dir);
[2.512s]       | [01;31m[K^~~~~~~~~~~~~~[m[K
[2.512s] [01m[K/usr/local/include/glog/flags.h:158:1:[m[K [01;31m[Kerror: [m[Kâ€˜[01m[KFLAGS_log_dir[m[Kâ€™ has not been declared in â€˜[01m[KfLS[m[Kâ€™
[2.513s]   158 | [01;31m[KDECLARE_string[m[K(log_dir);
[2.513s]       | [01;31m[K^~~~~~~~~~~~~~[m[K
[2.514s] [01m[K/usr/local/include/glog/flags.h:161:1:[m[K [01;31m[Kerror: [m[Kâ€˜[01m[KGLOG_EXPORT[m[Kâ€™ does not name a type
[2.514s]   161 | [01;31m[KDECLARE_int32[m[K(logfile_mode);
[2.514s]       | [01;31m[K^~~~~~~~~~~~~[m[K
[2.514s] [01m[K/usr/local/include/glog/flags.h:161:1:[m[K [01;31m[Kerror: [m[Kâ€˜[01m[KFLAGS_logfile_mode[m[Kâ€™ has not been declared in â€˜[01m[KfLI[m[Kâ€™
[2.514s]   161 | [01;31m[KDECLARE_int32[m[K(logfile_mode);
[2.514s]       | [01;31m[K^~~~~~~~~~~~~[m[K
[2.515s] [01m[K/usr/local/include/glog/flags.h:165:1:[m[K [01;31m[Kerror: [m[Kâ€˜[01m[KGLOG_EXPORT[m[Kâ€™ does not name a type
[2.515s]   165 | [01;31m[KDECLARE_string[m[K(log_link);
[2.515s]       | [01;31m[K^~~~~~~~~~~~~~[m[K
[2.515s] [01m[K/usr/local/include/glog/flags.h:165:1:[m[K [01;31m[Kerror: [m[Kâ€˜[01m[KFLAGS_log_link[m[Kâ€™ has not been declared in â€˜[01m[KfLS[m[Kâ€™
[2.516s]   165 | [01;31m[KDECLARE_string[m[K(log_link);
[2.516s]       | [01;31m[K^~~~~~~~~~~~~~[m[K
[2.517s] [01m[K/usr/local/include/glog/flags.h:167:1:[m[K [01;31m[Kerror: [m[Kâ€˜[01m[KGLOG_EXPORT[m[Kâ€™ does not name a type
[2.517s]   167 | [01;31m[KDECLARE_int32[m[K(v);  // in vlog_is_on.cc
[2.517s]       | [01;31m[K^~~~~~~~~~~~~[m[K
[2.517s] [01m[K/usr/local/include/glog/flags.h:167:1:[m[K [01;31m[Kerror: [m[Kâ€˜[01m[KFLAGS_v[m[Kâ€™ has not been declared in â€˜[01m[KfLI[m[Kâ€™
[2.517s]   167 | [01;31m[KDECLARE_int32[m[K(v);  // in vlog_is_on.cc
[2.517s]       | [01;31m[K^~~~~~~~~~~~~[m[K
[2.518s] [01m[K/usr/local/include/glog/flags.h:169:1:[m[K [01;31m[Kerror: [m[Kâ€˜[01m[KGLOG_EXPORT[m[Kâ€™ does not name a type
[2.518s]   169 | [01;31m[KDECLARE_string[m[K(vmodule);  // also in vlog_is_on.cc
[2.518s]       | [01;31m[K^~~~~~~~~~~~~~[m[K
[2.518s] [01m[K/usr/local/include/glog/flags.h:169:1:[m[K [01;31m[Kerror: [m[Kâ€˜[01m[KFLAGS_vmodule[m[Kâ€™ has not been declared in â€˜[01m[KfLS[m[Kâ€™
[2.518s]   169 | [01;31m[KDECLARE_string[m[K(vmodule);  // also in vlog_is_on.cc
[2.518s]       | [01;31m[K^~~~~~~~~~~~~~[m[K
[2.520s] [01m[K/usr/local/include/glog/flags.h:172:1:[m[K [01;31m[Kerror: [m[Kâ€˜[01m[KGLOG_EXPORT[m[Kâ€™ does not name a type
[2.520s]   172 | [01;31m[KDECLARE_uint32[m[K(max_log_size);
[2.520s]       | [01;31m[K^~~~~~~~~~~~~~[m[K
[2.520s] [01m[K/usr/local/include/glog/flags.h:172:1:[m[K [01;31m[Kerror: [m[Kâ€˜[01m[KFLAGS_max_log_size[m[Kâ€™ has not been declared in â€˜[01m[KfLU[m[Kâ€™
[2.520s]   172 | [01;31m[KDECLARE_uint32[m[K(max_log_size);
[2.520s]       | [01;31m[K^~~~~~~~~~~~~~[m[K
[2.521s] [01m[K/usr/local/include/glog/flags.h:175:1:[m[K [01;31m[Kerror: [m[Kâ€˜[01m[KGLOG_EXPORT[m[Kâ€™ does not name a type
[2.521s]   175 | [01;31m[KDECLARE_bool[m[K(stop_logging_if_full_disk);
[2.521s]       | [01;31m[K^~~~~~~~~~~~[m[K
[2.521s] [01m[K/usr/local/include/glog/flags.h:175:1:[m[K [01;31m[Kerror: [m[Kâ€˜[01m[KFLAGS_stop_logging_if_full_disk[m[Kâ€™ has not been declared in â€˜[01m[KfLB[m[Kâ€™
[2.521s]   175 | [01;31m[KDECLARE_bool[m[K(stop_logging_if_full_disk);
[2.521s]       | [01;31m[K^~~~~~~~~~~~[m[K
[2.522s] [01m[K/usr/local/include/glog/flags.h:178:1:[m[K [01;31m[Kerror: [m[Kâ€˜[01m[KGLOG_EXPORT[m[Kâ€™ does not name a type
[2.522s]   178 | [01;31m[KDECLARE_bool[m[K(log_utc_time);
[2.523s]       | [01;31m[K^~~~~~~~~~~~[m[K
[2.523s] [01m[K/usr/local/include/glog/flags.h:178:1:[m[K [01;31m[Kerror: [m[Kâ€˜[01m[KFLAGS_log_utc_time[m[Kâ€™ has not been declared in â€˜[01m[KfLB[m[Kâ€™
[2.523s]   178 | [01;31m[KDECLARE_bool[m[K(log_utc_time);
[2.523s]       | [01;31m[K^~~~~~~~~~~~[m[K
[2.524s] [01m[K/usr/local/include/glog/flags.h:181:1:[m[K [01;31m[Kerror: [m[Kâ€˜[01m[KGLOG_EXPORT[m[Kâ€™ does not name a type
[2.524s]   181 | [01;31m[KDECLARE_string[m[K(logmailer);
[2.524s]       | [01;31m[K^~~~~~~~~~~~~~[m[K
[2.524s] [01m[K/usr/local/include/glog/flags.h:181:1:[m[K [01;31m[Kerror: [m[Kâ€˜[01m[KFLAGS_logmailer[m[Kâ€™ has not been declared in â€˜[01m[KfLS[m[Kâ€™
[2.524s]   181 | [01;31m[KDECLARE_string[m[K(logmailer);
[2.524s]       | [01;31m[K^~~~~~~~~~~~~~[m[K
[2.525s] [01m[K/usr/local/include/glog/flags.h:183:1:[m[K [01;31m[Kerror: [m[Kâ€˜[01m[KGLOG_EXPORT[m[Kâ€™ does not name a type
[2.525s]   183 | [01;31m[KDECLARE_bool[m[K(symbolize_stacktrace);
[2.525s]       | [01;31m[K^~~~~~~~~~~~[m[K
[2.525s] [01m[K/usr/local/include/glog/flags.h:183:1:[m[K [01;31m[Kerror: [m[Kâ€˜[01m[KFLAGS_symbolize_stacktrace[m[Kâ€™ has not been declared in â€˜[01m[KfLB[m[Kâ€™
[2.526s]   183 | [01;31m[KDECLARE_bool[m[K(symbolize_stacktrace);
[2.526s]       | [01;31m[K^~~~~~~~~~~~[m[K
[2.536s] [01m[K/workspaces/DockerExample/Radar_alliance V1.0/radar_remap_cpp/src/points_subscriber.cpp:122:2:[m[K [01;31m[Kerror: [m[Kexpected â€˜[01m[K;[m[Kâ€™ after class definition
[2.536s]   122 | }
[2.536s]       |  [01;31m[K^[m[K
[2.536s]       |  [32m[K;[m[K
[2.580s] [01m[K/workspaces/DockerExample/Radar_alliance V1.0/radar_remap_cpp/src/points_subscriber.cpp:[m[K In member function â€˜[01m[Kvoid Points_subscriber::command_callback(std_msgs::msg::Float32MultiArray_<std::allocator<void> >::SharedPtr)[m[Kâ€™:
[2.580s] [01m[K/workspaces/DockerExample/Radar_alliance V1.0/radar_remap_cpp/src/points_subscriber.cpp:148:35:[m[K [01;35m[Kwarning: [m[Kcomparison of integer expressions of different signedness: â€˜[01m[Kint[m[Kâ€™ and â€˜[01m[Kstd::vector<float>::size_type[m[Kâ€™ {aka â€˜[01m[Klong unsigned int[m[Kâ€™} [[01;35m[K]8;;https://gcc.gnu.org/onlinedocs/gcc/Warning-Options.html#index-Wsign-compare-Wsign-compare]8;;[m[K]
[2.580s]   148 |                 for (int i = 0; [01;35m[Ki < msg->data.size() - 2[m[K; i += 3) {
[2.580s]       |                                 [01;35m[K~~^~~~~~~~~~~~~~~~~~~~~~[m[K
[2.580s] [01m[K/workspaces/DockerExample/Radar_alliance V1.0/radar_remap_cpp/src/points_subscriber.cpp:158:35:[m[K [01;35m[Kwarning: [m[Kcomparison of integer expressions of different signedness: â€˜[01m[Kint[m[Kâ€™ and â€˜[01m[Kstd::map<int, cv::Point_<float> >::size_type[m[Kâ€™ {aka â€˜[01m[Klong unsigned int[m[Kâ€™} [[01;35m[K]8;;https://gcc.gnu.org/onlinedocs/gcc/Warning-Options.html#index-Wsign-compare-Wsign-compare]8;;[m[K]
[2.581s]   158 |                 for (int i = 0; [01;35m[Ki < cars_position.size()[m[K; i++) {
[2.581s]       |                                 [01;35m[K~~^~~~~~~~~~~~~~~~~~~~~~[m[K
[4.839s] gmake[2]: *** [CMakeFiles/points_subscriber.dir/build.make:76: CMakeFiles/points_subscriber.dir/src/points_subscriber.cpp.o] Error 1
[4.839s] gmake[1]: *** [CMakeFiles/Makefile2:137: CMakeFiles/points_subscriber.dir/all] Error 2
[4.839s] gmake: *** [Makefile:146: all] Error 2
[4.841s] Invoked command in '/workspaces/DockerExample/Radar_alliance V1.0/radar_remap_cpp/build/radar_remap_cpp' returned '2': CMAKE_PREFIX_PATH=${CMAKE_PREFIX_PATH}:/workspaces/DockerExample/Radar_alliance V1.0/radar_yolov5_py/install/radar_yolov5_py:/opt/ros/humble /usr/bin/cmake --build /workspaces/DockerExample/Radar_alliance V1.0/radar_remap_cpp/build/radar_remap_cpp -- -j12 -l12
